Compiling tests/ffi/abi_specific_int_incomplete_aot_test.dart
Info: Compiling with sound null safety.

Error: error: AbiSpecificInteger 'Incomplete' is missing mapping for 'macos_arm64'.
Error: AOT compilation failed
Generating AOT snapshot failed!

Compile Failed: tests/ffi/abi_specific_int_incomplete_aot_test.dart
Compiling tests/ffi/abi_specific_int_incomplete_jit_test.dart
Info: Compiling with sound null safety.

Error: error: AbiSpecificInteger 'Incomplete' is missing mapping for 'macos_arm64'.
Error: AOT compilation failed
Generating AOT snapshot failed!

Compile Failed: tests/ffi/abi_specific_int_incomplete_jit_test.dart
Compiling tests/ffi/abi_specific_int_test.dart
Running tests/ffi/abi_specific_int_test.dart
Passed: tests/ffi/abi_specific_int_test.dart
Compiling tests/ffi/abi_test.dart
Running tests/ffi/abi_test.dart

Unhandled exception:
Expect.equals(expected: <macos_simarm64>, actual: <macos_arm64>) fails.
#0      Expect._fail (package:expect/expect.dart:696)
#1      Expect.equals (package:expect/expect.dart:117)
#2      testPlatformVersionCompatibility (file:///Users/eseidel/Documents/GitHub/dart-sdk/sdk/tests/ffi/abi_test.dart:23)
#3      main (file:///Users/eseidel/Documents/GitHub/dart-sdk/sdk/tests/ffi/abi_test.dart:12)
#4      _delayEntrypointInvocation.<anonymous closure> (dart:isolate-patch/isolate_patch.dart:296)
#5      _RawReceivePort._handleMessage (dart:isolate-patch/isolate_patch.dart:189)

Failed: tests/ffi/abi_test.dart
Compiling tests/ffi/aliasing_test.dart
Running tests/ffi/aliasing_test.dart
Passed: tests/ffi/aliasing_test.dart
Compiling tests/ffi/allocator_test.dart
Running tests/ffi/allocator_test.dart
Passed: tests/ffi/allocator_test.dart
Compiling tests/ffi/bool_test.dart
Running tests/ffi/bool_test.dart
Passed: tests/ffi/bool_test.dart
Compiling tests/ffi/c_types_test.dart
Running tests/ffi/c_types_test.dart
Passed: tests/ffi/c_types_test.dart
Compiling tests/ffi/calloc_test.dart
Running tests/ffi/calloc_test.dart
Passed: tests/ffi/calloc_test.dart
Compiling tests/ffi/data_not_asan_test.dart
Running tests/ffi/data_not_asan_test.dart
Passed: tests/ffi/data_not_asan_test.dart
Compiling tests/ffi/data_test.dart
Running tests/ffi/data_test.dart
Passed: tests/ffi/data_test.dart
Compiling tests/ffi/dylib_isolates_test.dart
Running tests/ffi/dylib_isolates_test.dart
Passed: tests/ffi/dylib_isolates_test.dart
Compiling tests/ffi/expando_test.dart
Running tests/ffi/expando_test.dart
Passed: tests/ffi/expando_test.dart
Compiling tests/ffi/extension_methods_test.dart
Running tests/ffi/extension_methods_test.dart
Passed: tests/ffi/extension_methods_test.dart
Compiling tests/ffi/external_typed_data_test.dart
Running tests/ffi/external_typed_data_test.dart
Passed: tests/ffi/external_typed_data_test.dart
Compiling tests/ffi/ffi_callback_unique_test.dart
Running tests/ffi/ffi_callback_unique_test.dart

Unhandled exception:
Expect.equals(expected: <4386989276>, actual: <4387120348>) fails.
#0      Expect._fail (package:expect/expect.dart:696)
#1      Expect.equals (package:expect/expect.dart:120)
#2      ensureEqualEntries (file:///Users/eseidel/Documents/GitHub/dart-sdk/sdk/tests/ffi/ffi_callback_unique_test.dart:34)
#3      main (file:///Users/eseidel/Documents/GitHub/dart-sdk/sdk/tests/ffi/ffi_callback_unique_test.dart:23)
#4      _delayEntrypointInvocation.<anonymous closure> (dart:isolate-patch/isolate_patch.dart:296)
#5      _RawReceivePort._handleMessage (dart:isolate-patch/isolate_patch.dart:189)

Failed: tests/ffi/ffi_callback_unique_test.dart
Compiling tests/ffi/ffi_native_test.dart
Running tests/ffi/ffi_native_test.dart
Passed: tests/ffi/ffi_native_test.dart
Compiling tests/ffi/finalizer_external_size_accounting_test.dart
Running tests/ffi/finalizer_external_size_accounting_test.dart
Passed: tests/ffi/finalizer_external_size_accounting_test.dart
Compiling tests/ffi/function_callbacks_many_test.dart
Running tests/ffi/function_callbacks_many_test.dart
Passed: tests/ffi/function_callbacks_many_test.dart
Compiling tests/ffi/function_callbacks_structs_by_value_generated_test.dart
Running tests/ffi/function_callbacks_structs_by_value_generated_test.dart
==== Running PassStruct1ByteIntx10
Calling TestPassStruct1ByteIntx10(((-1), (2), (-3), (4), (-5), (6), (-7), (8), (-9), (10)))
passStruct1ByteIntx10((-1), (2), (-3), (4), (-5), (6), (-7), (8), (-9), (10))
result = 5
result = 5
passStruct1ByteIntx10((42), (2), (-3), (4), (-5), (6), (-7), (8), (-9), (10))
throwing!
passStruct1ByteIntx10((84), (2), (-3), (4), (-5), (6), (-7), (8), (-9), (10))
throwing!
after callback result = 5
==== Running PassStruct3BytesHomogeneousUint8x10
Calling TestPassStruct3BytesHomogeneousUint8x10(((1, 2, 3), (4, 5, 6), (7, 8, 9), (10, 11, 12), (13, 14, 15), (16, 17, 18), (19, 20, 21), (22, 23, 24), (25, 26, 27), (28, 29, 30)))
passStruct3BytesHomogeneousUint8x10((1, 2, 3), (4, 5, 6), (7, 8, 9), (10, 11, 12), (13, 14, 15), (16, 17, 18), (19, 20, 21), (22, 23, 24), (25, 26, 27), (28, 29, 30))
result = 465
result = 465
passStruct3BytesHomogeneousUint8x10((42, 2, 3), (4, 5, 6), (7, 8, 9), (10, 11, 12), (13, 14, 15), (16, 17, 18), (19, 20, 21), (22, 23, 24), (25, 26, 27), (28, 29, 30))
throwing!
passStruct3BytesHomogeneousUint8x10((84, 2, 3), (4, 5, 6), (7, 8, 9), (10, 11, 12), (13, 14, 15), (16, 17, 18), (19, 20, 21), (22, 23, 24), (25, 26, 27), (28, 29, 30))
throwing!
after callback result = 465
==== Running PassStruct3BytesInt2ByteAlignedx10
Calling TestPassStruct3BytesInt2ByteAlignedx10(((-1, 2), (-3, 4), (-5, 6), (-7, 8), (-9, 10), (-11, 12), (-13, 14), (-15, 16), (-17, 18), (-19, 20)))
passStruct3BytesInt2ByteAlignedx10((-1, 2), (-3, 4), (-5, 6), (-7, 8), (-9, 10), (-11, 12), (-13, 14), (-15, 16), (-17, 18), (-19, 20))
result = 10
result = 10
passStruct3BytesInt2ByteAlignedx10((42, 2), (-3, 4), (-5, 6), (-7, 8), (-9, 10), (-11, 12), (-13, 14), (-15, 16), (-17, 18), (-19, 20))
throwing!
passStruct3BytesInt2ByteAlignedx10((84, 2), (-3, 4), (-5, 6), (-7, 8), (-9, 10), (-11, 12), (-13, 14), (-15, 16), (-17, 18), (-19, 20))
throwing!
after callback result = 10
==== Running PassStruct4BytesHomogeneousInt16x10
Calling TestPassStruct4BytesHomogeneousInt16x10(((-1, 2), (-3, 4), (-5, 6), (-7, 8), (-9, 10), (-11, 12), (-13, 14), (-15, 16), (-17, 18), (-19, 20)))
passStruct4BytesHomogeneousInt16x10((-1, 2), (-3, 4), (-5, 6), (-7, 8), (-9, 10), (-11, 12), (-13, 14), (-15, 16), (-17, 18), (-19, 20))
result = 10
result = 10
passStruct4BytesHomogeneousInt16x10((42, 2), (-3, 4), (-5, 6), (-7, 8), (-9, 10), (-11, 12), (-13, 14), (-15, 16), (-17, 18), (-19, 20))
throwing!
passStruct4BytesHomogeneousInt16x10((84, 2), (-3, 4), (-5, 6), (-7, 8), (-9, 10), (-11, 12), (-13, 14), (-15, 16), (-17, 18), (-19, 20))
throwing!
after callback result = 10
==== Running PassStruct7BytesHomogeneousUint8x10
Calling TestPassStruct7BytesHomogeneousUint8x10(((1, 2, 3, 4, 5, 6, 7), (8, 9, 10, 11, 12, 13, 14), (15, 16, 17, 18, 19, 20, 21), (22, 23, 24, 25, 26, 27, 28), (29, 30, 31, 32, 33, 34, 35), (36, 37, 38, 39, 40, 41, 42), (43, 44, 45, 46, 47, 48, 49), (50, 51, 52, 53, 54, 55, 56), (57, 58, 59, 60, 61, 62, 63), (64, 65, 66, 67, 68, 69, 70)))
passStruct7BytesHomogeneousUint8x10((1, 2, 3, 4, 5, 6, 7), (8, 9, 10, 11, 12, 13, 14), (15, 16, 17, 18, 19, 20, 21), (22, 23, 24, 25, 26, 27, 28), (29, 30, 31, 32, 33, 34, 35), (36, 37, 38, 39, 40, 41, 42), (43, 44, 45, 46, 47, 48, 49), (50, 51, 52, 53, 54, 55, 56), (57, 58, 59, 60, 61, 62, 63), (64, 65, 66, 67, 68, 69, 70))
result = 2485
result = 2485
passStruct7BytesHomogeneousUint8x10((42, 2, 3, 4, 5, 6, 7), (8, 9, 10, 11, 12, 13, 14), (15, 16, 17, 18, 19, 20, 21), (22, 23, 24, 25, 26, 27, 28), (29, 30, 31, 32, 33, 34, 35), (36, 37, 38, 39, 40, 41, 42), (43, 44, 45, 46, 47, 48, 49), (50, 51, 52, 53, 54, 55, 56), (57, 58, 59, 60, 61, 62, 63), (64, 65, 66, 67, 68, 69, 70))
throwing!
passStruct7BytesHomogeneousUint8x10((84, 2, 3, 4, 5, 6, 7), (8, 9, 10, 11, 12, 13, 14), (15, 16, 17, 18, 19, 20, 21), (22, 23, 24, 25, 26, 27, 28), (29, 30, 31, 32, 33, 34, 35), (36, 37, 38, 39, 40, 41, 42), (43, 44, 45, 46, 47, 48, 49), (50, 51, 52, 53, 54, 55, 56), (57, 58, 59, 60, 61, 62, 63), (64, 65, 66, 67, 68, 69, 70))
throwing!
after callback result = 2485
==== Running PassStruct7BytesInt4ByteAlignedx10
Calling TestPassStruct7BytesInt4ByteAlignedx10(((-1, 2, -3), (4, -5, 6), (-7, 8, -9), (10, -11, 12), (-13, 14, -15), (16, -17, 18), (-19, 20, -21), (22, -23, 24), (-25, 26, -27), (28, -29, 30)))
passStruct7BytesInt4ByteAlignedx10((-1, 2, -3), (4, -5, 6), (-7, 8, -9), (10, -11, 12), (-13, 14, -15), (16, -17, 18), (-19, 20, -21), (22, -23, 24), (-25, 26, -27), (28, -29, 30))
result = 15
result = 15
passStruct7BytesInt4ByteAlignedx10((42, 2, -3), (4, -5, 6), (-7, 8, -9), (10, -11, 12), (-13, 14, -15), (16, -17, 18), (-19, 20, -21), (22, -23, 24), (-25, 26, -27), (28, -29, 30))
throwing!
passStruct7BytesInt4ByteAlignedx10((84, 2, -3), (4, -5, 6), (-7, 8, -9), (10, -11, 12), (-13, 14, -15), (16, -17, 18), (-19, 20, -21), (22, -23, 24), (-25, 26, -27), (28, -29, 30))
throwing!
after callback result = 15
==== Running PassStruct8BytesIntx10
Calling TestPassStruct8BytesIntx10(((-1, 2, -3), (4, -5, 6), (-7, 8, -9), (10, -11, 12), (-13, 14, -15), (16, -17, 18), (-19, 20, -21), (22, -23, 24), (-25, 26, -27), (28, -29, 30)))
passStruct8BytesIntx10((-1, 2, -3), (4, -5, 6), (-7, 8, -9), (10, -11, 12), (-13, 14, -15), (16, -17, 18), (-19, 20, -21), (22, -23, 24), (-25, 26, -27), (28, -29, 30))
result = 15
result = 15
passStruct8BytesIntx10((42, 2, -3), (4, -5, 6), (-7, 8, -9), (10, -11, 12), (-13, 14, -15), (16, -17, 18), (-19, 20, -21), (22, -23, 24), (-25, 26, -27), (28, -29, 30))
throwing!
passStruct8BytesIntx10((84, 2, -3), (4, -5, 6), (-7, 8, -9), (10, -11, 12), (-13, 14, -15), (16, -17, 18), (-19, 20, -21), (22, -23, 24), (-25, 26, -27), (28, -29, 30))
throwing!
after callback result = 15
==== Running PassStruct8BytesHomogeneousFloatx10
Calling TestPassStruct8BytesHomogeneousFloatx10(((-1, 2), (-3, 4), (-5, 6), (-7, 8), (-9, 10), (-11, 12), (-13, 14), (-15, 16), (-17, 18), (-19, 20)))
passStruct8BytesHomogeneousFloatx10((-1.0, 2.0), (-3.0, 4.0), (-5.0, 6.0), (-7.0, 8.0), (-9.0, 10.0), (-11.0, 12.0), (-13.0, 14.0), (-15.0, 16.0), (-17.0, 18.0), (-19.0, 20.0))
result = 10.0
result = 10
passStruct8BytesHomogeneousFloatx10((42.0, 2.0), (-3.0, 4.0), (-5.0, 6.0), (-7.0, 8.0), (-9.0, 10.0), (-11.0, 12.0), (-13.0, 14.0), (-15.0, 16.0), (-17.0, 18.0), (-19.0, 20.0))
throwing!
passStruct8BytesHomogeneousFloatx10((84.0, 2.0), (-3.0, 4.0), (-5.0, 6.0), (-7.0, 8.0), (-9.0, 10.0), (-11.0, 12.0), (-13.0, 14.0), (-15.0, 16.0), (-17.0, 18.0), (-19.0, 20.0))
throwing!
after callback result = 10.0
==== Running PassStruct8BytesMixedx10
Calling TestPassStruct8BytesMixedx10(((-1, 2, -3), (4, -5, 6), (-7, 8, -9), (10, -11, 12), (-13, 14, -15), (16, -17, 18), (-19, 20, -21), (22, -23, 24), (-25, 26, -27), (28, -29, 30)))
passStruct8BytesMixedx10((-1.0, 2, -3), (4.0, -5, 6), (-7.0, 8, -9), (10.0, -11, 12), (-13.0, 14, -15), (16.0, -17, 18), (-19.0, 20, -21), (22.0, -23, 24), (-25.0, 26, -27), (28.0, -29, 30))
result = 15.0
result = 15
passStruct8BytesMixedx10((42.0, 2, -3), (4.0, -5, 6), (-7.0, 8, -9), (10.0, -11, 12), (-13.0, 14, -15), (16.0, -17, 18), (-19.0, 20, -21), (22.0, -23, 24), (-25.0, 26, -27), (28.0, -29, 30))
throwing!
passStruct8BytesMixedx10((84.0, 2, -3), (4.0, -5, 6), (-7.0, 8, -9), (10.0, -11, 12), (-13.0, 14, -15), (16.0, -17, 18), (-19.0, 20, -21), (22.0, -23, 24), (-25.0, 26, -27), (28.0, -29, 30))
throwing!
after callback result = 15.0
==== Running PassStruct9BytesHomogeneousUint8x10
Calling TestPassStruct9BytesHomogeneousUint8x10(((1, 2, 3, 4, 5, 6, 7, 8, 9), (10, 11, 12, 13, 14, 15, 16, 17, 18), (19, 20, 21, 22, 23, 24, 25, 26, 27), (28, 29, 30, 31, 32, 33, 34, 35, 36), (37, 38, 39, 40, 41, 42, 43, 44, 45), (46, 47, 48, 49, 50, 51, 52, 53, 54), (55, 56, 57, 58, 59, 60, 61, 62, 63), (64, 65, 66, 67, 68, 69, 70, 71, 72), (73, 74, 75, 76, 77, 78, 79, 80, 81), (82, 83, 84, 85, 86, 87, 88, 89, 90)))
passStruct9BytesHomogeneousUint8x10((1, 2, 3, 4, 5, 6, 7, 8, 9), (10, 11, 12, 13, 14, 15, 16, 17, 18), (19, 20, 21, 22, 23, 24, 25, 26, 27), (28, 29, 30, 31, 32, 33, 34, 35, 36), (37, 38, 39, 40, 41, 42, 43, 44, 45), (46, 47, 48, 49, 50, 51, 52, 53, 54), (55, 56, 57, 58, 59, 60, 61, 62, 63), (64, 65, 66, 67, 68, 69, 70, 71, 72), (73, 74, 75, 76, 77, 78, 79, 80, 81), (82, 83, 84, 85, 86, 87, 88, 89, 90))
result = 4095
result = 4095
passStruct9BytesHomogeneousUint8x10((42, 2, 3, 4, 5, 6, 7, 8, 9), (10, 11, 12, 13, 14, 15, 16, 17, 18), (19, 20, 21, 22, 23, 24, 25, 26, 27), (28, 29, 30, 31, 32, 33, 34, 35, 36), (37, 38, 39, 40, 41, 42, 43, 44, 45), (46, 47, 48, 49, 50, 51, 52, 53, 54), (55, 56, 57, 58, 59, 60, 61, 62, 63), (64, 65, 66, 67, 68, 69, 70, 71, 72), (73, 74, 75, 76, 77, 78, 79, 80, 81), (82, 83, 84, 85, 86, 87, 88, 89, 90))
throwing!
passStruct9BytesHomogeneousUint8x10((84, 2, 3, 4, 5, 6, 7, 8, 9), (10, 11, 12, 13, 14, 15, 16, 17, 18), (19, 20, 21, 22, 23, 24, 25, 26, 27), (28, 29, 30, 31, 32, 33, 34, 35, 36), (37, 38, 39, 40, 41, 42, 43, 44, 45), (46, 47, 48, 49, 50, 51, 52, 53, 54), (55, 56, 57, 58, 59, 60, 61, 62, 63), (64, 65, 66, 67, 68, 69, 70, 71, 72), (73, 74, 75, 76, 77, 78, 79, 80, 81), (82, 83, 84, 85, 86, 87, 88, 89, 90))
throwing!
after callback result = 4095
==== Running PassStruct9BytesInt4Or8ByteAlignedx10
Calling TestPassStruct9BytesInt4Or8ByteAlignedx10(((-1, 2), (-3, 4), (-5, 6), (-7, 8), (-9, 10), (-11, 12), (-13, 14), (-15, 16), (-17, 18), (-19, 20)))
passStruct9BytesInt4Or8ByteAlignedx10((-1, 2), (-3, 4), (-5, 6), (-7, 8), (-9, 10), (-11, 12), (-13, 14), (-15, 16), (-17, 18), (-19, 20))
result = 10
result = 10
passStruct9BytesInt4Or8ByteAlignedx10((42, 2), (-3, 4), (-5, 6), (-7, 8), (-9, 10), (-11, 12), (-13, 14), (-15, 16), (-17, 18), (-19, 20))
throwing!
passStruct9BytesInt4Or8ByteAlignedx10((84, 2), (-3, 4), (-5, 6), (-7, 8), (-9, 10), (-11, 12), (-13, 14), (-15, 16), (-17, 18), (-19, 20))
throwing!
after callback result = 10
==== Running PassStruct12BytesHomogeneousFloatx6
Calling TestPassStruct12BytesHomogeneousFloatx6(((-1, 2, -3), (4, -5, 6), (-7, 8, -9), (10, -11, 12), (-13, 14, -15), (16, -17, 18)))
passStruct12BytesHomogeneousFloatx6((-1.0, 2.0, -3.0), (4.0, -5.0, 6.0), (-7.0, 8.0, -9.0), (10.0, -11.0, 12.0), (-13.0, 14.0, -15.0), (16.0, -17.0, 18.0))
result = 9.0
result = 9
passStruct12BytesHomogeneousFloatx6((42.0, 2.0, -3.0), (4.0, -5.0, 6.0), (-7.0, 8.0, -9.0), (10.0, -11.0, 12.0), (-13.0, 14.0, -15.0), (16.0, -17.0, 18.0))
throwing!
passStruct12BytesHomogeneousFloatx6((84.0, 2.0, -3.0), (4.0, -5.0, 6.0), (-7.0, 8.0, -9.0), (10.0, -11.0, 12.0), (-13.0, 14.0, -15.0), (16.0, -17.0, 18.0))
throwing!
after callback result = 9.0
==== Running PassStruct16BytesHomogeneousFloatx5
Calling TestPassStruct16BytesHomogeneousFloatx5(((-1, 2, -3, 4), (-5, 6, -7, 8), (-9, 10, -11, 12), (-13, 14, -15, 16), (-17, 18, -19, 20)))
passStruct16BytesHomogeneousFloatx5((-1.0, 2.0, -3.0, 4.0), (-5.0, 6.0, -7.0, 8.0), (-9.0, 10.0, -11.0, 12.0), (-13.0, 14.0, -15.0, 16.0), (-17.0, 18.0, -19.0, 20.0))
result = 10.0
result = 10
passStruct16BytesHomogeneousFloatx5((42.0, 2.0, -3.0, 4.0), (-5.0, 6.0, -7.0, 8.0), (-9.0, 10.0, -11.0, 12.0), (-13.0, 14.0, -15.0, 16.0), (-17.0, 18.0, -19.0, 20.0))
throwing!
passStruct16BytesHomogeneousFloatx5((84.0, 2.0, -3.0, 4.0), (-5.0, 6.0, -7.0, 8.0), (-9.0, 10.0, -11.0, 12.0), (-13.0, 14.0, -15.0, 16.0), (-17.0, 18.0, -19.0, 20.0))
throwing!
after callback result = 10.0
==== Running PassStruct16BytesMixedx10
Calling TestPassStruct16BytesMixedx10(((-1, 2), (-3, 4), (-5, 6), (-7, 8), (-9, 10), (-11, 12), (-13, 14), (-15, 16), (-17, 18), (-19, 20)))
passStruct16BytesMixedx10((-1.0, 2), (-3.0, 4), (-5.0, 6), (-7.0, 8), (-9.0, 10), (-11.0, 12), (-13.0, 14), (-15.0, 16), (-17.0, 18), (-19.0, 20))
result = 10.0
result = 10
passStruct16BytesMixedx10((42.0, 2), (-3.0, 4), (-5.0, 6), (-7.0, 8), (-9.0, 10), (-11.0, 12), (-13.0, 14), (-15.0, 16), (-17.0, 18), (-19.0, 20))
throwing!
passStruct16BytesMixedx10((84.0, 2), (-3.0, 4), (-5.0, 6), (-7.0, 8), (-9.0, 10), (-11.0, 12), (-13.0, 14), (-15.0, 16), (-17.0, 18), (-19.0, 20))
throwing!
after callback result = 10.0
==== Running PassStruct16BytesMixed2x10
Calling TestPassStruct16BytesMixed2x10(((-1, 2, -3, 4), (-5, 6, -7, 8), (-9, 10, -11, 12), (-13, 14, -15, 16), (-17, 18, -19, 20), (-21, 22, -23, 24), (-25, 26, -27, 28), (-29, 30, -31, 32), (-33, 34, -35, 36), (-37, 38, -39, 40)))
passStruct16BytesMixed2x10((-1.0, 2.0, -3.0, 4), (-5.0, 6.0, -7.0, 8), (-9.0, 10.0, -11.0, 12), (-13.0, 14.0, -15.0, 16), (-17.0, 18.0, -19.0, 20), (-21.0, 22.0, -23.0, 24), (-25.0, 26.0, -27.0, 28), (-29.0, 30.0, -31.0, 32), (-33.0, 34.0, -35.0, 36), (-37.0, 38.0, -39.0, 40))
result = 20.0
result = 20
passStruct16BytesMixed2x10((42.0, 2.0, -3.0, 4), (-5.0, 6.0, -7.0, 8), (-9.0, 10.0, -11.0, 12), (-13.0, 14.0, -15.0, 16), (-17.0, 18.0, -19.0, 20), (-21.0, 22.0, -23.0, 24), (-25.0, 26.0, -27.0, 28), (-29.0, 30.0, -31.0, 32), (-33.0, 34.0, -35.0, 36), (-37.0, 38.0, -39.0, 40))
throwing!
passStruct16BytesMixed2x10((84.0, 2.0, -3.0, 4), (-5.0, 6.0, -7.0, 8), (-9.0, 10.0, -11.0, 12), (-13.0, 14.0, -15.0, 16), (-17.0, 18.0, -19.0, 20), (-21.0, 22.0, -23.0, 24), (-25.0, 26.0, -27.0, 28), (-29.0, 30.0, -31.0, 32), (-33.0, 34.0, -35.0, 36), (-37.0, 38.0, -39.0, 40))
throwing!
after callback result = 20.0
==== Running PassStruct17BytesIntx10
Calling TestPassStruct17BytesIntx10(((-1, 2, -3), (4, -5, 6), (-7, 8, -9), (10, -11, 12), (-13, 14, -15), (16, -17, 18), (-19, 20, -21), (22, -23, 24), (-25, 26, -27), (28, -29, 30)))
passStruct17BytesIntx10((-1, 2, -3), (4, -5, 6), (-7, 8, -9), (10, -11, 12), (-13, 14, -15), (16, -17, 18), (-19, 20, -21), (22, -23, 24), (-25, 26, -27), (28, -29, 30))
result = 15
result = 15
passStruct17BytesIntx10((42, 2, -3), (4, -5, 6), (-7, 8, -9), (10, -11, 12), (-13, 14, -15), (16, -17, 18), (-19, 20, -21), (22, -23, 24), (-25, 26, -27), (28, -29, 30))
throwing!
passStruct17BytesIntx10((84, 2, -3), (4, -5, 6), (-7, 8, -9), (10, -11, 12), (-13, 14, -15), (16, -17, 18), (-19, 20, -21), (22, -23, 24), (-25, 26, -27), (28, -29, 30))
throwing!
after callback result = 15
==== Running PassStruct19BytesHomogeneousUint8x10
Calling TestPassStruct19BytesHomogeneousUint8x10(((1, 2, 3, 4, 5, 6, 7, 8, 9, 10, 11, 12, 13, 14, 15, 16, 17, 18, 19), (20, 21, 22, 23, 24, 25, 26, 27, 28, 29, 30, 31, 32, 33, 34, 35, 36, 37, 38), (39, 40, 41, 42, 43, 44, 45, 46, 47, 48, 49, 50, 51, 52, 53, 54, 55, 56, 57), (58, 59, 60, 61, 62, 63, 64, 65, 66, 67, 68, 69, 70, 71, 72, 73, 74, 75, 76), (77, 78, 79, 80, 81, 82, 83, 84, 85, 86, 87, 88, 89, 90, 91, 92, 93, 94, 95), (96, 97, 98, 99, 100, 101, 102, 103, 104, 105, 106, 107, 108, 109, 110, 111, 112, 113, 114), (115, 116, 117, 118, 119, 120, 121, 122, 123, 124, 125, 126, 127, 128, 129, 130, 131, 132, 133), (134, 135, 136, 137, 138, 139, 140, 141, 142, 143, 144, 145, 146, 147, 148, 149, 150, 151, 152), (153, 154, 155, 156, 157, 158, 159, 160, 161, 162, 163, 164, 165, 166, 167, 168, 169, 170, 171), (172, 173, 174, 175, 176, 177, 178, 179, 180, 181, 182, 183, 184, 185, 186, 187, 188, 189, 190)))
passStruct19BytesHomogeneousUint8x10((1, 2, 3, 4, 5, 6, 7, 8, 9, 10, 11, 12, 13, 14, 15, 16, 17, 18, 19), (20, 21, 22, 23, 24, 25, 26, 27, 28, 29, 30, 31, 32, 33, 34, 35, 36, 37, 38), (39, 40, 41, 42, 43, 44, 45, 46, 47, 48, 49, 50, 51, 52, 53, 54, 55, 56, 57), (58, 59, 60, 61, 62, 63, 64, 65, 66, 67, 68, 69, 70, 71, 72, 73, 74, 75, 76), (77, 78, 79, 80, 81, 82, 83, 84, 85, 86, 87, 88, 89, 90, 91, 92, 93, 94, 95), (96, 97, 98, 99, 100, 101, 102, 103, 104, 105, 106, 107, 108, 109, 110, 111, 112, 113, 114), (115, 116, 117, 118, 119, 120, 121, 122, 123, 124, 125, 126, 127, 128, 129, 130, 131, 132, 133), (134, 135, 136, 137, 138, 139, 140, 141, 142, 143, 144, 145, 146, 147, 148, 149, 150, 151, 152), (153, 154, 155, 156, 157, 158, 159, 160, 161, 162, 163, 164, 165, 166, 167, 168, 169, 170, 171), (172, 173, 174, 175, 176, 177, 178, 179, 180, 181, 182, 183, 184, 185, 186, 187, 188, 189, 190))
result = 18145
result = 18145
passStruct19BytesHomogeneousUint8x10((42, 2, 3, 4, 5, 6, 7, 8, 9, 10, 11, 12, 13, 14, 15, 16, 17, 18, 19), (20, 21, 22, 23, 24, 25, 26, 27, 28, 29, 30, 31, 32, 33, 34, 35, 36, 37, 38), (39, 40, 41, 42, 43, 44, 45, 46, 47, 48, 49, 50, 51, 52, 53, 54, 55, 56, 57), (58, 59, 60, 61, 62, 63, 64, 65, 66, 67, 68, 69, 70, 71, 72, 73, 74, 75, 76), (77, 78, 79, 80, 81, 82, 83, 84, 85, 86, 87, 88, 89, 90, 91, 92, 93, 94, 95), (96, 97, 98, 99, 100, 101, 102, 103, 104, 105, 106, 107, 108, 109, 110, 111, 112, 113, 114), (115, 116, 117, 118, 119, 120, 121, 122, 123, 124, 125, 126, 127, 128, 129, 130, 131, 132, 133), (134, 135, 136, 137, 138, 139, 140, 141, 142, 143, 144, 145, 146, 147, 148, 149, 150, 151, 152), (153, 154, 155, 156, 157, 158, 159, 160, 161, 162, 163, 164, 165, 166, 167, 168, 169, 170, 171), (172, 173, 174, 175, 176, 177, 178, 179, 180, 181, 182, 183, 184, 185, 186, 187, 188, 189, 190))
throwing!
passStruct19BytesHomogeneousUint8x10((84, 2, 3, 4, 5, 6, 7, 8, 9, 10, 11, 12, 13, 14, 15, 16, 17, 18, 19), (20, 21, 22, 23, 24, 25, 26, 27, 28, 29, 30, 31, 32, 33, 34, 35, 36, 37, 38), (39, 40, 41, 42, 43, 44, 45, 46, 47, 48, 49, 50, 51, 52, 53, 54, 55, 56, 57), (58, 59, 60, 61, 62, 63, 64, 65, 66, 67, 68, 69, 70, 71, 72, 73, 74, 75, 76), (77, 78, 79, 80, 81, 82, 83, 84, 85, 86, 87, 88, 89, 90, 91, 92, 93, 94, 95), (96, 97, 98, 99, 100, 101, 102, 103, 104, 105, 106, 107, 108, 109, 110, 111, 112, 113, 114), (115, 116, 117, 118, 119, 120, 121, 122, 123, 124, 125, 126, 127, 128, 129, 130, 131, 132, 133), (134, 135, 136, 137, 138, 139, 140, 141, 142, 143, 144, 145, 146, 147, 148, 149, 150, 151, 152), (153, 154, 155, 156, 157, 158, 159, 160, 161, 162, 163, 164, 165, 166, 167, 168, 169, 170, 171), (172, 173, 174, 175, 176, 177, 178, 179, 180, 181, 182, 183, 184, 185, 186, 187, 188, 189, 190))
throwing!
after callback result = 18145
==== Running PassStruct20BytesHomogeneousInt32x10
Calling TestPassStruct20BytesHomogeneousInt32x10(((-1, 2, -3, 4, -5), (6, -7, 8, -9, 10), (-11, 12, -13, 14, -15), (16, -17, 18, -19, 20), (-21, 22, -23, 24, -25), (26, -27, 28, -29, 30), (-31, 32, -33, 34, -35), (36, -37, 38, -39, 40), (-41, 42, -43, 44, -45), (46, -47, 48, -49, 50)))
passStruct20BytesHomogeneousInt32x10((-1, 2, -3, 4, -5), (6, -7, 8, -9, 10), (-11, 12, -13, 14, -15), (16, -17, 18, -19, 20), (-21, 22, -23, 24, -25), (26, -27, 28, -29, 30), (-31, 32, -33, 34, -35), (36, -37, 38, -39, 40), (-41, 42, -43, 44, -45), (46, -47, 48, -49, 50))
result = 25
result = 25
passStruct20BytesHomogeneousInt32x10((42, 2, -3, 4, -5), (6, -7, 8, -9, 10), (-11, 12, -13, 14, -15), (16, -17, 18, -19, 20), (-21, 22, -23, 24, -25), (26, -27, 28, -29, 30), (-31, 32, -33, 34, -35), (36, -37, 38, -39, 40), (-41, 42, -43, 44, -45), (46, -47, 48, -49, 50))
throwing!
passStruct20BytesHomogeneousInt32x10((84, 2, -3, 4, -5), (6, -7, 8, -9, 10), (-11, 12, -13, 14, -15), (16, -17, 18, -19, 20), (-21, 22, -23, 24, -25), (26, -27, 28, -29, 30), (-31, 32, -33, 34, -35), (36, -37, 38, -39, 40), (-41, 42, -43, 44, -45), (46, -47, 48, -49, 50))
throwing!
after callback result = 25
==== Running PassStruct20BytesHomogeneousFloat
Calling TestPassStruct20BytesHomogeneousFloat(((-1, 2, -3, 4, -5)))
passStruct20BytesHomogeneousFloat((-1.0, 2.0, -3.0, 4.0, -5.0))
result = -3.0
result = -3
passStruct20BytesHomogeneousFloat((42.0, 2.0, -3.0, 4.0, -5.0))
throwing!
passStruct20BytesHomogeneousFloat((84.0, 2.0, -3.0, 4.0, -5.0))
throwing!
after callback result = -3.0
==== Running PassStruct32BytesHomogeneousDoublex5
Calling TestPassStruct32BytesHomogeneousDoublex5(((-1, 2, -3, 4), (-5, 6, -7, 8), (-9, 10, -11, 12), (-13, 14, -15, 16), (-17, 18, -19, 20)))
passStruct32BytesHomogeneousDoublex5((-1.0, 2.0, -3.0, 4.0), (-5.0, 6.0, -7.0, 8.0), (-9.0, 10.0, -11.0, 12.0), (-13.0, 14.0, -15.0, 16.0), (-17.0, 18.0, -19.0, 20.0))
result = 10.0
result = 10
passStruct32BytesHomogeneousDoublex5((42.0, 2.0, -3.0, 4.0), (-5.0, 6.0, -7.0, 8.0), (-9.0, 10.0, -11.0, 12.0), (-13.0, 14.0, -15.0, 16.0), (-17.0, 18.0, -19.0, 20.0))
throwing!
passStruct32BytesHomogeneousDoublex5((84.0, 2.0, -3.0, 4.0), (-5.0, 6.0, -7.0, 8.0), (-9.0, 10.0, -11.0, 12.0), (-13.0, 14.0, -15.0, 16.0), (-17.0, 18.0, -19.0, 20.0))
throwing!
after callback result = 10.0
==== Running PassStruct40BytesHomogeneousDouble
Calling TestPassStruct40BytesHomogeneousDouble(((-1, 2, -3, 4, -5)))
passStruct40BytesHomogeneousDouble((-1.0, 2.0, -3.0, 4.0, -5.0))
result = -3.0
result = -3
passStruct40BytesHomogeneousDouble((42.0, 2.0, -3.0, 4.0, -5.0))
throwing!
passStruct40BytesHomogeneousDouble((84.0, 2.0, -3.0, 4.0, -5.0))
throwing!
after callback result = -3.0
==== Running PassStruct1024BytesHomogeneousUint64
Calling TestPassStruct1024BytesHomogeneousUint64(((1, 2, 3, 4, 5, 6, 7, 8, 9, 10, 11, 12, 13, 14, 15, 16, 17, 18, 19, 20, 21, 22, 23, 24, 25, 26, 27, 28, 29, 30, 31, 32, 33, 34, 35, 36, 37, 38, 39, 40, 41, 42, 43, 44, 45, 46, 47, 48, 49, 50, 51, 52, 53, 54, 55, 56, 57, 58, 59, 60, 61, 62, 63, 64, 65, 66, 67, 68, 69, 70, 71, 72, 73, 74, 75, 76, 77, 78, 79, 80, 81, 82, 83, 84, 85, 86, 87, 88, 89, 90, 91, 92, 93, 94, 95, 96, 97, 98, 99, 100, 101, 102, 103, 104, 105, 106, 107, 108, 109, 110, 111, 112, 113, 114, 115, 116, 117, 118, 119, 120, 121, 122, 123, 124, 125, 126, 127, 128)))
passStruct1024BytesHomogeneousUint64((1, 2, 3, 4, 5, 6, 7, 8, 9, 10, 11, 12, 13, 14, 15, 16, 17, 18, 19, 20, 21, 22, 23, 24, 25, 26, 27, 28, 29, 30, 31, 32, 33, 34, 35, 36, 37, 38, 39, 40, 41, 42, 43, 44, 45, 46, 47, 48, 49, 50, 51, 52, 53, 54, 55, 56, 57, 58, 59, 60, 61, 62, 63, 64, 65, 66, 67, 68, 69, 70, 71, 72, 73, 74, 75, 76, 77, 78, 79, 80, 81, 82, 83, 84, 85, 86, 87, 88, 89, 90, 91, 92, 93, 94, 95, 96, 97, 98, 99, 100, 101, 102, 103, 104, 105, 106, 107, 108, 109, 110, 111, 112, 113, 114, 115, 116, 117, 118, 119, 120, 121, 122, 123, 124, 125, 126, 127, 128))
result = 8256
result = 8256
passStruct1024BytesHomogeneousUint64((42, 2, 3, 4, 5, 6, 7, 8, 9, 10, 11, 12, 13, 14, 15, 16, 17, 18, 19, 20, 21, 22, 23, 24, 25, 26, 27, 28, 29, 30, 31, 32, 33, 34, 35, 36, 37, 38, 39, 40, 41, 42, 43, 44, 45, 46, 47, 48, 49, 50, 51, 52, 53, 54, 55, 56, 57, 58, 59, 60, 61, 62, 63, 64, 65, 66, 67, 68, 69, 70, 71, 72, 73, 74, 75, 76, 77, 78, 79, 80, 81, 82, 83, 84, 85, 86, 87, 88, 89, 90, 91, 92, 93, 94, 95, 96, 97, 98, 99, 100, 101, 102, 103, 104, 105, 106, 107, 108, 109, 110, 111, 112, 113, 114, 115, 116, 117, 118, 119, 120, 121, 122, 123, 124, 125, 126, 127, 128))
throwing!
passStruct1024BytesHomogeneousUint64((84, 2, 3, 4, 5, 6, 7, 8, 9, 10, 11, 12, 13, 14, 15, 16, 17, 18, 19, 20, 21, 22, 23, 24, 25, 26, 27, 28, 29, 30, 31, 32, 33, 34, 35, 36, 37, 38, 39, 40, 41, 42, 43, 44, 45, 46, 47, 48, 49, 50, 51, 52, 53, 54, 55, 56, 57, 58, 59, 60, 61, 62, 63, 64, 65, 66, 67, 68, 69, 70, 71, 72, 73, 74, 75, 76, 77, 78, 79, 80, 81, 82, 83, 84, 85, 86, 87, 88, 89, 90, 91, 92, 93, 94, 95, 96, 97, 98, 99, 100, 101, 102, 103, 104, 105, 106, 107, 108, 109, 110, 111, 112, 113, 114, 115, 116, 117, 118, 119, 120, 121, 122, 123, 124, 125, 126, 127, 128))
throwing!
after callback result = 8256
==== Running PassFloatStruct16BytesHomogeneousFloatFloatStruct1
Calling TestPassFloatStruct16BytesHomogeneousFloatFloatStruct1((-1, (2, -3, 4, -5), 6, (-7, 8, -9, 10), -11, (12, -13, 14, -15), 16, (-17, 18, -19, 20), -21))
passFloatStruct16BytesHomogeneousFloatFloatStruct1(-1.0, (2.0, -3.0, 4.0, -5.0), 6.0, (-7.0, 8.0, -9.0, 10.0), -11.0, (12.0, -13.0, 14.0, -15.0), 16.0, (-17.0, 18.0, -19.0, 20.0), -21.0)
result = -11.0
result = -11
passFloatStruct16BytesHomogeneousFloatFloatStruct1(42.0, (2.0, -3.0, 4.0, -5.0), 6.0, (-7.0, 8.0, -9.0, 10.0), -11.0, (12.0, -13.0, 14.0, -15.0), 16.0, (-17.0, 18.0, -19.0, 20.0), -21.0)
throwing!
passFloatStruct16BytesHomogeneousFloatFloatStruct1(84.0, (2.0, -3.0, 4.0, -5.0), 6.0, (-7.0, 8.0, -9.0, 10.0), -11.0, (12.0, -13.0, 14.0, -15.0), 16.0, (-17.0, 18.0, -19.0, 20.0), -21.0)
throwing!
after callback result = -11.0
==== Running PassFloatStruct32BytesHomogeneousDoubleFloatStruct
Calling TestPassFloatStruct32BytesHomogeneousDoubleFloatStruct((-1, (2, -3, 4, -5), 6, (-7, 8, -9, 10), -11, (12, -13, 14, -15), 16, (-17, 18, -19, 20), -21))
passFloatStruct32BytesHomogeneousDoubleFloatStruct(-1.0, (2.0, -3.0, 4.0, -5.0), 6.0, (-7.0, 8.0, -9.0, 10.0), -11.0, (12.0, -13.0, 14.0, -15.0), 16.0, (-17.0, 18.0, -19.0, 20.0), -21.0)
result = -11.0
result = -11
passFloatStruct32BytesHomogeneousDoubleFloatStruct(42.0, (2.0, -3.0, 4.0, -5.0), 6.0, (-7.0, 8.0, -9.0, 10.0), -11.0, (12.0, -13.0, 14.0, -15.0), 16.0, (-17.0, 18.0, -19.0, 20.0), -21.0)
throwing!
passFloatStruct32BytesHomogeneousDoubleFloatStruct(84.0, (2.0, -3.0, 4.0, -5.0), 6.0, (-7.0, 8.0, -9.0, 10.0), -11.0, (12.0, -13.0, 14.0, -15.0), 16.0, (-17.0, 18.0, -19.0, 20.0), -21.0)
throwing!
after callback result = -11.0
==== Running PassInt8Struct16BytesMixedInt8Struct16BytesMixedIn
Calling TestPassInt8Struct16BytesMixedInt8Struct16BytesMixedIn((-1, (2, -3), 4, (-5, 6), -7, (8, -9), 10, (-11, 12), -13))
passInt8Struct16BytesMixedInt8Struct16BytesMixedIn(-1, (2.0, -3), 4, (-5.0, 6), -7, (8.0, -9), 10, (-11.0, 12), -13)
result = -7.0
result = -7
passInt8Struct16BytesMixedInt8Struct16BytesMixedIn(42, (2.0, -3), 4, (-5.0, 6), -7, (8.0, -9), 10, (-11.0, 12), -13)
throwing!
passInt8Struct16BytesMixedInt8Struct16BytesMixedIn(84, (2.0, -3), 4, (-5.0, 6), -7, (8.0, -9), 10, (-11.0, 12), -13)
throwing!
after callback result = -7.0
==== Running PassDoublex6Struct16BytesMixedx4Int32
Calling TestPassDoublex6Struct16BytesMixedx4Int32((-1, 2, -3, 4, -5, 6, (-7, 8), (-9, 10), (-11, 12), (-13, 14), -15))
passDoublex6Struct16BytesMixedx4Int32(-1.0, 2.0, -3.0, 4.0, -5.0, 6.0, (-7.0, 8), (-9.0, 10), (-11.0, 12), (-13.0, 14), -15)
result = -8.0
result = -8
passDoublex6Struct16BytesMixedx4Int32(42.0, 2.0, -3.0, 4.0, -5.0, 6.0, (-7.0, 8), (-9.0, 10), (-11.0, 12), (-13.0, 14), -15)
throwing!
passDoublex6Struct16BytesMixedx4Int32(84.0, 2.0, -3.0, 4.0, -5.0, 6.0, (-7.0, 8), (-9.0, 10), (-11.0, 12), (-13.0, 14), -15)
throwing!
after callback result = -8.0
==== Running PassInt32x4Struct16BytesMixedx4Double
Calling TestPassInt32x4Struct16BytesMixedx4Double((-1, 2, -3, 4, (-5, 6), (-7, 8), (-9, 10), (-11, 12), -13))
passInt32x4Struct16BytesMixedx4Double(-1, 2, -3, 4, (-5.0, 6), (-7.0, 8), (-9.0, 10), (-11.0, 12), -13.0)
result = -7.0
result = -7
passInt32x4Struct16BytesMixedx4Double(42, 2, -3, 4, (-5.0, 6), (-7.0, 8), (-9.0, 10), (-11.0, 12), -13.0)
throwing!
passInt32x4Struct16BytesMixedx4Double(84, 2, -3, 4, (-5.0, 6), (-7.0, 8), (-9.0, 10), (-11.0, 12), -13.0)
throwing!
after callback result = -7.0
==== Running PassStruct40BytesHomogeneousDoubleStruct4BytesHomo
Calling TestPassStruct40BytesHomogeneousDoubleStruct4BytesHomo(((-1, 2, -3, 4, -5), (6, -7), (8, -9)))
passStruct40BytesHomogeneousDoubleStruct4BytesHomo((-1.0, 2.0, -3.0, 4.0, -5.0), (6, -7), (8.0, -9.0))
result = -5.0
result = -5
passStruct40BytesHomogeneousDoubleStruct4BytesHomo((42.0, 2.0, -3.0, 4.0, -5.0), (6, -7), (8.0, -9.0))
throwing!
passStruct40BytesHomogeneousDoubleStruct4BytesHomo((84.0, 2.0, -3.0, 4.0, -5.0), (6, -7), (8.0, -9.0))
throwing!
after callback result = -5.0
==== Running PassInt32x8Doublex8Int64Int8Struct1ByteIntInt64Int
Calling TestPassInt32x8Doublex8Int64Int8Struct1ByteIntInt64Int((-1, 2, -3, 4, -5, 6, -7, 8, -9, 10, -11, 12, -13, 14, -15, 16, -17, 18, (-19), 20, -21, (22, -23), 24, -25, (26, -27, 28), -29, 30, (-31, 32), -33, 34, (-35, 36, -37), 38, -39, (40, -41, 42), -43, 44, (-45, 46, -47), 48, -49, (50, -51, 52)))
passInt32x8Doublex8Int64Int8Struct1ByteIntInt64Int(-1, 2, -3, 4, -5, 6, -7, 8, -9.0, 10.0, -11.0, 12.0, -13.0, 14.0, -15.0, 16.0, -17, 18, (-19), 20, -21, (22, -23), 24, -25, (26, -27, 28), -29, 30, (-31.0, 32.0), -33, 34, (-35.0, 36, -37), 38, -39, (40, -41, 42), -43, 44, (-45, 46, -47), 48, -49, (50, -51, 52))
result = 26.0
result = 26
passInt32x8Doublex8Int64Int8Struct1ByteIntInt64Int(42, 2, -3, 4, -5, 6, -7, 8, -9.0, 10.0, -11.0, 12.0, -13.0, 14.0, -15.0, 16.0, -17, 18, (-19), 20, -21, (22, -23), 24, -25, (26, -27, 28), -29, 30, (-31.0, 32.0), -33, 34, (-35.0, 36, -37), 38, -39, (40, -41, 42), -43, 44, (-45, 46, -47), 48, -49, (50, -51, 52))
throwing!
passInt32x8Doublex8Int64Int8Struct1ByteIntInt64Int(84, 2, -3, 4, -5, 6, -7, 8, -9.0, 10.0, -11.0, 12.0, -13.0, 14.0, -15.0, 16.0, -17, 18, (-19), 20, -21, (22, -23), 24, -25, (26, -27, 28), -29, 30, (-31.0, 32.0), -33, 34, (-35.0, 36, -37), 38, -39, (40, -41, 42), -43, 44, (-45, 46, -47), 48, -49, (50, -51, 52))
throwing!
after callback result = 26.0
==== Running PassStructAlignmentInt16
Calling TestPassStructAlignmentInt16(((-1, 2, -3)))
passStructAlignmentInt16((-1, 2, -3))
result = -2
result = -2
passStructAlignmentInt16((42, 2, -3))
throwing!
passStructAlignmentInt16((84, 2, -3))
throwing!
after callback result = -2
==== Running PassStructAlignmentInt32
Calling TestPassStructAlignmentInt32(((-1, 2, -3)))
passStructAlignmentInt32((-1, 2, -3))
result = -2
result = -2
passStructAlignmentInt32((42, 2, -3))
throwing!
passStructAlignmentInt32((84, 2, -3))
throwing!
after callback result = -2
==== Running PassStructAlignmentInt64
Calling TestPassStructAlignmentInt64(((-1, 2, -3)))
passStructAlignmentInt64((-1, 2, -3))
result = -2
result = -2
passStructAlignmentInt64((42, 2, -3))
throwing!
passStructAlignmentInt64((84, 2, -3))
throwing!
after callback result = -2
==== Running PassStruct8BytesNestedIntx10
Calling TestPassStruct8BytesNestedIntx10((((-1, 2), (-3, 4)), ((-5, 6), (-7, 8)), ((-9, 10), (-11, 12)), ((-13, 14), (-15, 16)), ((-17, 18), (-19, 20)), ((-21, 22), (-23, 24)), ((-25, 26), (-27, 28)), ((-29, 30), (-31, 32)), ((-33, 34), (-35, 36)), ((-37, 38), (-39, 40))))
passStruct8BytesNestedIntx10(((-1, 2), (-3, 4)), ((-5, 6), (-7, 8)), ((-9, 10), (-11, 12)), ((-13, 14), (-15, 16)), ((-17, 18), (-19, 20)), ((-21, 22), (-23, 24)), ((-25, 26), (-27, 28)), ((-29, 30), (-31, 32)), ((-33, 34), (-35, 36)), ((-37, 38), (-39, 40)))
result = 20
result = 20
passStruct8BytesNestedIntx10(((42, 2), (-3, 4)), ((-5, 6), (-7, 8)), ((-9, 10), (-11, 12)), ((-13, 14), (-15, 16)), ((-17, 18), (-19, 20)), ((-21, 22), (-23, 24)), ((-25, 26), (-27, 28)), ((-29, 30), (-31, 32)), ((-33, 34), (-35, 36)), ((-37, 38), (-39, 40)))
throwing!
passStruct8BytesNestedIntx10(((84, 2), (-3, 4)), ((-5, 6), (-7, 8)), ((-9, 10), (-11, 12)), ((-13, 14), (-15, 16)), ((-17, 18), (-19, 20)), ((-21, 22), (-23, 24)), ((-25, 26), (-27, 28)), ((-29, 30), (-31, 32)), ((-33, 34), (-35, 36)), ((-37, 38), (-39, 40)))
throwing!
after callback result = 20
==== Running PassStruct8BytesNestedFloatx10
Calling TestPassStruct8BytesNestedFloatx10((((-1), (2)), ((-3), (4)), ((-5), (6)), ((-7), (8)), ((-9), (10)), ((-11), (12)), ((-13), (14)), ((-15), (16)), ((-17), (18)), ((-19), (20))))
passStruct8BytesNestedFloatx10(((-1.0), (2.0)), ((-3.0), (4.0)), ((-5.0), (6.0)), ((-7.0), (8.0)), ((-9.0), (10.0)), ((-11.0), (12.0)), ((-13.0), (14.0)), ((-15.0), (16.0)), ((-17.0), (18.0)), ((-19.0), (20.0)))
result = 10.0
result = 10
passStruct8BytesNestedFloatx10(((42.0), (2.0)), ((-3.0), (4.0)), ((-5.0), (6.0)), ((-7.0), (8.0)), ((-9.0), (10.0)), ((-11.0), (12.0)), ((-13.0), (14.0)), ((-15.0), (16.0)), ((-17.0), (18.0)), ((-19.0), (20.0)))
throwing!
passStruct8BytesNestedFloatx10(((84.0), (2.0)), ((-3.0), (4.0)), ((-5.0), (6.0)), ((-7.0), (8.0)), ((-9.0), (10.0)), ((-11.0), (12.0)), ((-13.0), (14.0)), ((-15.0), (16.0)), ((-17.0), (18.0)), ((-19.0), (20.0)))
throwing!
after callback result = 10.0
==== Running PassStruct8BytesNestedFloat2x10
Calling TestPassStruct8BytesNestedFloat2x10((((-1), 2), ((-3), 4), ((-5), 6), ((-7), 8), ((-9), 10), ((-11), 12), ((-13), 14), ((-15), 16), ((-17), 18), ((-19), 20)))
passStruct8BytesNestedFloat2x10(((-1.0), 2.0), ((-3.0), 4.0), ((-5.0), 6.0), ((-7.0), 8.0), ((-9.0), 10.0), ((-11.0), 12.0), ((-13.0), 14.0), ((-15.0), 16.0), ((-17.0), 18.0), ((-19.0), 20.0))
result = 10.0
result = 10
passStruct8BytesNestedFloat2x10(((42.0), 2.0), ((-3.0), 4.0), ((-5.0), 6.0), ((-7.0), 8.0), ((-9.0), 10.0), ((-11.0), 12.0), ((-13.0), 14.0), ((-15.0), 16.0), ((-17.0), 18.0), ((-19.0), 20.0))
throwing!
passStruct8BytesNestedFloat2x10(((84.0), 2.0), ((-3.0), 4.0), ((-5.0), 6.0), ((-7.0), 8.0), ((-9.0), 10.0), ((-11.0), 12.0), ((-13.0), 14.0), ((-15.0), 16.0), ((-17.0), 18.0), ((-19.0), 20.0))
throwing!
after callback result = 10.0
==== Running PassStruct8BytesNestedMixedx10
Calling TestPassStruct8BytesNestedMixedx10((((-1, 2), (-3)), ((4, -5), (6)), ((-7, 8), (-9)), ((10, -11), (12)), ((-13, 14), (-15)), ((16, -17), (18)), ((-19, 20), (-21)), ((22, -23), (24)), ((-25, 26), (-27)), ((28, -29), (30))))
passStruct8BytesNestedMixedx10(((-1, 2), (-3.0)), ((4, -5), (6.0)), ((-7, 8), (-9.0)), ((10, -11), (12.0)), ((-13, 14), (-15.0)), ((16, -17), (18.0)), ((-19, 20), (-21.0)), ((22, -23), (24.0)), ((-25, 26), (-27.0)), ((28, -29), (30.0)))
result = 15.0
result = 15
passStruct8BytesNestedMixedx10(((42, 2), (-3.0)), ((4, -5), (6.0)), ((-7, 8), (-9.0)), ((10, -11), (12.0)), ((-13, 14), (-15.0)), ((16, -17), (18.0)), ((-19, 20), (-21.0)), ((22, -23), (24.0)), ((-25, 26), (-27.0)), ((28, -29), (30.0)))
throwing!
passStruct8BytesNestedMixedx10(((84, 2), (-3.0)), ((4, -5), (6.0)), ((-7, 8), (-9.0)), ((10, -11), (12.0)), ((-13, 14), (-15.0)), ((16, -17), (18.0)), ((-19, 20), (-21.0)), ((22, -23), (24.0)), ((-25, 26), (-27.0)), ((28, -29), (30.0)))
throwing!
after callback result = 15.0
==== Running PassStruct16BytesNestedIntx2
Calling TestPassStruct16BytesNestedIntx2(((((-1, 2), (-3, 4)), ((-5, 6), (-7, 8))), (((-9, 10), (-11, 12)), ((-13, 14), (-15, 16)))))
passStruct16BytesNestedIntx2((((-1, 2), (-3, 4)), ((-5, 6), (-7, 8))), (((-9, 10), (-11, 12)), ((-13, 14), (-15, 16))))
result = 8
result = 8
passStruct16BytesNestedIntx2((((42, 2), (-3, 4)), ((-5, 6), (-7, 8))), (((-9, 10), (-11, 12)), ((-13, 14), (-15, 16))))
throwing!
passStruct16BytesNestedIntx2((((84, 2), (-3, 4)), ((-5, 6), (-7, 8))), (((-9, 10), (-11, 12)), ((-13, 14), (-15, 16))))
throwing!
after callback result = 8
==== Running PassStruct32BytesNestedIntx2
Calling TestPassStruct32BytesNestedIntx2((((((-1, 2), (-3, 4)), ((-5, 6), (-7, 8))), (((-9, 10), (-11, 12)), ((-13, 14), (-15, 16)))), ((((-17, 18), (-19, 20)), ((-21, 22), (-23, 24))), (((-25, 26), (-27, 28)), ((-29, 30), (-31, 32))))))
passStruct32BytesNestedIntx2(((((-1, 2), (-3, 4)), ((-5, 6), (-7, 8))), (((-9, 10), (-11, 12)), ((-13, 14), (-15, 16)))), ((((-17, 18), (-19, 20)), ((-21, 22), (-23, 24))), (((-25, 26), (-27, 28)), ((-29, 30), (-31, 32)))))
result = 16
result = 16
passStruct32BytesNestedIntx2(((((42, 2), (-3, 4)), ((-5, 6), (-7, 8))), (((-9, 10), (-11, 12)), ((-13, 14), (-15, 16)))), ((((-17, 18), (-19, 20)), ((-21, 22), (-23, 24))), (((-25, 26), (-27, 28)), ((-29, 30), (-31, 32)))))
throwing!
passStruct32BytesNestedIntx2(((((84, 2), (-3, 4)), ((-5, 6), (-7, 8))), (((-9, 10), (-11, 12)), ((-13, 14), (-15, 16)))), ((((-17, 18), (-19, 20)), ((-21, 22), (-23, 24))), (((-25, 26), (-27, 28)), ((-29, 30), (-31, 32)))))
throwing!
after callback result = 16
==== Running PassStructNestedIntStructAlignmentInt16
Calling TestPassStructNestedIntStructAlignmentInt16((((-1, 2, -3), (4, -5, 6))))
passStructNestedIntStructAlignmentInt16(((-1, 2, -3), (4, -5, 6)))
result = 3
result = 3
passStructNestedIntStructAlignmentInt16(((42, 2, -3), (4, -5, 6)))
throwing!
passStructNestedIntStructAlignmentInt16(((84, 2, -3), (4, -5, 6)))
throwing!
after callback result = 3
==== Running PassStructNestedIntStructAlignmentInt32
Calling TestPassStructNestedIntStructAlignmentInt32((((-1, 2, -3), (4, -5, 6))))
passStructNestedIntStructAlignmentInt32(((-1, 2, -3), (4, -5, 6)))
result = 3
result = 3
passStructNestedIntStructAlignmentInt32(((42, 2, -3), (4, -5, 6)))
throwing!
passStructNestedIntStructAlignmentInt32(((84, 2, -3), (4, -5, 6)))
throwing!
after callback result = 3
==== Running PassStructNestedIntStructAlignmentInt64
Calling TestPassStructNestedIntStructAlignmentInt64((((-1, 2, -3), (4, -5, 6))))
passStructNestedIntStructAlignmentInt64(((-1, 2, -3), (4, -5, 6)))
result = 3
result = 3
passStructNestedIntStructAlignmentInt64(((42, 2, -3), (4, -5, 6)))
throwing!
passStructNestedIntStructAlignmentInt64(((84, 2, -3), (4, -5, 6)))
throwing!
after callback result = 3
==== Running PassStructNestedIrregularEvenBiggerx4
Calling TestPassStructNestedIrregularEvenBiggerx4(((1, ((2, ((-3, 4), (-5)), 6, ((-7), 8), 9, ((10), (-11)), 12), ((-13, 14), (-15)), 16, -17), ((18, ((-19, 20), (-21)), 22, ((-23), 24), 25, ((26), (-27)), 28), ((-29, 30), (-31)), 32, -33), 34), (35, ((36, ((-37, 38), (-39)), 40, ((-41), 42), 43, ((44), (-45)), 46), ((-47, 48), (-49)), 50, -51), ((52, ((-53, 54), (-55)), 56, ((-57), 58), 59, ((60), (-61)), 62), ((-63, 64), (-65)), 66, -67), 68), (69, ((70, ((-71, 72), (-73)), 74, ((-75), 76), 77, ((78), (-79)), 80), ((-81, 82), (-83)), 84, -85), ((86, ((-87, 88), (-89)), 90, ((-91), 92), 93, ((94), (-95)), 96), ((-97, 98), (-99)), 100, -101), 102), (103, ((104, ((-105, 106), (-107)), 108, ((-109), 110), 111, ((112), (-113)), 114), ((-115, 116), (-117)), 118, -119), ((120, ((-121, 122), (-123)), 124, ((-125), 126), 127, ((128), (-129)), 130), ((-131, 132), (-133)), 134, -135), 136)))
passStructNestedIrregularEvenBiggerx4((1, ((2, ((-3, 4), (-5.0)), 6, ((-7.0), 8.0), 9, ((10.0), (-11.0)), 12), ((-13, 14), (-15.0)), 16.0, -17.0), ((18, ((-19, 20), (-21.0)), 22, ((-23.0), 24.0), 25, ((26.0), (-27.0)), 28), ((-29, 30), (-31.0)), 32.0, -33.0), 34.0), (35, ((36, ((-37, 38), (-39.0)), 40, ((-41.0), 42.0), 43, ((44.0), (-45.0)), 46), ((-47, 48), (-49.0)), 50.0, -51.0), ((52, ((-53, 54), (-55.0)), 56, ((-57.0), 58.0), 59, ((60.0), (-61.0)), 62), ((-63, 64), (-65.0)), 66.0, -67.0), 68.0), (69, ((70, ((-71, 72), (-73.0)), 74, ((-75.0), 76.0), 77, ((78.0), (-79.0)), 80), ((-81, 82), (-83.0)), 84.0, -85.0), ((86, ((-87, 88), (-89.0)), 90, ((-91.0), 92.0), 93, ((94.0), (-95.0)), 96), ((-97, 98), (-99.0)), 100.0, -101.0), 102.0), (103, ((104, ((-105, 106), (-107.0)), 108, ((-109.0), 110.0), 111, ((112.0), (-113.0)), 114), ((-115, 116), (-117.0)), 118.0, -119.0), ((120, ((-121, 122), (-123.0)), 124, ((-125.0), 126.0), 127, ((128.0), (-129.0)), 130), ((-131, 132), (-133.0)), 134.0, -135.0), 136.0))
result = 1572.0
result = 1572
passStructNestedIrregularEvenBiggerx4((42, ((2, ((-3, 4), (-5.0)), 6, ((-7.0), 8.0), 9, ((10.0), (-11.0)), 12), ((-13, 14), (-15.0)), 16.0, -17.0), ((18, ((-19, 20), (-21.0)), 22, ((-23.0), 24.0), 25, ((26.0), (-27.0)), 28), ((-29, 30), (-31.0)), 32.0, -33.0), 34.0), (35, ((36, ((-37, 38), (-39.0)), 40, ((-41.0), 42.0), 43, ((44.0), (-45.0)), 46), ((-47, 48), (-49.0)), 50.0, -51.0), ((52, ((-53, 54), (-55.0)), 56, ((-57.0), 58.0), 59, ((60.0), (-61.0)), 62), ((-63, 64), (-65.0)), 66.0, -67.0), 68.0), (69, ((70, ((-71, 72), (-73.0)), 74, ((-75.0), 76.0), 77, ((78.0), (-79.0)), 80), ((-81, 82), (-83.0)), 84.0, -85.0), ((86, ((-87, 88), (-89.0)), 90, ((-91.0), 92.0), 93, ((94.0), (-95.0)), 96), ((-97, 98), (-99.0)), 100.0, -101.0), 102.0), (103, ((104, ((-105, 106), (-107.0)), 108, ((-109.0), 110.0), 111, ((112.0), (-113.0)), 114), ((-115, 116), (-117.0)), 118.0, -119.0), ((120, ((-121, 122), (-123.0)), 124, ((-125.0), 126.0), 127, ((128.0), (-129.0)), 130), ((-131, 132), (-133.0)), 134.0, -135.0), 136.0))
throwing!
passStructNestedIrregularEvenBiggerx4((84, ((2, ((-3, 4), (-5.0)), 6, ((-7.0), 8.0), 9, ((10.0), (-11.0)), 12), ((-13, 14), (-15.0)), 16.0, -17.0), ((18, ((-19, 20), (-21.0)), 22, ((-23.0), 24.0), 25, ((26.0), (-27.0)), 28), ((-29, 30), (-31.0)), 32.0, -33.0), 34.0), (35, ((36, ((-37, 38), (-39.0)), 40, ((-41.0), 42.0), 43, ((44.0), (-45.0)), 46), ((-47, 48), (-49.0)), 50.0, -51.0), ((52, ((-53, 54), (-55.0)), 56, ((-57.0), 58.0), 59, ((60.0), (-61.0)), 62), ((-63, 64), (-65.0)), 66.0, -67.0), 68.0), (69, ((70, ((-71, 72), (-73.0)), 74, ((-75.0), 76.0), 77, ((78.0), (-79.0)), 80), ((-81, 82), (-83.0)), 84.0, -85.0), ((86, ((-87, 88), (-89.0)), 90, ((-91.0), 92.0), 93, ((94.0), (-95.0)), 96), ((-97, 98), (-99.0)), 100.0, -101.0), 102.0), (103, ((104, ((-105, 106), (-107.0)), 108, ((-109.0), 110.0), 111, ((112.0), (-113.0)), 114), ((-115, 116), (-117.0)), 118.0, -119.0), ((120, ((-121, 122), (-123.0)), 124, ((-125.0), 126.0), 127, ((128.0), (-129.0)), 130), ((-131, 132), (-133.0)), 134.0, -135.0), 136.0))
throwing!
after callback result = 1572.0
==== Running PassStruct8BytesInlineArrayIntx4
Calling TestPassStruct8BytesInlineArrayIntx4((([1, 2, 3, 4, 5, 6, 7, 8]), ([9, 10, 11, 12, 13, 14, 15, 16]), ([17, 18, 19, 20, 21, 22, 23, 24]), ([25, 26, 27, 28, 29, 30, 31, 32])))
passStruct8BytesInlineArrayIntx4(([1, 2, 3, 4, 5, 6, 7, 8]), ([9, 10, 11, 12, 13, 14, 15, 16]), ([17, 18, 19, 20, 21, 22, 23, 24]), ([25, 26, 27, 28, 29, 30, 31, 32]))
result = 528
result = 528
passStruct8BytesInlineArrayIntx4(([42, 2, 3, 4, 5, 6, 7, 8]), ([9, 10, 11, 12, 13, 14, 15, 16]), ([17, 18, 19, 20, 21, 22, 23, 24]), ([25, 26, 27, 28, 29, 30, 31, 32]))
throwing!
passStruct8BytesInlineArrayIntx4(([84, 2, 3, 4, 5, 6, 7, 8]), ([9, 10, 11, 12, 13, 14, 15, 16]), ([17, 18, 19, 20, 21, 22, 23, 24]), ([25, 26, 27, 28, 29, 30, 31, 32]))
throwing!
after callback result = 528
==== Running PassStructInlineArrayIrregularx4
Calling TestPassStructInlineArrayIrregularx4((([(-1, 2), (-3, 4)], 5), ([(6, -7), (8, -9)], 10), ([(-11, 12), (-13, 14)], 15), ([(16, -17), (18, -19)], 20)))
passStructInlineArrayIrregularx4(([(-1, 2), (-3, 4)], 5), ([(6, -7), (8, -9)], 10), ([(-11, 12), (-13, 14)], 15), ([(16, -17), (18, -19)], 20))
result = 50
result = 50
passStructInlineArrayIrregularx4(([(42, 2), (-3, 4)], 5), ([(6, -7), (8, -9)], 10), ([(-11, 12), (-13, 14)], 15), ([(16, -17), (18, -19)], 20))
throwing!
passStructInlineArrayIrregularx4(([(84, 2), (-3, 4)], 5), ([(6, -7), (8, -9)], 10), ([(-11, 12), (-13, 14)], 15), ([(16, -17), (18, -19)], 20))
throwing!
after callback result = 50
==== Running PassStructInlineArray100Bytes
Calling TestPassStructInlineArray100Bytes((([1, 2, 3, 4, 5, 6, 7, 8, 9, 10, 11, 12, 13, 14, 15, 16, 17, 18, 19, 20, 21, 22, 23, 24, 25, 26, 27, 28, 29, 30, 31, 32, 33, 34, 35, 36, 37, 38, 39, 40, 41, 42, 43, 44, 45, 46, 47, 48, 49, 50, 51, 52, 53, 54, 55, 56, 57, 58, 59, 60, 61, 62, 63, 64, 65, 66, 67, 68, 69, 70, 71, 72, 73, 74, 75, 76, 77, 78, 79, 80, 81, 82, 83, 84, 85, 86, 87, 88, 89, 90, 91, 92, 93, 94, 95, 96, 97, 98, 99, 100])))
passStructInlineArray100Bytes(([1, 2, 3, 4, 5, 6, 7, 8, 9, 10, 11, 12, 13, 14, 15, 16, 17, 18, 19, 20, 21, 22, 23, 24, 25, 26, 27, 28, 29, 30, 31, 32, 33, 34, 35, 36, 37, 38, 39, 40, 41, 42, 43, 44, 45, 46, 47, 48, 49, 50, 51, 52, 53, 54, 55, 56, 57, 58, 59, 60, 61, 62, 63, 64, 65, 66, 67, 68, 69, 70, 71, 72, 73, 74, 75, 76, 77, 78, 79, 80, 81, 82, 83, 84, 85, 86, 87, 88, 89, 90, 91, 92, 93, 94, 95, 96, 97, 98, 99, 100]))
result = 5050
result = 5050
passStructInlineArray100Bytes(([42, 2, 3, 4, 5, 6, 7, 8, 9, 10, 11, 12, 13, 14, 15, 16, 17, 18, 19, 20, 21, 22, 23, 24, 25, 26, 27, 28, 29, 30, 31, 32, 33, 34, 35, 36, 37, 38, 39, 40, 41, 42, 43, 44, 45, 46, 47, 48, 49, 50, 51, 52, 53, 54, 55, 56, 57, 58, 59, 60, 61, 62, 63, 64, 65, 66, 67, 68, 69, 70, 71, 72, 73, 74, 75, 76, 77, 78, 79, 80, 81, 82, 83, 84, 85, 86, 87, 88, 89, 90, 91, 92, 93, 94, 95, 96, 97, 98, 99, 100]))
throwing!
passStructInlineArray100Bytes(([84, 2, 3, 4, 5, 6, 7, 8, 9, 10, 11, 12, 13, 14, 15, 16, 17, 18, 19, 20, 21, 22, 23, 24, 25, 26, 27, 28, 29, 30, 31, 32, 33, 34, 35, 36, 37, 38, 39, 40, 41, 42, 43, 44, 45, 46, 47, 48, 49, 50, 51, 52, 53, 54, 55, 56, 57, 58, 59, 60, 61, 62, 63, 64, 65, 66, 67, 68, 69, 70, 71, 72, 73, 74, 75, 76, 77, 78, 79, 80, 81, 82, 83, 84, 85, 86, 87, 88, 89, 90, 91, 92, 93, 94, 95, 96, 97, 98, 99, 100]))
throwing!
after callback result = 5050
==== Running PassStructStruct16BytesHomogeneousFloat2x5
Calling TestPassStructStruct16BytesHomogeneousFloat2x5((((-1), [(2), (-3)], 4), ((-5), [(6), (-7)], 8), ((-9), [(10), (-11)], 12), ((-13), [(14), (-15)], 16), ((-17), [(18), (-19)], 20)))
passStructStruct16BytesHomogeneousFloat2x5(((-1.0), [(2.0), (-3.0)], 4.0), ((-5.0), [(6.0), (-7.0)], 8.0), ((-9.0), [(10.0), (-11.0)], 12.0), ((-13.0), [(14.0), (-15.0)], 16.0), ((-17.0), [(18.0), (-19.0)], 20.0))
result = 10.0
result = 10
passStructStruct16BytesHomogeneousFloat2x5(((42.0), [(2.0), (-3.0)], 4.0), ((-5.0), [(6.0), (-7.0)], 8.0), ((-9.0), [(10.0), (-11.0)], 12.0), ((-13.0), [(14.0), (-15.0)], 16.0), ((-17.0), [(18.0), (-19.0)], 20.0))
throwing!
passStructStruct16BytesHomogeneousFloat2x5(((84.0), [(2.0), (-3.0)], 4.0), ((-5.0), [(6.0), (-7.0)], 8.0), ((-9.0), [(10.0), (-11.0)], 12.0), ((-13.0), [(14.0), (-15.0)], 16.0), ((-17.0), [(18.0), (-19.0)], 20.0))
throwing!
after callback result = 10.0
==== Running PassStructStruct32BytesHomogeneousDouble2x5
Calling TestPassStructStruct32BytesHomogeneousDouble2x5((((-1), [(2), (-3)], 4), ((-5), [(6), (-7)], 8), ((-9), [(10), (-11)], 12), ((-13), [(14), (-15)], 16), ((-17), [(18), (-19)], 20)))
passStructStruct32BytesHomogeneousDouble2x5(((-1.0), [(2.0), (-3.0)], 4.0), ((-5.0), [(6.0), (-7.0)], 8.0), ((-9.0), [(10.0), (-11.0)], 12.0), ((-13.0), [(14.0), (-15.0)], 16.0), ((-17.0), [(18.0), (-19.0)], 20.0))
result = 10.0
result = 10
passStructStruct32BytesHomogeneousDouble2x5(((42.0), [(2.0), (-3.0)], 4.0), ((-5.0), [(6.0), (-7.0)], 8.0), ((-9.0), [(10.0), (-11.0)], 12.0), ((-13.0), [(14.0), (-15.0)], 16.0), ((-17.0), [(18.0), (-19.0)], 20.0))
throwing!
passStructStruct32BytesHomogeneousDouble2x5(((84.0), [(2.0), (-3.0)], 4.0), ((-5.0), [(6.0), (-7.0)], 8.0), ((-9.0), [(10.0), (-11.0)], 12.0), ((-13.0), [(14.0), (-15.0)], 16.0), ((-17.0), [(18.0), (-19.0)], 20.0))
throwing!
after callback result = 10.0
==== Running PassStructStruct16BytesMixed3x10
Calling TestPassStructStruct16BytesMixed3x10((((-1), [(2, -3, 4)], [-5, 6]), ((-7), [(8, -9, 10)], [-11, 12]), ((-13), [(14, -15, 16)], [-17, 18]), ((-19), [(20, -21, 22)], [-23, 24]), ((-25), [(26, -27, 28)], [-29, 30]), ((-31), [(32, -33, 34)], [-35, 36]), ((-37), [(38, -39, 40)], [-41, 42]), ((-43), [(44, -45, 46)], [-47, 48]), ((-49), [(50, -51, 52)], [-53, 54]), ((-55), [(56, -57, 58)], [-59, 60])))
passStructStruct16BytesMixed3x10(((-1.0), [(2.0, -3, 4)], [-5, 6]), ((-7.0), [(8.0, -9, 10)], [-11, 12]), ((-13.0), [(14.0, -15, 16)], [-17, 18]), ((-19.0), [(20.0, -21, 22)], [-23, 24]), ((-25.0), [(26.0, -27, 28)], [-29, 30]), ((-31.0), [(32.0, -33, 34)], [-35, 36]), ((-37.0), [(38.0, -39, 40)], [-41, 42]), ((-43.0), [(44.0, -45, 46)], [-47, 48]), ((-49.0), [(50.0, -51, 52)], [-53, 54]), ((-55.0), [(56.0, -57, 58)], [-59, 60]))
result = 30.0
result = 30
passStructStruct16BytesMixed3x10(((42.0), [(2.0, -3, 4)], [-5, 6]), ((-7.0), [(8.0, -9, 10)], [-11, 12]), ((-13.0), [(14.0, -15, 16)], [-17, 18]), ((-19.0), [(20.0, -21, 22)], [-23, 24]), ((-25.0), [(26.0, -27, 28)], [-29, 30]), ((-31.0), [(32.0, -33, 34)], [-35, 36]), ((-37.0), [(38.0, -39, 40)], [-41, 42]), ((-43.0), [(44.0, -45, 46)], [-47, 48]), ((-49.0), [(50.0, -51, 52)], [-53, 54]), ((-55.0), [(56.0, -57, 58)], [-59, 60]))
throwing!
passStructStruct16BytesMixed3x10(((84.0), [(2.0, -3, 4)], [-5, 6]), ((-7.0), [(8.0, -9, 10)], [-11, 12]), ((-13.0), [(14.0, -15, 16)], [-17, 18]), ((-19.0), [(20.0, -21, 22)], [-23, 24]), ((-25.0), [(26.0, -27, 28)], [-29, 30]), ((-31.0), [(32.0, -33, 34)], [-35, 36]), ((-37.0), [(38.0, -39, 40)], [-41, 42]), ((-43.0), [(44.0, -45, 46)], [-47, 48]), ((-49.0), [(50.0, -51, 52)], [-53, 54]), ((-55.0), [(56.0, -57, 58)], [-59, 60]))
throwing!
after callback result = 30.0
==== Running PassUint8Struct32BytesInlineArrayMultiDimensionalI
Calling TestPassUint8Struct32BytesInlineArrayMultiDimensionalI((1, ([[[[[2, 3], [4, 5]], [[6, 7], [8, 9]]], [[[10, 11], [12, 13]], [[14, 15], [16, 17]]]], [[[[18, 19], [20, 21]], [[22, 23], [24, 25]]], [[[26, 27], [28, 29]], [[30, 31], [32, 33]]]]]), 34, ([[[35, 36], [37, 38]], [[39, 40], [41, 42]]]), 43, ([[[44, 45], [46, 47]], [[48, 49], [50, 51]]]), 52))
passUint8Struct32BytesInlineArrayMultiDimensionalI(1, ([[[[[2, 3], [4, 5]], [[6, 7], [8, 9]]], [[[10, 11], [12, 13]], [[14, 15], [16, 17]]]], [[[[18, 19], [20, 21]], [[22, 23], [24, 25]]], [[[26, 27], [28, 29]], [[30, 31], [32, 33]]]]]), 34, ([[[35, 36], [37, 38]], [[39, 40], [41, 42]]]), 43, ([[[44, 45], [46, 47]], [[48, 49], [50, 51]]]), 52)
result = 1378
result = 1378
passUint8Struct32BytesInlineArrayMultiDimensionalI(42, ([[[[[2, 3], [4, 5]], [[6, 7], [8, 9]]], [[[10, 11], [12, 13]], [[14, 15], [16, 17]]]], [[[[18, 19], [20, 21]], [[22, 23], [24, 25]]], [[[26, 27], [28, 29]], [[30, 31], [32, 33]]]]]), 34, ([[[35, 36], [37, 38]], [[39, 40], [41, 42]]]), 43, ([[[44, 45], [46, 47]], [[48, 49], [50, 51]]]), 52)
throwing!
passUint8Struct32BytesInlineArrayMultiDimensionalI(84, ([[[[[2, 3], [4, 5]], [[6, 7], [8, 9]]], [[[10, 11], [12, 13]], [[14, 15], [16, 17]]]], [[[[18, 19], [20, 21]], [[22, 23], [24, 25]]], [[[26, 27], [28, 29]], [[30, 31], [32, 33]]]]]), 34, ([[[35, 36], [37, 38]], [[39, 40], [41, 42]]]), 43, ([[[44, 45], [46, 47]], [[48, 49], [50, 51]]]), 52)
throwing!
after callback result = 1378
==== Running PassUint8Struct4BytesInlineArrayMultiDimensionalIn
Calling TestPassUint8Struct4BytesInlineArrayMultiDimensionalIn((1, ([[(2), (-3)], [(4), (-5)]]), 6))
passUint8Struct4BytesInlineArrayMultiDimensionalIn(1, ([[(2), (-3)], [(4), (-5)]]), 6)
result = 5
result = 5
passUint8Struct4BytesInlineArrayMultiDimensionalIn(42, ([[(2), (-3)], [(4), (-5)]]), 6)
throwing!
passUint8Struct4BytesInlineArrayMultiDimensionalIn(84, ([[(2), (-3)], [(4), (-5)]]), 6)
throwing!
after callback result = 5
==== Running PassStruct3BytesPackedIntx10
Calling TestPassStruct3BytesPackedIntx10(((-1, 2), (-3, 4), (-5, 6), (-7, 8), (-9, 10), (-11, 12), (-13, 14), (-15, 16), (-17, 18), (-19, 20)))
passStruct3BytesPackedIntx10((-1, 2), (-3, 4), (-5, 6), (-7, 8), (-9, 10), (-11, 12), (-13, 14), (-15, 16), (-17, 18), (-19, 20))
result = 10
result = 10
passStruct3BytesPackedIntx10((42, 2), (-3, 4), (-5, 6), (-7, 8), (-9, 10), (-11, 12), (-13, 14), (-15, 16), (-17, 18), (-19, 20))
throwing!
passStruct3BytesPackedIntx10((84, 2), (-3, 4), (-5, 6), (-7, 8), (-9, 10), (-11, 12), (-13, 14), (-15, 16), (-17, 18), (-19, 20))
throwing!
after callback result = 10
==== Running PassStruct8BytesPackedIntx10
Calling TestPassStruct8BytesPackedIntx10(((1, 2, 3, 4, 5), (6, 7, 8, 9, 10), (11, 12, 13, 14, 15), (16, 17, 18, 19, 20), (21, 22, 23, 24, 25), (26, 27, 28, 29, 30), (31, 32, 33, 34, 35), (36, 37, 38, 39, 40), (41, 42, 43, 44, 45), (46, 47, 48, 49, 50)))
passStruct8BytesPackedIntx10((1, 2, 3, 4, 5), (6, 7, 8, 9, 10), (11, 12, 13, 14, 15), (16, 17, 18, 19, 20), (21, 22, 23, 24, 25), (26, 27, 28, 29, 30), (31, 32, 33, 34, 35), (36, 37, 38, 39, 40), (41, 42, 43, 44, 45), (46, 47, 48, 49, 50))
result = 1275
result = 1275
passStruct8BytesPackedIntx10((42, 2, 3, 4, 5), (6, 7, 8, 9, 10), (11, 12, 13, 14, 15), (16, 17, 18, 19, 20), (21, 22, 23, 24, 25), (26, 27, 28, 29, 30), (31, 32, 33, 34, 35), (36, 37, 38, 39, 40), (41, 42, 43, 44, 45), (46, 47, 48, 49, 50))
throwing!
passStruct8BytesPackedIntx10((84, 2, 3, 4, 5), (6, 7, 8, 9, 10), (11, 12, 13, 14, 15), (16, 17, 18, 19, 20), (21, 22, 23, 24, 25), (26, 27, 28, 29, 30), (31, 32, 33, 34, 35), (36, 37, 38, 39, 40), (41, 42, 43, 44, 45), (46, 47, 48, 49, 50))
throwing!
after callback result = 1275
==== Running PassStruct9BytesPackedMixedx10DoubleInt32x2
Calling TestPassStruct9BytesPackedMixedx10DoubleInt32x2(((1, 2), (3, 4), (5, 6), (7, 8), (9, 10), (11, 12), (13, 14), (15, 16), (17, 18), (19, 20), -21, 22, -23))
passStruct9BytesPackedMixedx10DoubleInt32x2((1, 2.0), (3, 4.0), (5, 6.0), (7, 8.0), (9, 10.0), (11, 12.0), (13, 14.0), (15, 16.0), (17, 18.0), (19, 20.0), -21.0, 22, -23)
result = 188.0
result = 188
passStruct9BytesPackedMixedx10DoubleInt32x2((42, 2.0), (3, 4.0), (5, 6.0), (7, 8.0), (9, 10.0), (11, 12.0), (13, 14.0), (15, 16.0), (17, 18.0), (19, 20.0), -21.0, 22, -23)
throwing!
passStruct9BytesPackedMixedx10DoubleInt32x2((84, 2.0), (3, 4.0), (5, 6.0), (7, 8.0), (9, 10.0), (11, 12.0), (13, 14.0), (15, 16.0), (17, 18.0), (19, 20.0), -21.0, 22, -23)
throwing!
after callback result = 188.0
==== Running PassStruct5BytesPackedMixed
Calling TestPassStruct5BytesPackedMixed(((-1, 2)))
passStruct5BytesPackedMixed((-1.0, 2))
result = 1.0
result = 1
passStruct5BytesPackedMixed((42.0, 2))
throwing!
passStruct5BytesPackedMixed((84.0, 2))
throwing!
after callback result = 1.0
==== Running PassStructNestedAlignmentStruct5BytesPackedMixed
Calling TestPassStructNestedAlignmentStruct5BytesPackedMixed(((1, (2, 3))))
passStructNestedAlignmentStruct5BytesPackedMixed((1, (2.0, 3)))
result = 6.0
result = 6
passStructNestedAlignmentStruct5BytesPackedMixed((42, (2.0, 3)))
throwing!
passStructNestedAlignmentStruct5BytesPackedMixed((84, (2.0, 3)))
throwing!
after callback result = 6.0
==== Running PassStruct6BytesInlineArrayInt
Calling TestPassStruct6BytesInlineArrayInt((([(-1, 2), (-3, 4)])))
passStruct6BytesInlineArrayInt(([(-1, 2), (-3, 4)]))
result = 2.0
result = 2
passStruct6BytesInlineArrayInt(([(42, 2), (-3, 4)]))
throwing!
passStruct6BytesInlineArrayInt(([(84, 2), (-3, 4)]))
throwing!
after callback result = 2.0
==== Running PassStruct15BytesInlineArrayMixed
Calling TestPassStruct15BytesInlineArrayMixed((([(-1, 2), (-3, 4), (-5, 6)])))
passStruct15BytesInlineArrayMixed(([(-1.0, 2), (-3.0, 4), (-5.0, 6)]))
result = 3.0
result = 3
passStruct15BytesInlineArrayMixed(([(42.0, 2), (-3.0, 4), (-5.0, 6)]))
throwing!
passStruct15BytesInlineArrayMixed(([(84.0, 2), (-3.0, 4), (-5.0, 6)]))
throwing!
after callback result = 3.0
==== Running PassUnion4BytesMixedx10
Calling TestPassUnion4BytesMixedx10(((1, 1.4013e-45), (2, 2.8026e-45), (3, 4.2039e-45), (4, 5.60519e-45), (5, 7.00649e-45), (6, 8.40779e-45), (7, 9.80909e-45), (8, 1.12104e-44), (9, 1.26117e-44), (10, 1.4013e-44)))
passUnion4BytesMixedx10((1, 1.401298464324817e-45), (2, 2.802596928649634e-45), (3, 4.203895392974451e-45), (4, 5.605193857299268e-45), (5, 7.006492321624085e-45), (6, 8.407790785948902e-45), (7, 9.80908925027372e-45), (8, 1.1210387714598537e-44), (9, 1.2611686178923354e-44), (10, 1.401298464324817e-44))
result = 55.0
result = 55
passUnion4BytesMixedx10((42, 5.885453550164232e-44), (2, 2.802596928649634e-45), (3, 4.203895392974451e-45), (4, 5.605193857299268e-45), (5, 7.006492321624085e-45), (6, 8.407790785948902e-45), (7, 9.80908925027372e-45), (8, 1.1210387714598537e-44), (9, 1.2611686178923354e-44), (10, 1.401298464324817e-44))
throwing!
passUnion4BytesMixedx10((84, 1.1770907100328463e-43), (2, 2.802596928649634e-45), (3, 4.203895392974451e-45), (4, 5.605193857299268e-45), (5, 7.006492321624085e-45), (6, 8.407790785948902e-45), (7, 9.80908925027372e-45), (8, 1.1210387714598537e-44), (9, 1.2611686178923354e-44), (10, 1.401298464324817e-44))
throwing!
after callback result = 55.0
==== Running PassUnion8BytesNestedFloatx10
Calling TestPassUnion8BytesNestedFloatx10(((-1, (0, -1.875)), (2, (0, 2)), (-3, (0, -2.125)), (4, (0, 2.25)), (-5, (0, -2.3125)), (6, (0, 2.375)), (-7, (0, -2.4375)), (8, (0, 2.5)), (-9, (0, -2.53125)), (10, (0, 2.5625))))
passUnion8BytesNestedFloatx10((-1.0, (0.0, -1.875)), (2.0, (0.0, 2.0)), (-3.0, (0.0, -2.125)), (4.0, (0.0, 2.25)), (-5.0, (0.0, -2.3125)), (6.0, (0.0, 2.375)), (-7.0, (0.0, -2.4375)), (8.0, (0.0, 2.5)), (-9.0, (0.0, -2.53125)), (10.0, (0.0, 2.5625)))
result = 5.0
result = 5
passUnion8BytesNestedFloatx10((42.0, (0.0, 3.078125)), (2.0, (0.0, 2.0)), (-3.0, (0.0, -2.125)), (4.0, (0.0, 2.25)), (-5.0, (0.0, -2.3125)), (6.0, (0.0, 2.375)), (-7.0, (0.0, -2.4375)), (8.0, (0.0, 2.5)), (-9.0, (0.0, -2.53125)), (10.0, (0.0, 2.5625)))
throwing!
passUnion8BytesNestedFloatx10((84.0, (0.0, 3.328125)), (2.0, (0.0, 2.0)), (-3.0, (0.0, -2.125)), (4.0, (0.0, 2.25)), (-5.0, (0.0, -2.3125)), (6.0, (0.0, 2.375)), (-7.0, (0.0, -2.4375)), (8.0, (0.0, 2.5)), (-9.0, (0.0, -2.53125)), (10.0, (0.0, 2.5625)))
throwing!
after callback result = 5.0
==== Running PassUnion9BytesNestedIntx10
Calling TestPassUnion9BytesNestedIntx10((((-1, 2, -3), (255, 255, 2, 0, 253, 255, 255, 255, 0)), ((4, -5, 6), (4, 0, 251, 255, 6, 0, 0, 0, 0)), ((-7, 8, -9), (249, 255, 8, 0, 247, 255, 255, 255, 0)), ((10, -11, 12), (10, 0, 245, 255, 12, 0, 0, 0, 0)), ((-13, 14, -15), (243, 255, 14, 0, 241, 255, 255, 255, 0)), ((16, -17, 18), (16, 0, 239, 255, 18, 0, 0, 0, 0)), ((-19, 20, -21), (237, 255, 20, 0, 235, 255, 255, 255, 0)), ((22, -23, 24), (22, 0, 233, 255, 24, 0, 0, 0, 0)), ((-25, 26, -27), (231, 255, 26, 0, 229, 255, 255, 255, 0)), ((28, -29, 30), (28, 0, 227, 255, 30, 0, 0, 0, 0))))
passUnion9BytesNestedIntx10(((-1, 2, -3), (255, 255, 2, 0, 253, 255, 255, 255, 0)), ((4, -5, 6), (4, 0, 251, 255, 6, 0, 0, 0, 0)), ((-7, 8, -9), (249, 255, 8, 0, 247, 255, 255, 255, 0)), ((10, -11, 12), (10, 0, 245, 255, 12, 0, 0, 0, 0)), ((-13, 14, -15), (243, 255, 14, 0, 241, 255, 255, 255, 0)), ((16, -17, 18), (16, 0, 239, 255, 18, 0, 0, 0, 0)), ((-19, 20, -21), (237, 255, 20, 0, 235, 255, 255, 255, 0)), ((22, -23, 24), (22, 0, 233, 255, 24, 0, 0, 0, 0)), ((-25, 26, -27), (231, 255, 26, 0, 229, 255, 255, 255, 0)), ((28, -29, 30), (28, 0, 227, 255, 30, 0, 0, 0, 0)))
result = 15.0
result = 15
passUnion9BytesNestedIntx10(((42, 2, -3), (42, 0, 2, 0, 253, 255, 255, 255, 0)), ((4, -5, 6), (4, 0, 251, 255, 6, 0, 0, 0, 0)), ((-7, 8, -9), (249, 255, 8, 0, 247, 255, 255, 255, 0)), ((10, -11, 12), (10, 0, 245, 255, 12, 0, 0, 0, 0)), ((-13, 14, -15), (243, 255, 14, 0, 241, 255, 255, 255, 0)), ((16, -17, 18), (16, 0, 239, 255, 18, 0, 0, 0, 0)), ((-19, 20, -21), (237, 255, 20, 0, 235, 255, 255, 255, 0)), ((22, -23, 24), (22, 0, 233, 255, 24, 0, 0, 0, 0)), ((-25, 26, -27), (231, 255, 26, 0, 229, 255, 255, 255, 0)), ((28, -29, 30), (28, 0, 227, 255, 30, 0, 0, 0, 0)))
throwing!
passUnion9BytesNestedIntx10(((84, 2, -3), (84, 0, 2, 0, 253, 255, 255, 255, 0)), ((4, -5, 6), (4, 0, 251, 255, 6, 0, 0, 0, 0)), ((-7, 8, -9), (249, 255, 8, 0, 247, 255, 255, 255, 0)), ((10, -11, 12), (10, 0, 245, 255, 12, 0, 0, 0, 0)), ((-13, 14, -15), (243, 255, 14, 0, 241, 255, 255, 255, 0)), ((16, -17, 18), (16, 0, 239, 255, 18, 0, 0, 0, 0)), ((-19, 20, -21), (237, 255, 20, 0, 235, 255, 255, 255, 0)), ((22, -23, 24), (22, 0, 233, 255, 24, 0, 0, 0, 0)), ((-25, 26, -27), (231, 255, 26, 0, 229, 255, 255, 255, 0)), ((28, -29, 30), (28, 0, 227, 255, 30, 0, 0, 0, 0)))
throwing!
after callback result = 15.0
==== Running PassUnion16BytesNestedInlineArrayFloatx10
Calling TestPassUnion16BytesNestedInlineArrayFloatx10((([-1, 2, -3, 4], (-1, 2, -3, 4)), ([-5, 6, -7, 8], (-5, 6, -7, 8)), ([-9, 10, -11, 12], (-9, 10, -11, 12)), ([-13, 14, -15, 16], (-13, 14, -15, 16)), ([-17, 18, -19, 20], (-17, 18, -19, 20)), ([-21, 22, -23, 24], (-21, 22, -23, 24)), ([-25, 26, -27, 28], (-25, 26, -27, 28)), ([-29, 30, -31, 32], (-29, 30, -31, 32)), ([-33, 34, -35, 36], (-33, 34, -35, 36)), ([-37, 38, -39, 40], (-37, 38, -39, 40))))
passUnion16BytesNestedInlineArrayFloatx10(([-1.0, 2.0, -3.0, 4.0], (-1.0, 2.0, -3.0, 4.0)), ([-5.0, 6.0, -7.0, 8.0], (-5.0, 6.0, -7.0, 8.0)), ([-9.0, 10.0, -11.0, 12.0], (-9.0, 10.0, -11.0, 12.0)), ([-13.0, 14.0, -15.0, 16.0], (-13.0, 14.0, -15.0, 16.0)), ([-17.0, 18.0, -19.0, 20.0], (-17.0, 18.0, -19.0, 20.0)), ([-21.0, 22.0, -23.0, 24.0], (-21.0, 22.0, -23.0, 24.0)), ([-25.0, 26.0, -27.0, 28.0], (-25.0, 26.0, -27.0, 28.0)), ([-29.0, 30.0, -31.0, 32.0], (-29.0, 30.0, -31.0, 32.0)), ([-33.0, 34.0, -35.0, 36.0], (-33.0, 34.0, -35.0, 36.0)), ([-37.0, 38.0, -39.0, 40.0], (-37.0, 38.0, -39.0, 40.0)))
result = 20.0
result = 20
passUnion16BytesNestedInlineArrayFloatx10(([42.0, 2.0, -3.0, 4.0], (42.0, 2.0, -3.0, 4.0)), ([-5.0, 6.0, -7.0, 8.0], (-5.0, 6.0, -7.0, 8.0)), ([-9.0, 10.0, -11.0, 12.0], (-9.0, 10.0, -11.0, 12.0)), ([-13.0, 14.0, -15.0, 16.0], (-13.0, 14.0, -15.0, 16.0)), ([-17.0, 18.0, -19.0, 20.0], (-17.0, 18.0, -19.0, 20.0)), ([-21.0, 22.0, -23.0, 24.0], (-21.0, 22.0, -23.0, 24.0)), ([-25.0, 26.0, -27.0, 28.0], (-25.0, 26.0, -27.0, 28.0)), ([-29.0, 30.0, -31.0, 32.0], (-29.0, 30.0, -31.0, 32.0)), ([-33.0, 34.0, -35.0, 36.0], (-33.0, 34.0, -35.0, 36.0)), ([-37.0, 38.0, -39.0, 40.0], (-37.0, 38.0, -39.0, 40.0)))
throwing!
passUnion16BytesNestedInlineArrayFloatx10(([84.0, 2.0, -3.0, 4.0], (84.0, 2.0, -3.0, 4.0)), ([-5.0, 6.0, -7.0, 8.0], (-5.0, 6.0, -7.0, 8.0)), ([-9.0, 10.0, -11.0, 12.0], (-9.0, 10.0, -11.0, 12.0)), ([-13.0, 14.0, -15.0, 16.0], (-13.0, 14.0, -15.0, 16.0)), ([-17.0, 18.0, -19.0, 20.0], (-17.0, 18.0, -19.0, 20.0)), ([-21.0, 22.0, -23.0, 24.0], (-21.0, 22.0, -23.0, 24.0)), ([-25.0, 26.0, -27.0, 28.0], (-25.0, 26.0, -27.0, 28.0)), ([-29.0, 30.0, -31.0, 32.0], (-29.0, 30.0, -31.0, 32.0)), ([-33.0, 34.0, -35.0, 36.0], (-33.0, 34.0, -35.0, 36.0)), ([-37.0, 38.0, -39.0, 40.0], (-37.0, 38.0, -39.0, 40.0)))
throwing!
after callback result = 20.0
==== Running PassUnion16BytesNestedFloatx10
Calling TestPassUnion16BytesNestedFloatx10((((-1, 2), (-1, 2, 0), (-1, 2, 0, 0)), ((-3, 4), (-3, 4, 0), (-3, 4, 0, 0)), ((-5, 6), (-5, 6, 0), (-5, 6, 0, 0)), ((-7, 8), (-7, 8, 0), (-7, 8, 0, 0)), ((-9, 10), (-9, 10, 0), (-9, 10, 0, 0)), ((-11, 12), (-11, 12, 0), (-11, 12, 0, 0)), ((-13, 14), (-13, 14, 0), (-13, 14, 0, 0)), ((-15, 16), (-15, 16, 0), (-15, 16, 0, 0)), ((-17, 18), (-17, 18, 0), (-17, 18, 0, 0)), ((-19, 20), (-19, 20, 0), (-19, 20, 0, 0))))
passUnion16BytesNestedFloatx10(((-1.0, 2.0), (-1.0, 2.0, 0.0), (-1.0, 2.0, 0.0, 0.0)), ((-3.0, 4.0), (-3.0, 4.0, 1.0990673924481656e-38), (-3.0, 4.0, 1.0990673924481656e-38, 0.0)), ((-5.0, 6.0), (-5.0, 6.0, 5.030754659486639e-17), (-5.0, 6.0, 5.030754659486639e-17, 0.0)), ((-7.0, 8.0), (-7.0, 8.0, 2.3895128246337302e-20), (-7.0, 8.0, 2.3895128246337302e-20, 0.0)), ((-9.0, 10.0), (-9.0, 10.0, 2.2458688960447845e-38), (-9.0, 10.0, 2.2458688960447845e-38, 0.0)), ((-11.0, 12.0), (-11.0, 12.0, 0.0), (-11.0, 12.0, 0.0, 0.0)), ((-13.0, 14.0), (-13.0, 14.0, 2.2452988478294972e-38), (-13.0, 14.0, 2.2452988478294972e-38, 0.0)), ((-15.0, 16.0), (-15.0, 16.0, 0.0), (-15.0, 16.0, 0.0, 0.0)), ((-17.0, 18.0), (-17.0, 18.0, 0.0), (-17.0, 18.0, 0.0, 0.0)), ((-19.0, 20.0), (-19.0, 20.0, 1.6527237817487818e-28), (-19.0, 20.0, 1.6527237817487818e-28, 0.0)))
result = 10.0
result = 10
passUnion16BytesNestedFloatx10(((42.0, 2.0), (42.0, 2.0, 0.0), (42.0, 2.0, 0.0, 0.0)), ((-3.0, 4.0), (-3.0, 4.0, 1.1165135583290095e-38), (-3.0, 4.0, 1.1165135583290095e-38, 0.0)), ((-5.0, 6.0), (-5.0, 6.0, 5.030754659486639e-17), (-5.0, 6.0, 5.030754659486639e-17, 0.0)), ((-7.0, 8.0), (-7.0, 8.0, 2.3895128246337302e-20), (-7.0, 8.0, 2.3895128246337302e-20, 0.0)), ((-9.0, 10.0), (-9.0, 10.0, 2.2458688960447845e-38), (-9.0, 10.0, 2.2458688960447845e-38, 0.0)), ((-11.0, 12.0), (-11.0, 12.0, 0.0), (-11.0, 12.0, 0.0, 0.0)), ((-13.0, 14.0), (-13.0, 14.0, 2.2452988478294972e-38), (-13.0, 14.0, 2.2452988478294972e-38, 0.0)), ((-15.0, 16.0), (-15.0, 16.0, 0.0), (-15.0, 16.0, 0.0, 0.0)), ((-17.0, 18.0), (-17.0, 18.0, 0.0), (-17.0, 18.0, 0.0, 0.0)), ((-19.0, 20.0), (-19.0, 20.0, 1.6527237817487818e-28), (-19.0, 20.0, 1.6527237817487818e-28, 0.0)))
throwing!
passUnion16BytesNestedFloatx10(((84.0, 2.0), (84.0, 2.0, 1.1332122716089826e-38), (84.0, 2.0, 1.1332122716089826e-38, 0.0)), ((-3.0, 4.0), (-3.0, 4.0, 1.1332122716089826e-38), (-3.0, 4.0, 1.1332122716089826e-38, 0.0)), ((-5.0, 6.0), (-5.0, 6.0, 5.030754659486639e-17), (-5.0, 6.0, 5.030754659486639e-17, 0.0)), ((-7.0, 8.0), (-7.0, 8.0, 2.3895128246337302e-20), (-7.0, 8.0, 2.3895128246337302e-20, 0.0)), ((-9.0, 10.0), (-9.0, 10.0, 2.2458688960447845e-38), (-9.0, 10.0, 2.2458688960447845e-38, 0.0)), ((-11.0, 12.0), (-11.0, 12.0, 0.0), (-11.0, 12.0, 0.0, 0.0)), ((-13.0, 14.0), (-13.0, 14.0, 2.2452988478294972e-38), (-13.0, 14.0, 2.2452988478294972e-38, 0.0)), ((-15.0, 16.0), (-15.0, 16.0, 0.0), (-15.0, 16.0, 0.0, 0.0)), ((-17.0, 18.0), (-17.0, 18.0, 0.0), (-17.0, 18.0, 0.0, 0.0)), ((-19.0, 20.0), (-19.0, 20.0, 1.6527237817487818e-28), (-19.0, 20.0, 1.6527237817487818e-28, 0.0)))
throwing!
after callback result = 10.0
==== Running PassUint8Boolx9Struct10BytesHomogeneousBoolBool
Calling TestPassUint8Boolx9Struct10BytesHomogeneousBoolBool((1, 0, 1, 0, 1, 0, 1, 0, 1, 0, (1, 0, 1, 0, 1, 0, 1, 0, 1, 0), 1))
passUint8Boolx9Struct10BytesHomogeneousBoolBool(1, false, true, false, true, false, true, false, true, false, (true, false, true, false, true, false, true, false, true, false), true)
result = 11
result = 11
passUint8Boolx9Struct10BytesHomogeneousBoolBool(42, false, true, false, true, false, true, false, true, false, (true, false, true, false, true, false, true, false, true, false), true)
throwing!
passUint8Boolx9Struct10BytesHomogeneousBoolBool(84, false, true, false, true, false, true, false, true, false, (true, false, true, false, true, false, true, false, true, false), true)
throwing!
after callback result = 11
==== Running PassUint8Boolx9Struct10BytesInlineArrayBoolBool
Calling TestPassUint8Boolx9Struct10BytesInlineArrayBoolBool((1, 0, 1, 0, 1, 0, 1, 0, 1, 0, ([1, 0, 1, 0, 1, 0, 1, 0, 1, 0]), 1))
passUint8Boolx9Struct10BytesInlineArrayBoolBool(1, false, true, false, true, false, true, false, true, false, ([true, false, true, false, true, false, true, false, true, false]), true)
result = 11
result = 11
passUint8Boolx9Struct10BytesInlineArrayBoolBool(42, false, true, false, true, false, true, false, true, false, ([true, false, true, false, true, false, true, false, true, false]), true)
throwing!
passUint8Boolx9Struct10BytesInlineArrayBoolBool(84, false, true, false, true, false, true, false, true, false, ([true, false, true, false, true, false, true, false, true, false]), true)
throwing!
after callback result = 11
==== Running PassUint8Struct1ByteBool
Calling TestPassUint8Struct1ByteBool((1, (0)))
passUint8Struct1ByteBool(1, (false))
result = true
result = 1
passUint8Struct1ByteBool(42, (false))
throwing!
passUint8Struct1ByteBool(84, (false))
throwing!
after callback result = true
==== Running PassWCharStructInlineArrayIntUintPtrx2LongUnsigned
Calling TestPassWCharStructInlineArrayIntUintPtrx2LongUnsigned((1, ([2, 3, 4, 5, 6, 7, 8, 9, 10, 11]), 12, 13, 14, 15))
passWCharStructInlineArrayIntUintPtrx2LongUnsigned(1, ([2, 3, 4, 5, 6, 7, 8, 9, 10, 11]), 12, 13, 14, 15)
result = 120
result = 120
passWCharStructInlineArrayIntUintPtrx2LongUnsigned(42, ([2, 3, 4, 5, 6, 7, 8, 9, 10, 11]), 12, 13, 14, 15)
throwing!
passWCharStructInlineArrayIntUintPtrx2LongUnsigned(84, ([2, 3, 4, 5, 6, 7, 8, 9, 10, 11]), 12, 13, 14, 15)
throwing!
after callback result = 120
==== Running ReturnStruct1ByteInt
Calling TestReturnStruct1ByteInt((-1))
returnStruct1ByteInt(-1)
result = (-1)
result = (-1)
returnStruct1ByteInt(42)
throwing!
returnStruct1ByteInt(84)
throwing!
after callback result = (-1)
==== Running ReturnStruct3BytesHomogeneousUint8
Calling TestReturnStruct3BytesHomogeneousUint8((1, 2, 3))
returnStruct3BytesHomogeneousUint8(1, 2, 3)
result = (1, 2, 3)
result = (1, 2, 3)
returnStruct3BytesHomogeneousUint8(42, 2, 3)
throwing!
returnStruct3BytesHomogeneousUint8(84, 2, 3)
throwing!
after callback result = (1, 2, 3)
==== Running ReturnStruct3BytesInt2ByteAligned
Calling TestReturnStruct3BytesInt2ByteAligned((-1, 2))
returnStruct3BytesInt2ByteAligned(-1, 2)
result = (-1, 2)
result = (-1, 2)
returnStruct3BytesInt2ByteAligned(42, 2)
throwing!
returnStruct3BytesInt2ByteAligned(84, 2)
throwing!
after callback result = (-1, 2)
==== Running ReturnStruct4BytesHomogeneousInt16
Calling TestReturnStruct4BytesHomogeneousInt16((-1, 2))
returnStruct4BytesHomogeneousInt16(-1, 2)
result = (-1, 2)
result = (-1, 2)
returnStruct4BytesHomogeneousInt16(42, 2)
throwing!
returnStruct4BytesHomogeneousInt16(84, 2)
throwing!
after callback result = (-1, 2)
==== Running ReturnStruct7BytesHomogeneousUint8
Calling TestReturnStruct7BytesHomogeneousUint8((1, 2, 3, 4, 5, 6, 7))
returnStruct7BytesHomogeneousUint8(1, 2, 3, 4, 5, 6, 7)
result = (1, 2, 3, 4, 5, 6, 7)
result = (1, 2, 3, 4, 5, 6, 7)
returnStruct7BytesHomogeneousUint8(42, 2, 3, 4, 5, 6, 7)
throwing!
returnStruct7BytesHomogeneousUint8(84, 2, 3, 4, 5, 6, 7)
throwing!
after callback result = (1, 2, 3, 4, 5, 6, 7)
==== Running ReturnStruct7BytesInt4ByteAligned
Calling TestReturnStruct7BytesInt4ByteAligned((-1, 2, -3))
returnStruct7BytesInt4ByteAligned(-1, 2, -3)
result = (-1, 2, -3)
result = (-1, 2, -3)
returnStruct7BytesInt4ByteAligned(42, 2, -3)
throwing!
returnStruct7BytesInt4ByteAligned(84, 2, -3)
throwing!
after callback result = (-1, 2, -3)
==== Running ReturnStruct8BytesInt
Calling TestReturnStruct8BytesInt((-1, 2, -3))
returnStruct8BytesInt(-1, 2, -3)
result = (-1, 2, -3)
result = (-1, 2, -3)
returnStruct8BytesInt(42, 2, -3)
throwing!
returnStruct8BytesInt(84, 2, -3)
throwing!
after callback result = (-1, 2, -3)
==== Running ReturnStruct8BytesHomogeneousFloat
Calling TestReturnStruct8BytesHomogeneousFloat((-1, 2))
returnStruct8BytesHomogeneousFloat(-1.0, 2.0)
result = (-1.0, 2.0)
result = (-1, 2)
returnStruct8BytesHomogeneousFloat(42.0, 2.0)
throwing!
returnStruct8BytesHomogeneousFloat(84.0, 2.0)
throwing!
after callback result = (-1.0, 2.0)
==== Running ReturnStruct8BytesMixed
Calling TestReturnStruct8BytesMixed((-1, 2, -3))
returnStruct8BytesMixed(-1.0, 2, -3)
result = (-1.0, 2, -3)
result = (-1, 2, -3)
returnStruct8BytesMixed(42.0, 2, -3)
throwing!
returnStruct8BytesMixed(84.0, 2, -3)
throwing!
after callback result = (-1.0, 2, -3)
==== Running ReturnStruct9BytesHomogeneousUint8
Calling TestReturnStruct9BytesHomogeneousUint8((1, 2, 3, 4, 5, 6, 7, 8, 9))
returnStruct9BytesHomogeneousUint8(1, 2, 3, 4, 5, 6, 7, 8, 9)
result = (1, 2, 3, 4, 5, 6, 7, 8, 9)
result = (1, 2, 3, 4, 5, 6, 7, 8, 9)
returnStruct9BytesHomogeneousUint8(42, 2, 3, 4, 5, 6, 7, 8, 9)
throwing!
returnStruct9BytesHomogeneousUint8(84, 2, 3, 4, 5, 6, 7, 8, 9)
throwing!
after callback result = (1, 2, 3, 4, 5, 6, 7, 8, 9)
==== Running ReturnStruct9BytesInt4Or8ByteAligned
Calling TestReturnStruct9BytesInt4Or8ByteAligned((-1, 2))
returnStruct9BytesInt4Or8ByteAligned(-1, 2)
result = (-1, 2)
result = (-1, 2)
returnStruct9BytesInt4Or8ByteAligned(42, 2)
throwing!
returnStruct9BytesInt4Or8ByteAligned(84, 2)
throwing!
after callback result = (-1, 2)
==== Running ReturnStruct12BytesHomogeneousFloat
Calling TestReturnStruct12BytesHomogeneousFloat((-1, 2, -3))
returnStruct12BytesHomogeneousFloat(-1.0, 2.0, -3.0)
result = (-1.0, 2.0, -3.0)
result = (-1, 2, -3)
returnStruct12BytesHomogeneousFloat(42.0, 2.0, -3.0)
throwing!
returnStruct12BytesHomogeneousFloat(84.0, 2.0, -3.0)
throwing!
after callback result = (-1.0, 2.0, -3.0)
==== Running ReturnStruct16BytesHomogeneousFloat
Calling TestReturnStruct16BytesHomogeneousFloat((-1, 2, -3, 4))
returnStruct16BytesHomogeneousFloat(-1.0, 2.0, -3.0, 4.0)
result = (-1.0, 2.0, -3.0, 4.0)
result = (-1, 2, -3, 4)
returnStruct16BytesHomogeneousFloat(42.0, 2.0, -3.0, 4.0)
throwing!
returnStruct16BytesHomogeneousFloat(84.0, 2.0, -3.0, 4.0)
throwing!
after callback result = (-1.0, 2.0, -3.0, 4.0)
==== Running ReturnStruct16BytesMixed
Calling TestReturnStruct16BytesMixed((-1, 2))
returnStruct16BytesMixed(-1.0, 2)
result = (-1.0, 2)
result = (-1, 2)
returnStruct16BytesMixed(42.0, 2)
throwing!
returnStruct16BytesMixed(84.0, 2)
throwing!
after callback result = (-1.0, 2)
==== Running ReturnStruct16BytesMixed2
Calling TestReturnStruct16BytesMixed2((-1, 2, -3, 4))
returnStruct16BytesMixed2(-1.0, 2.0, -3.0, 4)
result = (-1.0, 2.0, -3.0, 4)
result = (-1, 2, -3, 4)
returnStruct16BytesMixed2(42.0, 2.0, -3.0, 4)
throwing!
returnStruct16BytesMixed2(84.0, 2.0, -3.0, 4)
throwing!
after callback result = (-1.0, 2.0, -3.0, 4)
==== Running ReturnStruct17BytesInt
Calling TestReturnStruct17BytesInt((-1, 2, -3))
returnStruct17BytesInt(-1, 2, -3)
result = (-1, 2, -3)
result = (4684766982912868352, 0, 0)

Check failed: (a0) == (result.a0)
Unhandled exception:
Expect.fail('Test ReturnStruct17BytesInt failed.')
#0      Expect._fail (package:expect/expect.dart:696)
#1      Expect.fail (package:expect/expect.dart:280)
#2      CallbackTest.run (file:///Users/eseidel/Documents/GitHub/dart-sdk/sdk/tests/ffi/callback_tests_utils.dart:37)
#3      main.<anonymous closure> (file:///Users/eseidel/Documents/GitHub/dart-sdk/sdk/tests/ffi/function_callbacks_structs_by_value_generated_test.dart:31)
#4      List.forEach (dart:core-patch/growable_array.dart:416)
#5      main (file:///Users/eseidel/Documents/GitHub/dart-sdk/sdk/tests/ffi/function_callbacks_structs_by_value_generated_test.dart:29)
#6      _delayEntrypointInvocation.<anonymous closure> (dart:isolate-patch/isolate_patch.dart:296)
#7      _RawReceivePort._handleMessage (dart:isolate-patch/isolate_patch.dart:189)

Failed: tests/ffi/function_callbacks_structs_by_value_generated_test.dart
Compiling tests/ffi/function_callbacks_structs_by_value_test.dart
Running tests/ffi/function_callbacks_structs_by_value_test.dart
callbackPassStructRecursive(10, (1, 2, 3, 4, 5))
PassStruct20BytesHomogeneousInt32x10(9, (2, 2, 3, 4, 5), 0x1015624dc)
callbackPassStructRecursive(8, (3, 2, 3, 4, 5))
PassStruct20BytesHomogeneousInt32x10(7, (4, 2, 3, 4, 5), 0x1015624dc)
callbackPassStructRecursive(6, (5, 2, 3, 4, 5))
PassStruct20BytesHomogeneousInt32x10(5, (6, 2, 3, 4, 5), 0x1015624dc)
callbackPassStructRecursive(4, (7, 2, 3, 4, 5))
PassStruct20BytesHomogeneousInt32x10(3, (8, 2, 3, 4, 5), 0x1015624dc)
callbackPassStructRecursive(2, (9, 2, 3, 4, 5))
PassStruct20BytesHomogeneousInt32x10(1, (10, 2, 3, 4, 5), 0x1015624dc)
callbackPassStructRecursive(0, (11, 2, 3, 4, 5))
returning


===== CRASH =====
si_signo=Bus error: 10(10), si_code=1, si_addr=0x10117d898
version=3.0.6 (stable) (Fri Jul 21 10:35:58 2023 -0700) on "macos_simarm64"
pid=98293, thread=11267, isolate_group=main(0x142022c00), isolate=main(0x142028a00)
os=macos, arch=arm64, comp=no, sim=yes
isolate_instructions=101182840, vm_instructions=10117c000
fp=17038ceb0, sp=17038ce60, pc=103ee4d08
  pc 0x0000000103ee4d08 fp 0x000000017038ceb0 PassStructRecursive+0x12c
  pc 0x00000001005f24c0 fp 0x000000017038cf10 copy_loop+0x14
  pc 0x0000000100581bec fp 0x000000017038cff0 dart::Simulator::InstructionDecode(dart::Instr*)+0x1a4
  pc 0x00000001005895e0 fp 0x000000017038d0f0 dart::Simulator::Execute()+0x80
  pc 0x0000000100589efc fp 0x000000017038d1e0 dart::Simulator::CallWithCpuState(unsigned long, dart::CpuState*)+0x318
  pc 0x000000010156252c fp 0x000000017038d2c0 Unknown symbol
  pc 0x0000000103ee4d00 fp 0x000000017038d320 PassStructRecursive+0x124
  pc 0x00000001005f24c0 fp 0x000000017038d380 copy_loop+0x14
  pc 0x0000000100581bec fp 0x000000017038d460 dart::Simulator::InstructionDecode(dart::Instr*)+0x1a4
  pc 0x00000001005895e0 fp 0x000000017038d560 dart::Simulator::Execute()+0x80
  pc 0x0000000100589efc fp 0x000000017038d650 dart::Simulator::CallWithCpuState(unsigned long, dart::CpuState*)+0x318
  pc 0x000000010156252c fp 0x000000017038d730 Unknown symbol
  pc 0x0000000103ee4d00 fp 0x000000017038d790 PassStructRecursive+0x124
  pc 0x00000001005f24c0 fp 0x000000017038d7f0 copy_loop+0x14
  pc 0x0000000100581bec fp 0x000000017038d8d0 dart::Simulator::InstructionDecode(dart::Instr*)+0x1a4
  pc 0x00000001005895e0 fp 0x000000017038d9d0 dart::Simulator::Execute()+0x80
  pc 0x0000000100589efc fp 0x000000017038dac0 dart::Simulator::CallWithCpuState(unsigned long, dart::CpuState*)+0x318
  pc 0x000000010156252c fp 0x000000017038dba0 Unknown symbol
  pc 0x0000000103ee4d00 fp 0x000000017038dc00 PassStructRecursive+0x124
  pc 0x00000001005f24c0 fp 0x000000017038dc60 copy_loop+0x14
  pc 0x0000000100581bec fp 0x000000017038dd40 dart::Simulator::InstructionDecode(dart::Instr*)+0x1a4
  pc 0x00000001005895e0 fp 0x000000017038de40 dart::Simulator::Execute()+0x80
  pc 0x0000000100589efc fp 0x000000017038df30 dart::Simulator::CallWithCpuState(unsigned long, dart::CpuState*)+0x318
  pc 0x000000010156252c fp 0x000000017038e010 Unknown symbol
  pc 0x0000000103ee4d00 fp 0x000000017038e070 PassStructRecursive+0x124
  pc 0x00000001005f24c0 fp 0x000000017038e0e0 copy_loop+0x14
  pc 0x0000000100581bec fp 0x000000017038e1c0 dart::Simulator::InstructionDecode(dart::Instr*)+0x1a4
  pc 0x00000001005895e0 fp 0x000000017038e2c0 dart::Simulator::Execute()+0x80
  pc 0x000000010058992c fp 0x000000017038e3b0 dart::Simulator::Call(long long, long long, long long, long long, long long, bool, bool)+0x254
  pc 0x00000001003ba908 fp 0x000000017038e450 dart::DartEntry::InvokeCode(dart::Code const&, unsigned long, dart::Array const&, dart::Array const&, dart::Thread*)+0x100
  pc 0x00000001003ba710 fp 0x000000017038e4c0 dart::DartEntry::InvokeFunction(dart::Function const&, dart::Array const&, dart::Array const&, unsigned long)+0x14c
  pc 0x00000001003bd6b4 fp 0x000000017038e530 dart::DartLibraryCalls::HandleMessage(long long, dart::Instance const&)+0x10c
  pc 0x00000001003e3ca4 fp 0x000000017038ecf0 dart::IsolateMessageHandler::HandleMessage(std::__2::unique_ptr<dart::Message, std::__2::default_delete<dart::Message>>)+0x33c
  pc 0x00000001003f6860 fp 0x000000017038edb0 dart::MessageHandler::HandleMessages(dart::MonitorLocker*, bool, bool)+0x1ec
  pc 0x00000001003f7508 fp 0x000000017038ee40 dart::MessageHandler::TaskCallback()+0x2dc
  pc 0x00000001005a603c fp 0x000000017038eef0 dart::ThreadPool::WorkerLoop(dart::ThreadPool::Worker*)+0x17c
  pc 0x00000001005a68fc fp 0x000000017038ef50 dart::ThreadPool::Worker::Main(unsigned long)+0x124
  pc 0x000000010050bb40 fp 0x000000017038efc0 dart::ThreadStart(void*)+0xcc
  pc 0x000000019fffbfa8 fp 0x000000017038efe0 _pthread_start+0x94
-- End of DumpStackTrace
../../runtime/vm/stack_frame.cc: 357: error: expected: code != Code::null()
Aborting reentrant request for stack trace.

Failed: tests/ffi/function_callbacks_structs_by_value_test.dart
Compiling tests/ffi/function_callbacks_test.dart
Running tests/ffi/function_callbacks_test.dart
Passed: tests/ffi/function_callbacks_test.dart
Compiling tests/ffi/function_callbacks_varargs_generated_test.dart
Running tests/ffi/function_callbacks_varargs_generated_test.dart
Passed: tests/ffi/function_callbacks_varargs_generated_test.dart
Compiling tests/ffi/function_callbacks_very_many_test.dart
Running tests/ffi/function_callbacks_very_many_test.dart
Passed: tests/ffi/function_callbacks_very_many_test.dart
Compiling tests/ffi/function_structs_by_value_generated_args_leaf_test.dart
Running tests/ffi/function_structs_by_value_generated_args_leaf_test.dart
Passed: tests/ffi/function_structs_by_value_generated_args_leaf_test.dart
Compiling tests/ffi/function_structs_by_value_generated_args_native_leaf_test.dart
Running tests/ffi/function_structs_by_value_generated_args_native_leaf_test.dart
Passed: tests/ffi/function_structs_by_value_generated_args_native_leaf_test.dart
Compiling tests/ffi/function_structs_by_value_generated_args_native_test.dart
Running tests/ffi/function_structs_by_value_generated_args_native_test.dart
Passed: tests/ffi/function_structs_by_value_generated_args_native_test.dart
Compiling tests/ffi/function_structs_by_value_generated_args_test.dart
Running tests/ffi/function_structs_by_value_generated_args_test.dart
Passed: tests/ffi/function_structs_by_value_generated_args_test.dart
Compiling tests/ffi/function_structs_by_value_generated_ret_arg_leaf_test.dart
Running tests/ffi/function_structs_by_value_generated_ret_arg_leaf_test.dart
ReturnStructArgumentStruct1ByteInt((-1))
result = (-1)
result = (-1)
ReturnStructArgumentInt32x8Struct1ByteInt(-1, 2, -3, 4, -5, 6, -7, 8, (-9))
result = (-9)
result = (-9)
ReturnStructArgumentStruct8BytesHomogeneousFloat((-1, 2))
result = (-1, 2)
result = (-1.0, 2.0)
ReturnStructArgumentStruct20BytesHomogeneousInt32((-1, 2, -3, 4, -5))


===== CRASH =====
si_signo=Bus error: 10(10), si_code=1, si_addr=0x10577cfe4
version=3.0.6 (stable) (Fri Jul 21 10:35:58 2023 -0700) on "macos_simarm64"
pid=98385, thread=15875, isolate_group=main(0x12401aa00), isolate=main(0x124026c00)
os=macos, arch=arm64, comp=no, sim=yes
isolate_instructions=1056aa840, vm_instructions=1056a4000
fp=16be72070, sp=16be72040, pc=10e47e1c0
  pc 0x000000010e47e1c0 fp 0x000000016be72070 ReturnStructArgumentStruct20BytesHomogeneousInt32+0xd0
  pc 0x0000000104b0e4c0 fp 0x000000016be720e0 copy_loop+0x14
  pc 0x0000000104a9dbec fp 0x000000016be721c0 dart::Simulator::InstructionDecode(dart::Instr*)+0x1a4
  pc 0x0000000104aa55e0 fp 0x000000016be722c0 dart::Simulator::Execute()+0x80
  pc 0x0000000104aa592c fp 0x000000016be723b0 dart::Simulator::Call(long long, long long, long long, long long, long long, bool, bool)+0x254
  pc 0x00000001048d6908 fp 0x000000016be72450 dart::DartEntry::InvokeCode(dart::Code const&, unsigned long, dart::Array const&, dart::Array const&, dart::Thread*)+0x100
  pc 0x00000001048d6710 fp 0x000000016be724c0 dart::DartEntry::InvokeFunction(dart::Function const&, dart::Array const&, dart::Array const&, unsigned long)+0x14c
  pc 0x00000001048d96b4 fp 0x000000016be72530 dart::DartLibraryCalls::HandleMessage(long long, dart::Instance const&)+0x10c
  pc 0x00000001048ffca4 fp 0x000000016be72cf0 dart::IsolateMessageHandler::HandleMessage(std::__2::unique_ptr<dart::Message, std::__2::default_delete<dart::Message>>)+0x33c
  pc 0x0000000104912860 fp 0x000000016be72db0 dart::MessageHandler::HandleMessages(dart::MonitorLocker*, bool, bool)+0x1ec
  pc 0x0000000104913508 fp 0x000000016be72e40 dart::MessageHandler::TaskCallback()+0x2dc
  pc 0x0000000104ac203c fp 0x000000016be72ef0 dart::ThreadPool::WorkerLoop(dart::ThreadPool::Worker*)+0x17c
  pc 0x0000000104ac28fc fp 0x000000016be72f50 dart::ThreadPool::Worker::Main(unsigned long)+0x124
  pc 0x0000000104a27b40 fp 0x000000016be72fc0 dart::ThreadStart(void*)+0xcc
  pc 0x000000019fffbfa8 fp 0x000000016be72fe0 _pthread_start+0x94
-- End of DumpStackTrace

Failed: tests/ffi/function_structs_by_value_generated_ret_arg_leaf_test.dart
Compiling tests/ffi/function_structs_by_value_generated_ret_arg_native_leaf_test.dart
Running tests/ffi/function_structs_by_value_generated_ret_arg_native_leaf_test.dart
ReturnStructArgumentStruct1ByteInt((-1))
result = (-1)
result = (-1)
ReturnStructArgumentInt32x8Struct1ByteInt(-1, 2, -3, 4, -5, 6, -7, 8, (-9))
result = (-9)
result = (-9)
ReturnStructArgumentStruct8BytesHomogeneousFloat((-1, 2))
result = (-1, 2)
result = (-1.0, 2.0)
ReturnStructArgumentStruct20BytesHomogeneousInt32((-1, 2, -3, 4, -5))


===== CRASH =====
si_signo=Bus error: 10(10), si_code=1, si_addr=0x101112308
version=3.0.6 (stable) (Fri Jul 21 10:35:58 2023 -0700) on "macos_simarm64"
pid=98390, thread=11011, isolate_group=main(0x14b828600), isolate=main(0x14b82fc00)
os=macos, arch=arm64, comp=no, sim=yes
isolate_instructions=10103e840, vm_instructions=101038000
fp=1704de070, sp=1704de040, pc=103dfe1c0
  pc 0x0000000103dfe1c0 fp 0x00000001704de070 ReturnStructArgumentStruct20BytesHomogeneousInt32+0xd0
  pc 0x00000001004a24c0 fp 0x00000001704de0e0 copy_loop+0x14
  pc 0x0000000100431bec fp 0x00000001704de1c0 dart::Simulator::InstructionDecode(dart::Instr*)+0x1a4
  pc 0x00000001004395e0 fp 0x00000001704de2c0 dart::Simulator::Execute()+0x80
  pc 0x000000010043992c fp 0x00000001704de3b0 dart::Simulator::Call(long long, long long, long long, long long, long long, bool, bool)+0x254
  pc 0x000000010026a908 fp 0x00000001704de450 dart::DartEntry::InvokeCode(dart::Code const&, unsigned long, dart::Array const&, dart::Array const&, dart::Thread*)+0x100
  pc 0x000000010026a710 fp 0x00000001704de4c0 dart::DartEntry::InvokeFunction(dart::Function const&, dart::Array const&, dart::Array const&, unsigned long)+0x14c
  pc 0x000000010026d6b4 fp 0x00000001704de530 dart::DartLibraryCalls::HandleMessage(long long, dart::Instance const&)+0x10c
  pc 0x0000000100293ca4 fp 0x00000001704decf0 dart::IsolateMessageHandler::HandleMessage(std::__2::unique_ptr<dart::Message, std::__2::default_delete<dart::Message>>)+0x33c
  pc 0x00000001002a6860 fp 0x00000001704dedb0 dart::MessageHandler::HandleMessages(dart::MonitorLocker*, bool, bool)+0x1ec
  pc 0x00000001002a7508 fp 0x00000001704dee40 dart::MessageHandler::TaskCallback()+0x2dc
  pc 0x000000010045603c fp 0x00000001704deef0 dart::ThreadPool::WorkerLoop(dart::ThreadPool::Worker*)+0x17c
  pc 0x00000001004568fc fp 0x00000001704def50 dart::ThreadPool::Worker::Main(unsigned long)+0x124
  pc 0x00000001003bbb40 fp 0x00000001704defc0 dart::ThreadStart(void*)+0xcc
  pc 0x000000019fffbfa8 fp 0x00000001704defe0 _pthread_start+0x94
-- End of DumpStackTrace

Failed: tests/ffi/function_structs_by_value_generated_ret_arg_native_leaf_test.dart
Compiling tests/ffi/function_structs_by_value_generated_ret_arg_native_test.dart
Running tests/ffi/function_structs_by_value_generated_ret_arg_native_test.dart
ReturnStructArgumentStruct1ByteInt((-1))
result = (-1)
result = (-1)
ReturnStructArgumentInt32x8Struct1ByteInt(-1, 2, -3, 4, -5, 6, -7, 8, (-9))
result = (-9)
result = (-9)
ReturnStructArgumentStruct8BytesHomogeneousFloat((-1, 2))
result = (-1, 2)
result = (-1.0, 2.0)
ReturnStructArgumentStruct20BytesHomogeneousInt32((-1, 2, -3, 4, -5))


===== CRASH =====
si_signo=Bus error: 10(10), si_code=1, si_addr=0x1059a9898
version=3.0.6 (stable) (Fri Jul 21 10:35:58 2023 -0700) on "macos_simarm64"
pid=98398, thread=11267, isolate_group=main(0x14800a200), isolate=main(0x148011400)
os=macos, arch=arm64, comp=no, sim=yes
isolate_instructions=1059ae840, vm_instructions=1059a8000
fp=16bb6e080, sp=16bb6e050, pc=10e8961c0
  pc 0x000000010e8961c0 fp 0x000000016bb6e080 ReturnStructArgumentStruct20BytesHomogeneousInt32+0xd0
  pc 0x0000000104e124c0 fp 0x000000016bb6e0e0 copy_loop+0x14
  pc 0x0000000104da1bec fp 0x000000016bb6e1c0 dart::Simulator::InstructionDecode(dart::Instr*)+0x1a4
  pc 0x0000000104da95e0 fp 0x000000016bb6e2c0 dart::Simulator::Execute()+0x80
  pc 0x0000000104da992c fp 0x000000016bb6e3b0 dart::Simulator::Call(long long, long long, long long, long long, long long, bool, bool)+0x254
  pc 0x0000000104bda908 fp 0x000000016bb6e450 dart::DartEntry::InvokeCode(dart::Code const&, unsigned long, dart::Array const&, dart::Array const&, dart::Thread*)+0x100
  pc 0x0000000104bda710 fp 0x000000016bb6e4c0 dart::DartEntry::InvokeFunction(dart::Function const&, dart::Array const&, dart::Array const&, unsigned long)+0x14c
  pc 0x0000000104bdd6b4 fp 0x000000016bb6e530 dart::DartLibraryCalls::HandleMessage(long long, dart::Instance const&)+0x10c
  pc 0x0000000104c03ca4 fp 0x000000016bb6ecf0 dart::IsolateMessageHandler::HandleMessage(std::__2::unique_ptr<dart::Message, std::__2::default_delete<dart::Message>>)+0x33c
  pc 0x0000000104c16860 fp 0x000000016bb6edb0 dart::MessageHandler::HandleMessages(dart::MonitorLocker*, bool, bool)+0x1ec
  pc 0x0000000104c17508 fp 0x000000016bb6ee40 dart::MessageHandler::TaskCallback()+0x2dc
  pc 0x0000000104dc603c fp 0x000000016bb6eef0 dart::ThreadPool::WorkerLoop(dart::ThreadPool::Worker*)+0x17c
  pc 0x0000000104dc68fc fp 0x000000016bb6ef50 dart::ThreadPool::Worker::Main(unsigned long)+0x124
  pc 0x0000000104d2bb40 fp 0x000000016bb6efc0 dart::ThreadStart(void*)+0xcc
  pc 0x000000019fffbfa8 fp 0x000000016bb6efe0 _pthread_start+0x94
-- End of DumpStackTrace
../../runtime/vm/stack_frame.cc: 357: error: expected: code != Code::null()
Aborting reentrant request for stack trace.

Failed: tests/ffi/function_structs_by_value_generated_ret_arg_native_test.dart
Compiling tests/ffi/function_structs_by_value_generated_ret_arg_test.dart
Running tests/ffi/function_structs_by_value_generated_ret_arg_test.dart
ReturnStructArgumentStruct1ByteInt((-1))
result = (-1)
result = (-1)
ReturnStructArgumentInt32x8Struct1ByteInt(-1, 2, -3, 4, -5, 6, -7, 8, (-9))
result = (-9)
result = (-9)
ReturnStructArgumentStruct8BytesHomogeneousFloat((-1, 2))
result = (-1, 2)
result = (-1.0, 2.0)
ReturnStructArgumentStruct20BytesHomogeneousInt32((-1, 2, -3, 4, -5))


===== CRASH =====
si_signo=Bus error: 10(10), si_code=1, si_addr=0x1052b5898
version=3.0.6 (stable) (Fri Jul 21 10:35:58 2023 -0700) on "macos_simarm64"
pid=98406, thread=11267, isolate_group=main(0x13f00b000), isolate=main(0x13f017600)
os=macos, arch=arm64, comp=no, sim=yes
isolate_instructions=1052ba840, vm_instructions=1052b4000
fp=16c262080, sp=16c262050, pc=10e0961c0
  pc 0x000000010e0961c0 fp 0x000000016c262080 ReturnStructArgumentStruct20BytesHomogeneousInt32+0xd0
  pc 0x000000010471e4c0 fp 0x000000016c2620e0 copy_loop+0x14
  pc 0x00000001046adbec fp 0x000000016c2621c0 dart::Simulator::InstructionDecode(dart::Instr*)+0x1a4
  pc 0x00000001046b55e0 fp 0x000000016c2622c0 dart::Simulator::Execute()+0x80
  pc 0x00000001046b592c fp 0x000000016c2623b0 dart::Simulator::Call(long long, long long, long long, long long, long long, bool, bool)+0x254
  pc 0x00000001044e6908 fp 0x000000016c262450 dart::DartEntry::InvokeCode(dart::Code const&, unsigned long, dart::Array const&, dart::Array const&, dart::Thread*)+0x100
  pc 0x00000001044e6710 fp 0x000000016c2624c0 dart::DartEntry::InvokeFunction(dart::Function const&, dart::Array const&, dart::Array const&, unsigned long)+0x14c
  pc 0x00000001044e96b4 fp 0x000000016c262530 dart::DartLibraryCalls::HandleMessage(long long, dart::Instance const&)+0x10c
  pc 0x000000010450fca4 fp 0x000000016c262cf0 dart::IsolateMessageHandler::HandleMessage(std::__2::unique_ptr<dart::Message, std::__2::default_delete<dart::Message>>)+0x33c
  pc 0x0000000104522860 fp 0x000000016c262db0 dart::MessageHandler::HandleMessages(dart::MonitorLocker*, bool, bool)+0x1ec
  pc 0x0000000104523508 fp 0x000000016c262e40 dart::MessageHandler::TaskCallback()+0x2dc
  pc 0x00000001046d203c fp 0x000000016c262ef0 dart::ThreadPool::WorkerLoop(dart::ThreadPool::Worker*)+0x17c
  pc 0x00000001046d28fc fp 0x000000016c262f50 dart::ThreadPool::Worker::Main(unsigned long)+0x124
  pc 0x0000000104637b40 fp 0x000000016c262fc0 dart::ThreadStart(void*)+0xcc
  pc 0x000000019fffbfa8 fp 0x000000016c262fe0 _pthread_start+0x94
-- End of DumpStackTrace
../../runtime/vm/stack_frame.cc: 357: error: expected: code != Code::null()
Aborting reentrant request for stack trace.

Failed: tests/ffi/function_structs_by_value_generated_ret_arg_test.dart
Compiling tests/ffi/function_structs_by_value_generated_ret_leaf_test.dart
Running tests/ffi/function_structs_by_value_generated_ret_leaf_test.dart
ReturnStruct1ByteInt(-1)
result = (-1)
result = (-1)
ReturnStruct3BytesHomogeneousUint8(1, 2, 3)
result = (1, 2, 3)
result = (1, 2, 3)
ReturnStruct3BytesInt2ByteAligned(-1, 2)
result = (-1, 2)
result = (-1, 2)
ReturnStruct4BytesHomogeneousInt16(-1, 2)
result = (-1, 2)
result = (-1, 2)
ReturnStruct7BytesHomogeneousUint8(1, 2, 3, 4, 5, 6, 7)
result = (1, 2, 3, 4, 5, 6, 7)
result = (1, 2, 3, 4, 5, 6, 7)
ReturnStruct7BytesInt4ByteAligned(-1, 2, -3)
result = (-1, 2, -3)
result = (-1, 2, -3)
ReturnStruct8BytesInt(-1, 2, -3)
result = (-1, 2, -3)
result = (-1, 2, -3)
ReturnStruct8BytesHomogeneousFloat(-1, 2)
result = (-1, 2)
result = (-1.0, 2.0)
ReturnStruct8BytesMixed(-1, 2, -3)
result = (-1, 2, -3)
result = (-1.0, 2, -3)
ReturnStruct9BytesHomogeneousUint8(1, 2, 3, 4, 5, 6, 7, 8, 9)
result = (1, 2, 3, 4, 5, 6, 7, 8, 9)
result = (1, 2, 3, 4, 5, 6, 7, 8, 9)
ReturnStruct9BytesInt4Or8ByteAligned(-1, 2)
result = (-1, 2)
result = (-1, 2)
ReturnStruct12BytesHomogeneousFloat(-1, 2, -3)
result = (-1, 2, -3)
result = (-1.0, 2.0, -3.0)
ReturnStruct16BytesHomogeneousFloat(-1, 2, -3, 4)
result = (-1, 2, -3, 4)
result = (-1.0, 2.0, -3.0, 4.0)
ReturnStruct16BytesMixed(-1, 2)
result = (-1, 2)
result = (-1.0, 2)
ReturnStruct16BytesMixed2(-1, 2, -3, 4)
result = (-1, 2, -3, 4)
result = (-1.0, 2.0, -3.0, 4)
ReturnStruct17BytesInt(-1, 2, -3)


===== CRASH =====
si_signo=Bus error: 10(10), si_code=1, si_addr=0x1015f3414
version=3.0.6 (stable) (Fri Jul 21 10:35:58 2023 -0700) on "macos_simarm64"
pid=98420, thread=15875, isolate_group=main(0x156008a00), isolate=main(0x15600ee00)
os=macos, arch=arm64, comp=no, sim=yes
isolate_instructions=10151e840, vm_instructions=101518000
fp=16fffe070, sp=16fffe020, pc=10a2fabbc
  pc 0x000000010a2fabbc fp 0x000000016fffe070 ReturnStruct17BytesInt+0xbc
  pc 0x00000001009824c0 fp 0x000000016fffe0e0 copy_loop+0x14
  pc 0x0000000100911bec fp 0x000000016fffe1c0 dart::Simulator::InstructionDecode(dart::Instr*)+0x1a4
  pc 0x00000001009195e0 fp 0x000000016fffe2c0 dart::Simulator::Execute()+0x80
  pc 0x000000010091992c fp 0x000000016fffe3b0 dart::Simulator::Call(long long, long long, long long, long long, long long, bool, bool)+0x254
  pc 0x000000010074a908 fp 0x000000016fffe450 dart::DartEntry::InvokeCode(dart::Code const&, unsigned long, dart::Array const&, dart::Array const&, dart::Thread*)+0x100
  pc 0x000000010074a710 fp 0x000000016fffe4c0 dart::DartEntry::InvokeFunction(dart::Function const&, dart::Array const&, dart::Array const&, unsigned long)+0x14c
  pc 0x000000010074d6b4 fp 0x000000016fffe530 dart::DartLibraryCalls::HandleMessage(long long, dart::Instance const&)+0x10c
  pc 0x0000000100773ca4 fp 0x000000016fffecf0 dart::IsolateMessageHandler::HandleMessage(std::__2::unique_ptr<dart::Message, std::__2::default_delete<dart::Message>>)+0x33c
  pc 0x0000000100786860 fp 0x000000016fffedb0 dart::MessageHandler::HandleMessages(dart::MonitorLocker*, bool, bool)+0x1ec
  pc 0x0000000100787508 fp 0x000000016fffee40 dart::MessageHandler::TaskCallback()+0x2dc
  pc 0x000000010093603c fp 0x000000016fffeef0 dart::ThreadPool::WorkerLoop(dart::ThreadPool::Worker*)+0x17c
  pc 0x00000001009368fc fp 0x000000016fffef50 dart::ThreadPool::Worker::Main(unsigned long)+0x124
  pc 0x000000010089bb40 fp 0x000000016fffefc0 dart::ThreadStart(void*)+0xcc
  pc 0x000000019fffbfa8 fp 0x000000016fffefe0 _pthread_start+0x94
-- End of DumpStackTrace

Failed: tests/ffi/function_structs_by_value_generated_ret_leaf_test.dart
Compiling tests/ffi/function_structs_by_value_generated_ret_native_leaf_test.dart
Running tests/ffi/function_structs_by_value_generated_ret_native_leaf_test.dart
ReturnStruct1ByteInt(-1)
result = (-1)
result = (-1)
ReturnStruct3BytesHomogeneousUint8(1, 2, 3)
result = (1, 2, 3)
result = (1, 2, 3)
ReturnStruct3BytesInt2ByteAligned(-1, 2)
result = (-1, 2)
result = (-1, 2)
ReturnStruct4BytesHomogeneousInt16(-1, 2)
result = (-1, 2)
result = (-1, 2)
ReturnStruct7BytesHomogeneousUint8(1, 2, 3, 4, 5, 6, 7)
result = (1, 2, 3, 4, 5, 6, 7)
result = (1, 2, 3, 4, 5, 6, 7)
ReturnStruct7BytesInt4ByteAligned(-1, 2, -3)
result = (-1, 2, -3)
result = (-1, 2, -3)
ReturnStruct8BytesInt(-1, 2, -3)
result = (-1, 2, -3)
result = (-1, 2, -3)
ReturnStruct8BytesHomogeneousFloat(-1, 2)
result = (-1, 2)
result = (-1.0, 2.0)
ReturnStruct8BytesMixed(-1, 2, -3)
result = (-1, 2, -3)
result = (-1.0, 2, -3)
ReturnStruct9BytesHomogeneousUint8(1, 2, 3, 4, 5, 6, 7, 8, 9)
result = (1, 2, 3, 4, 5, 6, 7, 8, 9)
result = (1, 2, 3, 4, 5, 6, 7, 8, 9)
ReturnStruct9BytesInt4Or8ByteAligned(-1, 2)
result = (-1, 2)
result = (-1, 2)
ReturnStruct12BytesHomogeneousFloat(-1, 2, -3)
result = (-1, 2, -3)
result = (-1.0, 2.0, -3.0)
ReturnStruct16BytesHomogeneousFloat(-1, 2, -3, 4)
result = (-1, 2, -3, 4)
result = (-1.0, 2.0, -3.0, 4.0)
ReturnStruct16BytesMixed(-1, 2)
result = (-1, 2)
result = (-1.0, 2)
ReturnStruct16BytesMixed2(-1, 2, -3, 4)
result = (-1, 2, -3, 4)
result = (-1.0, 2.0, -3.0, 4)
ReturnStruct17BytesInt(-1, 2, -3)


===== CRASH =====
si_signo=Bus error: 10(10), si_code=1, si_addr=0x103ddc6c8
version=3.0.6 (stable) (Fri Jul 21 10:35:58 2023 -0700) on "macos_simarm64"
pid=98428, thread=16131, isolate_group=main(0x13b00ea00), isolate=main(0x13b029e00)
os=macos, arch=arm64, comp=no, sim=yes
isolate_instructions=103d06840, vm_instructions=103d00000
fp=16d81a070, sp=16d81a020, pc=10cafabbc
  pc 0x000000010cafabbc fp 0x000000016d81a070 ReturnStruct17BytesInt+0xbc
  pc 0x00000001031664c0 fp 0x000000016d81a0e0 copy_loop+0x14
  pc 0x00000001030f5bec fp 0x000000016d81a1c0 dart::Simulator::InstructionDecode(dart::Instr*)+0x1a4
  pc 0x00000001030fd5e0 fp 0x000000016d81a2c0 dart::Simulator::Execute()+0x80
  pc 0x00000001030fd92c fp 0x000000016d81a3b0 dart::Simulator::Call(long long, long long, long long, long long, long long, bool, bool)+0x254
  pc 0x0000000102f2e908 fp 0x000000016d81a450 dart::DartEntry::InvokeCode(dart::Code const&, unsigned long, dart::Array const&, dart::Array const&, dart::Thread*)+0x100
  pc 0x0000000102f2e710 fp 0x000000016d81a4c0 dart::DartEntry::InvokeFunction(dart::Function const&, dart::Array const&, dart::Array const&, unsigned long)+0x14c
  pc 0x0000000102f316b4 fp 0x000000016d81a530 dart::DartLibraryCalls::HandleMessage(long long, dart::Instance const&)+0x10c
  pc 0x0000000102f57ca4 fp 0x000000016d81acf0 dart::IsolateMessageHandler::HandleMessage(std::__2::unique_ptr<dart::Message, std::__2::default_delete<dart::Message>>)+0x33c
  pc 0x0000000102f6a860 fp 0x000000016d81adb0 dart::MessageHandler::HandleMessages(dart::MonitorLocker*, bool, bool)+0x1ec
  pc 0x0000000102f6b508 fp 0x000000016d81ae40 dart::MessageHandler::TaskCallback()+0x2dc
  pc 0x000000010311a03c fp 0x000000016d81aef0 dart::ThreadPool::WorkerLoop(dart::ThreadPool::Worker*)+0x17c
  pc 0x000000010311a8fc fp 0x000000016d81af50 dart::ThreadPool::Worker::Main(unsigned long)+0x124
  pc 0x000000010307fb40 fp 0x000000016d81afc0 dart::ThreadStart(void*)+0xcc
  pc 0x000000019fffbfa8 fp 0x000000016d81afe0 _pthread_start+0x94
-- End of DumpStackTrace

Failed: tests/ffi/function_structs_by_value_generated_ret_native_leaf_test.dart
Compiling tests/ffi/function_structs_by_value_generated_ret_native_test.dart
Running tests/ffi/function_structs_by_value_generated_ret_native_test.dart
ReturnStruct1ByteInt(-1)
result = (-1)
result = (-1)
ReturnStruct3BytesHomogeneousUint8(1, 2, 3)
result = (1, 2, 3)
result = (1, 2, 3)
ReturnStruct3BytesInt2ByteAligned(-1, 2)
result = (-1, 2)
result = (-1, 2)
ReturnStruct4BytesHomogeneousInt16(-1, 2)
result = (-1, 2)
result = (-1, 2)
ReturnStruct7BytesHomogeneousUint8(1, 2, 3, 4, 5, 6, 7)
result = (1, 2, 3, 4, 5, 6, 7)
result = (1, 2, 3, 4, 5, 6, 7)
ReturnStruct7BytesInt4ByteAligned(-1, 2, -3)
result = (-1, 2, -3)
result = (-1, 2, -3)
ReturnStruct8BytesInt(-1, 2, -3)
result = (-1, 2, -3)
result = (-1, 2, -3)
ReturnStruct8BytesHomogeneousFloat(-1, 2)
result = (-1, 2)
result = (-1.0, 2.0)
ReturnStruct8BytesMixed(-1, 2, -3)
result = (-1, 2, -3)
result = (-1.0, 2, -3)
ReturnStruct9BytesHomogeneousUint8(1, 2, 3, 4, 5, 6, 7, 8, 9)
result = (1, 2, 3, 4, 5, 6, 7, 8, 9)
result = (1, 2, 3, 4, 5, 6, 7, 8, 9)
ReturnStruct9BytesInt4Or8ByteAligned(-1, 2)
result = (-1, 2)
result = (-1, 2)
ReturnStruct12BytesHomogeneousFloat(-1, 2, -3)
result = (-1, 2, -3)
result = (-1.0, 2.0, -3.0)
ReturnStruct16BytesHomogeneousFloat(-1, 2, -3, 4)
result = (-1, 2, -3, 4)
result = (-1.0, 2.0, -3.0, 4.0)
ReturnStruct16BytesMixed(-1, 2)
result = (-1, 2)
result = (-1.0, 2)
ReturnStruct16BytesMixed2(-1, 2, -3, 4)
result = (-1, 2, -3, 4)
result = (-1.0, 2.0, -3.0, 4)
ReturnStruct17BytesInt(-1, 2, -3)


===== CRASH =====
si_signo=Bus error: 10(10), si_code=1, si_addr=0x101d498a0
version=3.0.6 (stable) (Fri Jul 21 10:35:58 2023 -0700) on "macos_simarm64"
pid=98438, thread=15875, isolate_group=main(0x15b827000), isolate=main(0x15b82ae00)
os=macos, arch=arm64, comp=no, sim=yes
isolate_instructions=101d4e840, vm_instructions=101d48000
fp=16f7d2090, sp=16f7d2040, pc=10ab7abbc
  pc 0x000000010ab7abbc fp 0x000000016f7d2090 ReturnStruct17BytesInt+0xbc
  pc 0x00000001011ae4c0 fp 0x000000016f7d20e0 copy_loop+0x14
  pc 0x000000010113dbec fp 0x000000016f7d21c0 dart::Simulator::InstructionDecode(dart::Instr*)+0x1a4
  pc 0x00000001011455e0 fp 0x000000016f7d22c0 dart::Simulator::Execute()+0x80
  pc 0x000000010114592c fp 0x000000016f7d23b0 dart::Simulator::Call(long long, long long, long long, long long, long long, bool, bool)+0x254
  pc 0x0000000100f76908 fp 0x000000016f7d2450 dart::DartEntry::InvokeCode(dart::Code const&, unsigned long, dart::Array const&, dart::Array const&, dart::Thread*)+0x100
  pc 0x0000000100f76710 fp 0x000000016f7d24c0 dart::DartEntry::InvokeFunction(dart::Function const&, dart::Array const&, dart::Array const&, unsigned long)+0x14c
  pc 0x0000000100f796b4 fp 0x000000016f7d2530 dart::DartLibraryCalls::HandleMessage(long long, dart::Instance const&)+0x10c
  pc 0x0000000100f9fca4 fp 0x000000016f7d2cf0 dart::IsolateMessageHandler::HandleMessage(std::__2::unique_ptr<dart::Message, std::__2::default_delete<dart::Message>>)+0x33c
  pc 0x0000000100fb2860 fp 0x000000016f7d2db0 dart::MessageHandler::HandleMessages(dart::MonitorLocker*, bool, bool)+0x1ec
  pc 0x0000000100fb3508 fp 0x000000016f7d2e40 dart::MessageHandler::TaskCallback()+0x2dc
  pc 0x000000010116203c fp 0x000000016f7d2ef0 dart::ThreadPool::WorkerLoop(dart::ThreadPool::Worker*)+0x17c
  pc 0x00000001011628fc fp 0x000000016f7d2f50 dart::ThreadPool::Worker::Main(unsigned long)+0x124
  pc 0x00000001010c7b40 fp 0x000000016f7d2fc0 dart::ThreadStart(void*)+0xcc
  pc 0x000000019fffbfa8 fp 0x000000016f7d2fe0 _pthread_start+0x94
-- End of DumpStackTrace
../../runtime/vm/stack_frame.cc: 357: error: expected: code != Code::null()
Aborting reentrant request for stack trace.

Failed: tests/ffi/function_structs_by_value_generated_ret_native_test.dart
Compiling tests/ffi/function_structs_by_value_generated_ret_test.dart
Running tests/ffi/function_structs_by_value_generated_ret_test.dart
ReturnStruct1ByteInt(-1)
result = (-1)
result = (-1)
ReturnStruct3BytesHomogeneousUint8(1, 2, 3)
result = (1, 2, 3)
result = (1, 2, 3)
ReturnStruct3BytesInt2ByteAligned(-1, 2)
result = (-1, 2)
result = (-1, 2)
ReturnStruct4BytesHomogeneousInt16(-1, 2)
result = (-1, 2)
result = (-1, 2)
ReturnStruct7BytesHomogeneousUint8(1, 2, 3, 4, 5, 6, 7)
result = (1, 2, 3, 4, 5, 6, 7)
result = (1, 2, 3, 4, 5, 6, 7)
ReturnStruct7BytesInt4ByteAligned(-1, 2, -3)
result = (-1, 2, -3)
result = (-1, 2, -3)
ReturnStruct8BytesInt(-1, 2, -3)
result = (-1, 2, -3)
result = (-1, 2, -3)
ReturnStruct8BytesHomogeneousFloat(-1, 2)
result = (-1, 2)
result = (-1.0, 2.0)
ReturnStruct8BytesMixed(-1, 2, -3)
result = (-1, 2, -3)
result = (-1.0, 2, -3)
ReturnStruct9BytesHomogeneousUint8(1, 2, 3, 4, 5, 6, 7, 8, 9)
result = (1, 2, 3, 4, 5, 6, 7, 8, 9)
result = (1, 2, 3, 4, 5, 6, 7, 8, 9)
ReturnStruct9BytesInt4Or8ByteAligned(-1, 2)
result = (-1, 2)
result = (-1, 2)
ReturnStruct12BytesHomogeneousFloat(-1, 2, -3)
result = (-1, 2, -3)
result = (-1.0, 2.0, -3.0)
ReturnStruct16BytesHomogeneousFloat(-1, 2, -3, 4)
result = (-1, 2, -3, 4)
result = (-1.0, 2.0, -3.0, 4.0)
ReturnStruct16BytesMixed(-1, 2)
result = (-1, 2)
result = (-1.0, 2)
ReturnStruct16BytesMixed2(-1, 2, -3, 4)
result = (-1, 2, -3, 4)
result = (-1.0, 2.0, -3.0, 4)
ReturnStruct17BytesInt(-1, 2, -3)


===== CRASH =====
si_signo=Bus error: 10(10), si_code=1, si_addr=0x1039398a0
version=3.0.6 (stable) (Fri Jul 21 10:35:58 2023 -0700) on "macos_simarm64"
pid=98446, thread=16131, isolate_group=main(0x117811400), isolate=main(0x117821c00)
os=macos, arch=arm64, comp=no, sim=yes
isolate_instructions=10393e840, vm_instructions=103938000
fp=16dbde090, sp=16dbde040, pc=1066fabbc
  pc 0x00000001066fabbc fp 0x000000016dbde090 ReturnStruct17BytesInt+0xbc
  pc 0x0000000102da24c0 fp 0x000000016dbde0e0 copy_loop+0x14
  pc 0x0000000102d31bec fp 0x000000016dbde1c0 dart::Simulator::InstructionDecode(dart::Instr*)+0x1a4
  pc 0x0000000102d395e0 fp 0x000000016dbde2c0 dart::Simulator::Execute()+0x80
  pc 0x0000000102d3992c fp 0x000000016dbde3b0 dart::Simulator::Call(long long, long long, long long, long long, long long, bool, bool)+0x254
  pc 0x0000000102b6a908 fp 0x000000016dbde450 dart::DartEntry::InvokeCode(dart::Code const&, unsigned long, dart::Array const&, dart::Array const&, dart::Thread*)+0x100
  pc 0x0000000102b6a710 fp 0x000000016dbde4c0 dart::DartEntry::InvokeFunction(dart::Function const&, dart::Array const&, dart::Array const&, unsigned long)+0x14c
  pc 0x0000000102b6d6b4 fp 0x000000016dbde530 dart::DartLibraryCalls::HandleMessage(long long, dart::Instance const&)+0x10c
  pc 0x0000000102b93ca4 fp 0x000000016dbdecf0 dart::IsolateMessageHandler::HandleMessage(std::__2::unique_ptr<dart::Message, std::__2::default_delete<dart::Message>>)+0x33c
  pc 0x0000000102ba6860 fp 0x000000016dbdedb0 dart::MessageHandler::HandleMessages(dart::MonitorLocker*, bool, bool)+0x1ec
  pc 0x0000000102ba7508 fp 0x000000016dbdee40 dart::MessageHandler::TaskCallback()+0x2dc
  pc 0x0000000102d5603c fp 0x000000016dbdeef0 dart::ThreadPool::WorkerLoop(dart::ThreadPool::Worker*)+0x17c
  pc 0x0000000102d568fc fp 0x000000016dbdef50 dart::ThreadPool::Worker::Main(unsigned long)+0x124
  pc 0x0000000102cbbb40 fp 0x000000016dbdefc0 dart::ThreadStart(void*)+0xcc
  pc 0x000000019fffbfa8 fp 0x000000016dbdefe0 _pthread_start+0x94
-- End of DumpStackTrace
../../runtime/vm/stack_frame.cc: 357: error: expected: code != Code::null()
Aborting reentrant request for stack trace.

Failed: tests/ffi/function_structs_by_value_generated_ret_test.dart
Compiling tests/ffi/function_structs_test.dart
Running tests/ffi/function_structs_test.dart
Passed: tests/ffi/function_structs_test.dart
Compiling tests/ffi/function_test.dart
Running tests/ffi/function_test.dart
Passed: tests/ffi/function_test.dart
Compiling tests/ffi/function_varargs_generated_leaf_test.dart
Running tests/ffi/function_varargs_generated_leaf_test.dart
Passed: tests/ffi/function_varargs_generated_leaf_test.dart
Compiling tests/ffi/function_varargs_generated_native_leaf_test.dart
Running tests/ffi/function_varargs_generated_native_leaf_test.dart
Passed: tests/ffi/function_varargs_generated_native_leaf_test.dart
Compiling tests/ffi/function_varargs_generated_native_test.dart
Running tests/ffi/function_varargs_generated_native_test.dart
Passed: tests/ffi/function_varargs_generated_native_test.dart
Compiling tests/ffi/function_varargs_generated_test.dart
Running tests/ffi/function_varargs_generated_test.dart
Passed: tests/ffi/function_varargs_generated_test.dart
Compiling tests/ffi/function_varargs_name_test.dart
Running tests/ffi/function_varargs_name_test.dart
Passed: tests/ffi/function_varargs_name_test.dart
Compiling tests/ffi/function_varargs_test.dart
Running tests/ffi/function_varargs_test.dart
Passed: tests/ffi/function_varargs_test.dart
Compiling tests/ffi/function_very_many_test.dart
Running tests/ffi/function_very_many_test.dart
Passed: tests/ffi/function_very_many_test.dart
Compiling tests/ffi/hardfp_test.dart
Running tests/ffi/hardfp_test.dart
Passed: tests/ffi/hardfp_test.dart
Compiling tests/ffi/has_symbol_test.dart
Running tests/ffi/has_symbol_test.dart
Passed: tests/ffi/has_symbol_test.dart
Compiling tests/ffi/inline_array_multi_dimensional_test.dart
Running tests/ffi/inline_array_multi_dimensional_test.dart
Passed: tests/ffi/inline_array_multi_dimensional_test.dart
Compiling tests/ffi/inline_array_test.dart
Running tests/ffi/inline_array_test.dart
Passed: tests/ffi/inline_array_test.dart
Compiling tests/ffi/native_effect_test.dart
Running tests/ffi/native_effect_test.dart
Passed: tests/ffi/native_effect_test.dart
Compiling tests/ffi/negative_function_test.dart
Running tests/ffi/negative_function_test.dart
Passed: tests/ffi/negative_function_test.dart
Compiling tests/ffi/regress_37254_test.dart
Running tests/ffi/regress_37254_test.dart
Passed: tests/ffi/regress_37254_test.dart
Compiling tests/ffi/regress_39044_test.dart
Running tests/ffi/regress_39044_test.dart
Passed: tests/ffi/regress_39044_test.dart
Compiling tests/ffi/regress_39063_test.dart
Running tests/ffi/regress_39063_test.dart
Passed: tests/ffi/regress_39063_test.dart
Compiling tests/ffi/regress_39885_test.dart
Running tests/ffi/regress_39885_test.dart
Passed: tests/ffi/regress_39885_test.dart
Compiling tests/ffi/regress_40537_test.dart
Running tests/ffi/regress_40537_test.dart
Passed: tests/ffi/regress_40537_test.dart
Compiling tests/ffi/regress_43016_test.dart
Running tests/ffi/regress_43016_test.dart
Passed: tests/ffi/regress_43016_test.dart
Compiling tests/ffi/regress_43693_test.dart
Running tests/ffi/regress_43693_test.dart
Passed: tests/ffi/regress_43693_test.dart
Compiling tests/ffi/regress_44985_test.dart

Info: Compiling with sound null safety.
../../tests/ffi/regress_44985_test.dart:10:20: Error: Field 's' cannot be nullable or have type 'Null', it must be `int`, `double`, `Pointer`, or a subtype of `Struct` or `Union`.
  external Struct? s; //# 01: compile-time error
                   ^
Error: AOT compilation failed
Generating AOT kernel dill failed!

Compile Failed: tests/ffi/regress_44985_test.dart
Compiling tests/ffi/regress_44986_test.dart

Info: Compiling with sound null safety.
../../tests/ffi/regress_44986_test.dart:10:17: Error: Field 's' cannot be nullable or have type 'Null', it must be `int`, `double`, `Pointer`, or a subtype of `Struct` or `Union`.
  external Null s; //# 01: compile-time error
                ^
Error: AOT compilation failed
Generating AOT kernel dill failed!

Compile Failed: tests/ffi/regress_44986_test.dart
Compiling tests/ffi/regress_45189_test.dart
Running tests/ffi/regress_45189_test.dart
Passed: tests/ffi/regress_45189_test.dart
Compiling tests/ffi/regress_45198_test.dart
Running tests/ffi/regress_45198_test.dart
Passed: tests/ffi/regress_45198_test.dart
Compiling tests/ffi/regress_45507_test.dart
Running tests/ffi/regress_45507_test.dart
Passed: tests/ffi/regress_45507_test.dart
Compiling tests/ffi/regress_45988_test.dart
Running tests/ffi/regress_45988_test.dart
Passed: tests/ffi/regress_45988_test.dart
Compiling tests/ffi/regress_46004_test.dart
Running tests/ffi/regress_46004_test.dart
Passed: tests/ffi/regress_46004_test.dart
Compiling tests/ffi/regress_46085_test.dart

Info: Compiling with sound null safety.
../../tests/ffi/regress_46085_test.dart:11:25: Error: Field 'a0' must have an 'Array' annotation that matches the dimensions.
  external Array<Int16> a0; //# 01: compile-time error
                        ^
../../tests/ffi/regress_46085_test.dart:14:32: Error: Field 'a1' must have an 'Array' annotation that matches the dimensions.
  external Array<Array<Int16>> a1; //# 02: compile-time error
                               ^
Error: AOT compilation failed
Generating AOT kernel dill failed!

Compile Failed: tests/ffi/regress_46085_test.dart
Compiling tests/ffi/regress_46127_test.dart
Running tests/ffi/regress_46127_test.dart
Passed: tests/ffi/regress_46127_test.dart
Compiling tests/ffi/regress_47594_test.dart
Running tests/ffi/regress_47594_test.dart
Passed: tests/ffi/regress_47594_test.dart
Compiling tests/ffi/regress_47673_2_test.dart

Info: Compiling with sound null safety.
../../tests/ffi/regress_47673_2_test.dart:15:18: Error: Type 'Unknown' not found.
  external Array<Unknown> b; //# 1: compile-time error
                 ^^^^^^^
../../tests/ffi/regress_47673_2_test.dart:15:18: Error: 'Unknown' isn't a type.
  external Array<Unknown> b; //# 1: compile-time error
                 ^^^^^^^
../../tests/ffi/regress_47673_2_test.dart:15:27: Error: Expected type 'Array<invalid-type>' to be a valid and instantiated subtype of 'NativeType'.
 - 'Array' is from 'dart:ffi'.
  external Array<Unknown> b; //# 1: compile-time error
                          ^
Error: AOT compilation failed
Generating AOT kernel dill failed!

Compile Failed: tests/ffi/regress_47673_2_test.dart
Compiling tests/ffi/regress_47673_test.dart
Running tests/ffi/regress_47673_test.dart
Passed: tests/ffi/regress_47673_test.dart
Compiling tests/ffi/regress_49402_test.dart
Running tests/ffi/regress_49402_test.dart
Passed: tests/ffi/regress_49402_test.dart
Compiling tests/ffi/regress_49684_test.dart
Running tests/ffi/regress_49684_test.dart
Passed: tests/ffi/regress_49684_test.dart
Compiling tests/ffi/regress_51041_test.dart

Info: Compiling with sound null safety.
../../tests/ffi/regress_51041_test.dart:13:7: Error: Field 'x' cannot be nullable or have type 'Null', it must be `int`, `double`, `Pointer`, or a subtype of `Struct` or `Union`.
      x;
      ^
Error: AOT compilation failed
Generating AOT kernel dill failed!

Compile Failed: tests/ffi/regress_51041_test.dart
Compiling tests/ffi/regress_51315_test.dart
Running tests/ffi/regress_51315_test.dart
Passed: tests/ffi/regress_51315_test.dart
Compiling tests/ffi/regress_51321_test.dart
Running tests/ffi/regress_51321_test.dart
Passed: tests/ffi/regress_51321_test.dart
Compiling tests/ffi/regress_51504_test.dart
Running tests/ffi/regress_51504_test.dart
Passed: tests/ffi/regress_51504_test.dart
Compiling tests/ffi/regress_51538_2_test.dart
Running tests/ffi/regress_51538_2_test.dart
Passed: tests/ffi/regress_51538_2_test.dart
Compiling tests/ffi/regress_51538_3_test.dart
Running tests/ffi/regress_51538_3_test.dart
Passed: tests/ffi/regress_51538_3_test.dart
Compiling tests/ffi/regress_51538_test.dart
Running tests/ffi/regress_51538_test.dart
Passed: tests/ffi/regress_51538_test.dart
Compiling tests/ffi/regress_51913_test.dart

Info: Compiling with sound null safety.
../../tests/ffi/regress_51913_test.dart:8:2: Error: Expected type 'NativeFunction<dynamic>' to be a valid and instantiated subtype of 'NativeType'.
 - 'NativeFunction' is from 'dart:ffi'.
@Native() //# 1: compile-time error
 ^
Error: AOT compilation failed
Generating AOT kernel dill failed!

Compile Failed: tests/ffi/regress_51913_test.dart
Compiling tests/ffi/regress_b_261224444_test.dart
Running tests/ffi/regress_b_261224444_test.dart
Passed: tests/ffi/regress_b_261224444_test.dart
Compiling tests/ffi/regress_flutter79441_test.dart
Running tests/ffi/regress_flutter79441_test.dart
Passed: tests/ffi/regress_flutter79441_test.dart
Compiling tests/ffi/regress_flutter97301_test.dart
Running tests/ffi/regress_flutter97301_test.dart
Passed: tests/ffi/regress_flutter97301_test.dart
Compiling tests/ffi/regress_jump_to_frame_test.dart
Running tests/ffi/regress_jump_to_frame_test.dart


===== CRASH =====
si_signo=Bus error: 10(10), si_code=1, si_addr=0x158615350
version=3.0.6 (stable) (Fri Jul 21 10:35:58 2023 -0700) on "macos_simarm64"
pid=98809, thread=16131, isolate_group=main(0x159011400), isolate=main(0x15900d600)
os=macos, arch=arm64, comp=no, sim=yes
isolate_instructions=101786840, vm_instructions=101780000
fp=16fd8a0e0, sp=16fd8a0b0, pc=158615350
  pc 0x0000000158615350 fp 0x000000016fd8a0e0 Unknown symbol
  pc 0x0000000100b85bec fp 0x000000016fd8a1c0 dart::Simulator::InstructionDecode(dart::Instr*)+0x1a4
  pc 0x0000000100b8d5e0 fp 0x000000016fd8a2c0 dart::Simulator::Execute()+0x80
  pc 0x0000000100b8d92c fp 0x000000016fd8a3b0 dart::Simulator::Call(long long, long long, long long, long long, long long, bool, bool)+0x254
  pc 0x00000001009be908 fp 0x000000016fd8a450 dart::DartEntry::InvokeCode(dart::Code const&, unsigned long, dart::Array const&, dart::Array const&, dart::Thread*)+0x100
  pc 0x00000001009be710 fp 0x000000016fd8a4c0 dart::DartEntry::InvokeFunction(dart::Function const&, dart::Array const&, dart::Array const&, unsigned long)+0x14c
  pc 0x00000001009c16b4 fp 0x000000016fd8a530 dart::DartLibraryCalls::HandleMessage(long long, dart::Instance const&)+0x10c
  pc 0x00000001009e7ca4 fp 0x000000016fd8acf0 dart::IsolateMessageHandler::HandleMessage(std::__2::unique_ptr<dart::Message, std::__2::default_delete<dart::Message>>)+0x33c
  pc 0x00000001009fa860 fp 0x000000016fd8adb0 dart::MessageHandler::HandleMessages(dart::MonitorLocker*, bool, bool)+0x1ec
  pc 0x00000001009fb508 fp 0x000000016fd8ae40 dart::MessageHandler::TaskCallback()+0x2dc
  pc 0x0000000100baa03c fp 0x000000016fd8aef0 dart::ThreadPool::WorkerLoop(dart::ThreadPool::Worker*)+0x17c
  pc 0x0000000100baa8fc fp 0x000000016fd8af50 dart::ThreadPool::Worker::Main(unsigned long)+0x124
  pc 0x0000000100b0fb40 fp 0x000000016fd8afc0 dart::ThreadStart(void*)+0xcc
  pc 0x000000019fffbfa8 fp 0x000000016fd8afe0 _pthread_start+0x94
-- End of DumpStackTrace
../../runtime/vm/stack_frame.cc: 357: error: expected: code != Code::null()
Aborting reentrant request for stack trace.

Failed: tests/ffi/regress_jump_to_frame_test.dart
Compiling tests/ffi/sizeof_test.dart
Running tests/ffi/sizeof_test.dart
Passed: tests/ffi/sizeof_test.dart
Compiling tests/ffi/snapshot_test.dart
Running tests/ffi/snapshot_test.dart
Passed: tests/ffi/snapshot_test.dart
Compiling tests/ffi/stacktrace_regress_37910_test.dart
Running tests/ffi/stacktrace_regress_37910_test.dart
Passed: tests/ffi/stacktrace_regress_37910_test.dart
Compiling tests/ffi/structs_nested_test.dart
Running tests/ffi/structs_nested_test.dart
Passed: tests/ffi/structs_nested_test.dart
Compiling tests/ffi/structs_nnbd_workaround_test.dart
Running tests/ffi/structs_nnbd_workaround_test.dart
Passed: tests/ffi/structs_nnbd_workaround_test.dart
Compiling tests/ffi/structs_packed_test.dart
Running tests/ffi/structs_packed_test.dart
Passed: tests/ffi/structs_packed_test.dart
Compiling tests/ffi/structs_test.dart
Running tests/ffi/structs_test.dart
Passed: tests/ffi/structs_test.dart
Compiling tests/ffi/unaligned_test.dart
Running tests/ffi/unaligned_test.dart
Passed: tests/ffi/unaligned_test.dart
Compiling tests/ffi/variance_function_test.dart
Running tests/ffi/variance_function_test.dart
Passed: tests/ffi/variance_function_test.dart
Compiling tests/ffi/vmspecific_dynamic_library_test.dart
Running tests/ffi/vmspecific_dynamic_library_test.dart
Passed: tests/ffi/vmspecific_dynamic_library_test.dart
Compiling tests/ffi/vmspecific_enable_ffi_test.dart
Running tests/ffi/vmspecific_enable_ffi_test.dart
Passed: tests/ffi/vmspecific_enable_ffi_test.dart
Compiling tests/ffi/vmspecific_ffi_native_test.dart
Running tests/ffi/vmspecific_ffi_native_test.dart
Passed: tests/ffi/vmspecific_ffi_native_test.dart
Compiling tests/ffi/vmspecific_function_callbacks_exit_test.dart
Running tests/ffi/vmspecific_function_callbacks_exit_test.dart
Passed: tests/ffi/vmspecific_function_callbacks_exit_test.dart
Compiling tests/ffi/vmspecific_function_callbacks_negative_test.dart

Info: Compiling with sound null safety.
../../tests/ffi/vmspecific_function_callbacks_negative_test.dart:15:43: Error: Undefined name 'returnVoid'.
  Pointer.fromFunction<Double Function()>(returnVoid, null); //# 59: compile-time error
                                          ^^^^^^^^^^
../../tests/ffi/vmspecific_function_callbacks_negative_test.dart:16:41: Error: Undefined name 'returnVoid'.
  Pointer.fromFunction<Void Function()>(returnVoid, 0); //# 60: compile-time error
                                        ^^^^^^^^^^
../../tests/ffi/vmspecific_function_callbacks_negative_test.dart:15:43: Error: fromFunction expects a static function as parameter. dart:ffi only supports calling static Dart functions from native code. Closures and tear-offs are not supported because they can capture context.
  Pointer.fromFunction<Double Function()>(returnVoid, null); //# 59: compile-time error
                                          ^
../../tests/ffi/vmspecific_function_callbacks_negative_test.dart:16:41: Error: fromFunction expects a static function as parameter. dart:ffi only supports calling static Dart functions from native code. Closures and tear-offs are not supported because they can capture context.
  Pointer.fromFunction<Void Function()>(returnVoid, 0); //# 60: compile-time error
                                        ^
../../tests/ffi/vmspecific_function_callbacks_negative_test.dart:17:66: Error: Expected 'String' to be a subtype of 'double'.
  Pointer.fromFunction<Double Function()>(testExceptionalReturn, "abc"); //# 61: compile-time error
                                                                 ^
../../tests/ffi/vmspecific_function_callbacks_negative_test.dart:18:66: Error: Expected 'int' to be a subtype of 'double'.
  Pointer.fromFunction<Double Function()>(testExceptionalReturn, 0); //# 62: compile-time error
                                                                 ^
../../tests/ffi/vmspecific_function_callbacks_negative_test.dart:19:11: Error: Expected an exceptional return value for a native callback returning 'double'.
  Pointer.fromFunction<Double Function()>(testExceptionalReturn); //# 63: compile-time error
          ^
Error: AOT compilation failed
Generating AOT kernel dill failed!

Compile Failed: tests/ffi/vmspecific_function_callbacks_negative_test.dart
Compiling tests/ffi/vmspecific_function_callbacks_test.dart
Running tests/ffi/vmspecific_function_callbacks_test.dart
Passed: tests/ffi/vmspecific_function_callbacks_test.dart
Compiling tests/ffi/vmspecific_function_gc_test.dart
Running tests/ffi/vmspecific_function_gc_test.dart

../../runtime/vm/simulator_arm64.cc: 955: error: expected: instr == NULL || reg != R18
version=3.0.6 (stable) (Fri Jul 21 10:35:58 2023 -0700) on "macos_simarm64"
pid=98959, thread=16131, isolate_group=main(0x156015200), isolate=main(0x156010a00)
os=macos, arch=arm64, comp=no, sim=yes
isolate_instructions=1055ce840, vm_instructions=1055c8000
fp=16bf41ed0, sp=16bf41ea8, pc=10495c6a0
  pc 0x000000010495c6a0 fp 0x000000016bf41ed0 dart::Profiler::DumpStackTrace(void*)+0x68
  pc 0x000000010466f508 fp 0x000000016bf41ef0 dart::Assert::Fail(char const*, ...) const+0x28
  pc 0x00000001049ce3cc fp 0x000000016bf41fd0 dart::Simulator::set_register(dart::Instr*, dart::Register, long long, dart::R31Type)+0x128
  pc 0x00000001049d12e4 fp 0x000000016bf420e0 dart::Simulator::DecodeLoadStoreRegPair(dart::Instr*)+0x20c
  pc 0x00000001049cdc34 fp 0x000000016bf421c0 dart::Simulator::InstructionDecode(dart::Instr*)+0x1ec
  pc 0x00000001049d55e0 fp 0x000000016bf422c0 dart::Simulator::Execute()+0x80
  pc 0x00000001049d592c fp 0x000000016bf423b0 dart::Simulator::Call(long long, long long, long long, long long, long long, bool, bool)+0x254
  pc 0x0000000104806908 fp 0x000000016bf42450 dart::DartEntry::InvokeCode(dart::Code const&, unsigned long, dart::Array const&, dart::Array const&, dart::Thread*)+0x100
  pc 0x0000000104806710 fp 0x000000016bf424c0 dart::DartEntry::InvokeFunction(dart::Function const&, dart::Array const&, dart::Array const&, unsigned long)+0x14c
  pc 0x00000001048096b4 fp 0x000000016bf42530 dart::DartLibraryCalls::HandleMessage(long long, dart::Instance const&)+0x10c
  pc 0x000000010482fca4 fp 0x000000016bf42cf0 dart::IsolateMessageHandler::HandleMessage(std::__2::unique_ptr<dart::Message, std::__2::default_delete<dart::Message>>)+0x33c
  pc 0x0000000104842860 fp 0x000000016bf42db0 dart::MessageHandler::HandleMessages(dart::MonitorLocker*, bool, bool)+0x1ec
  pc 0x0000000104843508 fp 0x000000016bf42e40 dart::MessageHandler::TaskCallback()+0x2dc
  pc 0x00000001049f203c fp 0x000000016bf42ef0 dart::ThreadPool::WorkerLoop(dart::ThreadPool::Worker*)+0x17c
  pc 0x00000001049f28fc fp 0x000000016bf42f50 dart::ThreadPool::Worker::Main(unsigned long)+0x124
  pc 0x0000000104957b40 fp 0x000000016bf42fc0 dart::ThreadStart(void*)+0xcc
  pc 0x000000019fffbfa8 fp 0x000000016bf42fe0 _pthread_start+0x94
-- End of DumpStackTrace
../../runtime/vm/stack_frame.cc: 357: error: expected: code != Code::null()
Aborting reentrant request for stack trace.

Failed: tests/ffi/vmspecific_function_gc_test.dart
Compiling tests/ffi/vmspecific_function_test.dart
Running tests/ffi/vmspecific_function_test.dart
Passed: tests/ffi/vmspecific_function_test.dart
Compiling tests/ffi/vmspecific_handle_dynamically_linked_test.dart
Running tests/ffi/vmspecific_handle_dynamically_linked_test.dart
Passed: tests/ffi/vmspecific_handle_dynamically_linked_test.dart
Compiling tests/ffi/vmspecific_handle_test.dart
Running tests/ffi/vmspecific_handle_test.dart
testHandle
passObjectToC(Instance of 'SomeClass')
result = Instance of 'SomeClass'
testHandleWithInteger
passObjectToC(1337)
result = 1337
HandleReadFieldValue
testClosureCallback Pointer: address=0x105e224dc
ClosureCallbackThroughHandle 0x105e224dc 0x15013fd78
doClosureCallback
() => void
Closure: () => void from Function 'increaseCounter': static.
increaseCounter
ClosureCallbackThroughHandle 0x105e224dc 0x15013fd78
doClosureCallback
() => void
Closure: () => void from Function 'increaseCounter': static.
increaseCounter
testReturnHandleInCallback
ReturnHandleInCallback 0x105e324dc
returnHandleCallback returning Instance of 'SomeClass'
HandleReadFieldValue
Dart_PropagateError(field_value)


===== CRASH =====
si_signo=Segmentation fault: 11(11), si_code=2, si_addr=0x10
version=3.0.6 (stable) (Fri Jul 21 10:35:58 2023 -0700) on "macos_simarm64"
pid=98984, thread=15875, isolate_group=main(0x14b80f400), isolate=main(0x14b82a600)
os=macos, arch=arm64, comp=no, sim=yes
isolate_instructions=105896840, vm_instructions=105890000
fp=16bc7ddf0, sp=16bc7ddc0, pc=104c9a290
  pc 0x0000000104c9a290 fp 0x000000016bc7ddf0 dart::Simulator::JumpToFrame(unsigned long, unsigned long, unsigned long, dart::Thread*)+0x30
  pc 0x0000000104ae1c68 fp 0x000000016bc7de40 dart::Exceptions::JumpToFrame(dart::Thread*, unsigned long, unsigned long, unsigned long, bool)+0x4c
  pc 0x0000000104ae2c78 fp 0x000000016bc7df80 dart::ThrowExceptionHelper(dart::Thread*, dart::Instance const&, dart::Instance const&, bool)+0x578
  pc 0x0000000104ae2d78 fp 0x000000016bc7df90 dart::Exceptions::ThrowWithStackTrace(dart::Thread*, dart::Instance const&, dart::Instance const&)+0x0
  pc 0x0000000104ae2e54 fp 0x000000016bc7e000 dart::Exceptions::PropagateError(dart::Error const&)+0xcc
  pc 0x0000000104f8902c fp 0x000000016bc7e070 Dart_ToString+0x0
  pc 0x000000010862b1c0 fp 0x000000016bc7e0a0 HandleReadFieldValue+0x78
  pc 0x0000000104d024c0 fp 0x000000016bc7e0e0 copy_loop+0x14
  pc 0x0000000104c91bec fp 0x000000016bc7e1c0 dart::Simulator::InstructionDecode(dart::Instr*)+0x1a4
  pc 0x0000000104c995e0 fp 0x000000016bc7e2c0 dart::Simulator::Execute()+0x80
  pc 0x0000000104c9992c fp 0x000000016bc7e3b0 dart::Simulator::Call(long long, long long, long long, long long, long long, bool, bool)+0x254
  pc 0x0000000104aca908 fp 0x000000016bc7e450 dart::DartEntry::InvokeCode(dart::Code const&, unsigned long, dart::Array const&, dart::Array const&, dart::Thread*)+0x100
  pc 0x0000000104aca710 fp 0x000000016bc7e4c0 dart::DartEntry::InvokeFunction(dart::Function const&, dart::Array const&, dart::Array const&, unsigned long)+0x14c
  pc 0x0000000104acd6b4 fp 0x000000016bc7e530 dart::DartLibraryCalls::HandleMessage(long long, dart::Instance const&)+0x10c
  pc 0x0000000104af3ca4 fp 0x000000016bc7ecf0 dart::IsolateMessageHandler::HandleMessage(std::__2::unique_ptr<dart::Message, std::__2::default_delete<dart::Message>>)+0x33c
  pc 0x0000000104b06860 fp 0x000000016bc7edb0 dart::MessageHandler::HandleMessages(dart::MonitorLocker*, bool, bool)+0x1ec
  pc 0x0000000104b07508 fp 0x000000016bc7ee40 dart::MessageHandler::TaskCallback()+0x2dc
  pc 0x0000000104cb603c fp 0x000000016bc7eef0 dart::ThreadPool::WorkerLoop(dart::ThreadPool::Worker*)+0x17c
  pc 0x0000000104cb68fc fp 0x000000016bc7ef50 dart::ThreadPool::Worker::Main(unsigned long)+0x124
  pc 0x0000000104c1bb40 fp 0x000000016bc7efc0 dart::ThreadStart(void*)+0xcc
  pc 0x000000019fffbfa8 fp 0x000000016bc7efe0 _pthread_start+0x94
-- End of DumpStackTrace
../../runtime/vm/stack_frame.cc: 357: error: expected: code != Code::null()
Aborting reentrant request for stack trace.

Failed: tests/ffi/vmspecific_handle_test.dart
Compiling tests/ffi/vmspecific_highmem_32bit_test.dart
Running tests/ffi/vmspecific_highmem_32bit_test.dart
Passed: tests/ffi/vmspecific_highmem_32bit_test.dart
Compiling tests/ffi/vmspecific_leaf_call_test.dart
Running tests/ffi/vmspecific_leaf_call_test.dart
Passed: tests/ffi/vmspecific_leaf_call_test.dart
Compiling tests/ffi/vmspecific_native_finalizer_2_test.dart
Running tests/ffi/vmspecific_native_finalizer_2_test.dart
Passed: tests/ffi/vmspecific_native_finalizer_2_test.dart
Compiling tests/ffi/vmspecific_native_finalizer_isolate_groups_test.dart
Running tests/ffi/vmspecific_native_finalizer_isolate_groups_test.dart
Passed: tests/ffi/vmspecific_native_finalizer_isolate_groups_test.dart
Compiling tests/ffi/vmspecific_native_finalizer_isolates_test.dart
Running tests/ffi/vmspecific_native_finalizer_isolates_test.dart
Passed: tests/ffi/vmspecific_native_finalizer_isolates_test.dart
Compiling tests/ffi/vmspecific_native_finalizer_test.dart
Running tests/ffi/vmspecific_native_finalizer_test.dart
Passed: tests/ffi/vmspecific_native_finalizer_test.dart
Compiling tests/ffi/vmspecific_object_gc_test.dart
Running tests/ffi/vmspecific_object_gc_test.dart
Passed: tests/ffi/vmspecific_object_gc_test.dart
Compiling tests/ffi/vmspecific_regress_37100_test.dart
Running tests/ffi/vmspecific_regress_37100_test.dart
Passed: tests/ffi/vmspecific_regress_37100_test.dart
Compiling tests/ffi/vmspecific_regress_37511_callbacks_test.dart
Running tests/ffi/vmspecific_regress_37511_callbacks_test.dart
Passed: tests/ffi/vmspecific_regress_37511_callbacks_test.dart
Compiling tests/ffi/vmspecific_regress_37511_test.dart
Running tests/ffi/vmspecific_regress_37511_test.dart
Passed: tests/ffi/vmspecific_regress_37511_test.dart
Compiling tests/ffi/vmspecific_regress_37780_test.dart
Running tests/ffi/vmspecific_regress_37780_test.dart
Passed: tests/ffi/vmspecific_regress_37780_test.dart
Compiling tests/ffi/vmspecific_regress_38993_test.dart

Info: Compiling with sound null safety.
../../tests/ffi/vmspecific_regress_38993_test.dart:10:11: Error: Field 'x' cannot be nullable or have type 'Null', it must be `int`, `double`, `Pointer`, or a subtype of `Struct` or `Union`.
  dynamic x; //# 1: compile-time error
          ^
Error: AOT compilation failed
Generating AOT kernel dill failed!

Compile Failed: tests/ffi/vmspecific_regress_38993_test.dart
Compiling tests/ffi/vmspecific_regress_51794_test.dart
Running tests/ffi/vmspecific_regress_51794_test.dart
Passed: tests/ffi/vmspecific_regress_51794_test.dart
Compiling tests/ffi/vmspecific_send_port_id_test.dart
Running tests/ffi/vmspecific_send_port_id_test.dart
Passed: tests/ffi/vmspecific_send_port_id_test.dart
Compiling tests/ffi/vmspecific_static_checks_ffinative_test.dart

Info: Compiling with sound null safety.
../../tests/ffi/vmspecific_static_checks_ffinative_test.dart:81:10: Error: Can't have modifier 'static' here.
Try removing 'static'.
external static int badOptParam(); //# 12: compile-time error
         ^^^^^^
../../tests/ffi/vmspecific_static_checks_ffinative_test.dart:84:33: Error: Expected an identifier, but got '}'.
Try inserting an identifier before '}'.
@FfiNative<Void Function({Double})>('doesntmatter') //# 13: compile-time error
                                ^
../../tests/ffi/vmspecific_static_checks_ffinative_test.dart:85:10: Error: Can't have modifier 'static' here.
Try removing 'static'.
external static int badNamedParam(); //# 13: compile-time error
         ^^^^^^
../../tests/ffi/vmspecific_static_checks_ffinative_test.dart:26:4: Error: Unexpected number of FfiNative annotation parameters. Expected 2 but has 1. FfiNative instance method annotation must have receiver as first argument.
  @FfiNative<Void Function(IntPtr)>('doesntmatter') //# 03: compile-time error
   ^
../../tests/ffi/vmspecific_static_checks_ffinative_test.dart:31:4: Error: Only classes extending NativeFieldWrapperClass1 can be passed as Pointer.
  @FfiNative<Void Function(Pointer<Void>, IntPtr)>(//# 04: compile-time error
   ^
../../tests/ffi/vmspecific_static_checks_ffinative_test.dart:38:4: Error: Unexpected number of FfiNative annotation parameters. Expected 2 but has 1. FfiNative instance method annotation must have receiver as first argument.
  @FfiNative<Void Function(IntPtr)>('doesntmatter') //# 05: compile-time error
   ^
../../tests/ffi/vmspecific_static_checks_ffinative_test.dart:43:17: Error: Expected type 'void Function(Pointer<Void>, int, int, Object)' to be 'Object Function(Pointer<Void>, int, int, Object)', which is the Dart type corresponding to 'NativeFunction<Handle Function(Pointer<Void>, Uint32, Uint32, Handle)>'.
 - 'Pointer' is from 'dart:ffi'.
 - 'Void' is from 'dart:ffi'.
 - 'Object' is from 'dart:core'.
 - 'NativeFunction' is from 'dart:ffi'.
 - 'Handle' is from 'dart:ffi'.
 - 'Uint32' is from 'dart:ffi'.
  external void toImageSync(int width, int height, Object outImage);  //# 49471: compile-time error
                ^
../../tests/ffi/vmspecific_static_checks_ffinative_test.dart:62:4: Error: Only classes extending NativeFieldWrapperClass1 can be passed as Pointer.
  @FfiNative<IntPtr Function(Pointer<Void>, Handle)>(//# 09: compile-time error
   ^
../../tests/ffi/vmspecific_static_checks_ffinative_test.dart:68:4: Error: Only classes extending NativeFieldWrapperClass1 can be passed as Pointer.
  @FfiNative<IntPtr Function(Handle, Pointer<Void>)>(//# 10: compile-time error
   ^
../../tests/ffi/vmspecific_static_checks_ffinative_test.dart:74:4: Error: Only classes extending NativeFieldWrapperClass1 can be passed as Pointer.
  @FfiNative<IntPtr Function(Pointer<Void>)>(//# 11: compile-time error
   ^
../../tests/ffi/vmspecific_static_checks_ffinative_test.dart:17:17: Error: FFI leaf call must not have Handle return type.
external Object foo(); //# 01: compile-time error
                ^
../../tests/ffi/vmspecific_static_checks_ffinative_test.dart:22:15: Error: FFI leaf call must not have Handle argument types.
external void bar(Object); //# 02: compile-time error
              ^
../../tests/ffi/vmspecific_static_checks_ffinative_test.dart:47:2: Error: Unexpected number of FfiNative annotation parameters. Expected 1 but has 2.
@FfiNative<Handle Function(IntPtr, IntPtr)>(//# 06: compile-time error
 ^
../../tests/ffi/vmspecific_static_checks_ffinative_test.dart:52:2: Error: Unexpected number of FfiNative annotation parameters. Expected 2 but has 1.
@FfiNative<Handle Function(IntPtr)>('doesntmatter') //# 07: compile-time error
 ^
../../tests/ffi/vmspecific_static_checks_ffinative_test.dart:57:6: Error: FfiNative functions must be marked external.
void mustBeMarkedExternal() {} //# 08: compile-time error
     ^
../../tests/ffi/vmspecific_static_checks_ffinative_test.dart:80:2: Error: Expected type 'NativeFunction<Void Function([Double])>' to be a valid and instantiated subtype of 'NativeType'.
 - 'NativeFunction' is from 'dart:ffi'.
 - 'Void' is from 'dart:ffi'.
 - 'Double' is from 'dart:ffi'.
@FfiNative<Void Function([Double])>('doesntmatter') //# 12: compile-time error
 ^
../../tests/ffi/vmspecific_static_checks_ffinative_test.dart:85:21: Error: Expected type 'int Function()' to be 'void Function()', which is the Dart type corresponding to 'NativeFunction<Void Function()>'.
 - 'NativeFunction' is from 'dart:ffi'.
 - 'Void' is from 'dart:ffi'.
external static int badNamedParam(); //# 13: compile-time error
                    ^
../../tests/ffi/vmspecific_static_checks_ffinative_test.dart:88:14: Error: Expected type 'int Function(int)' to be 'int Function(double)', which is the Dart type corresponding to 'NativeFunction<IntPtr Function(Double)>'.
 - 'NativeFunction' is from 'dart:ffi'.
 - 'IntPtr' is from 'dart:ffi'.
 - 'Double' is from 'dart:ffi'.
external int wrongFfiParameter(int v); //# 14: compile-time error
             ^
../../tests/ffi/vmspecific_static_checks_ffinative_test.dart:91:17: Error: Expected type 'double Function(int)' to be 'int Function(int)', which is the Dart type corresponding to 'NativeFunction<IntPtr Function(IntPtr)>'.
 - 'NativeFunction' is from 'dart:ffi'.
 - 'IntPtr' is from 'dart:ffi'.
external double wrongFfiReturnType(int v); //# 15: compile-time error
                ^
../../tests/ffi/vmspecific_static_checks_ffinative_test.dart:93:2: Error: Expected type 'NativeFunction<IntPtr Function(int)>' to be a valid and instantiated subtype of 'NativeType'.
 - 'NativeFunction' is from 'dart:ffi'.
 - 'IntPtr' is from 'dart:ffi'.
@FfiNative<IntPtr Function(int)>('doesntmatter') //# 16: compile-time error
 ^
../../tests/ffi/vmspecific_static_checks_ffinative_test.dart:96:2: Error: Expected type 'NativeFunction<double Function(IntPtr)>' to be a valid and instantiated subtype of 'NativeType'.
 - 'NativeFunction' is from 'dart:ffi'.
 - 'IntPtr' is from 'dart:ffi'.
@FfiNative<double Function(IntPtr)>('doesntmatter') //# 17: compile-time error
 ^
Error: AOT compilation failed
Generating AOT kernel dill failed!

Compile Failed: tests/ffi/vmspecific_static_checks_ffinative_test.dart
Compiling tests/ffi/vmspecific_static_checks_test.dart

Info: Compiling with sound null safety.
../../tests/ffi/vmspecific_static_checks_test.dart:522:13: Error: 'EmptyStruct' is already declared in this scope.
final class EmptyStruct extends Struct {} //# 1100: compile-time error
            ^^^^^^^^^^^
../../tests/ffi/vmspecific_static_checks_test.dart:520:13: Context: Previous declaration of 'EmptyStruct'.
final class EmptyStruct extends Struct {} //# 1099: compile-time error
            ^^^^^^^^^^^
../../tests/ffi/vmspecific_static_checks_test.dart:530:13: Error: 'EmptyStruct' is already declared in this scope.
final class EmptyStruct extends Struct {} //# 1101: compile-time error
            ^^^^^^^^^^^
../../tests/ffi/vmspecific_static_checks_test.dart:522:13: Context: Previous declaration of 'EmptyStruct'.
final class EmptyStruct extends Struct {} //# 1100: compile-time error
            ^^^^^^^^^^^
../../tests/ffi/vmspecific_static_checks_test.dart:538:13: Error: 'EmptyStruct' is already declared in this scope.
final class EmptyStruct extends Struct {} //# 1102: compile-time error
            ^^^^^^^^^^^
../../tests/ffi/vmspecific_static_checks_test.dart:530:13: Context: Previous declaration of 'EmptyStruct'.
final class EmptyStruct extends Struct {} //# 1101: compile-time error
            ^^^^^^^^^^^
../../tests/ffi/vmspecific_static_checks_test.dart:548:13: Error: 'EmptyStruct' is already declared in this scope.
final class EmptyStruct extends Struct {} //# 1103: compile-time error
            ^^^^^^^^^^^
../../tests/ffi/vmspecific_static_checks_test.dart:538:13: Context: Previous declaration of 'EmptyStruct'.
final class EmptyStruct extends Struct {} //# 1102: compile-time error
            ^^^^^^^^^^^
../../tests/ffi/vmspecific_static_checks_test.dart:557:13: Error: 'EmptyStruct' is already declared in this scope.
final class EmptyStruct extends Struct {} //# 1104: compile-time error
            ^^^^^^^^^^^
../../tests/ffi/vmspecific_static_checks_test.dart:548:13: Context: Previous declaration of 'EmptyStruct'.
final class EmptyStruct extends Struct {} //# 1103: compile-time error
            ^^^^^^^^^^^
../../tests/ffi/vmspecific_static_checks_test.dart:567:13: Error: 'EmptyStruct' is already declared in this scope.
final class EmptyStruct extends Struct {} //# 1105: compile-time error
            ^^^^^^^^^^^
../../tests/ffi/vmspecific_static_checks_test.dart:557:13: Context: Previous declaration of 'EmptyStruct'.
final class EmptyStruct extends Struct {} //# 1104: compile-time error
            ^^^^^^^^^^^
../../tests/ffi/vmspecific_static_checks_test.dart:576:13: Error: 'EmptyStruct' is already declared in this scope.
final class EmptyStruct extends Struct {} //# 1106: compile-time error
            ^^^^^^^^^^^
../../tests/ffi/vmspecific_static_checks_test.dart:567:13: Context: Previous declaration of 'EmptyStruct'.
final class EmptyStruct extends Struct {} //# 1105: compile-time error
            ^^^^^^^^^^^
../../tests/ffi/vmspecific_static_checks_test.dart:394:5: Error: Expected 0 type arguments.
    Struct<TestStruct11<dynamic>> {} //# 60: compile-time error
    ^^^^^^
../../tests/ffi/vmspecific_static_checks_test.dart:559:26: Error: 'EmptyStruct' isn't a type.
void _consumeEmptyStruct(EmptyStruct e) => //# 1104: compile-time error
                         ^^^^^^^^^^^
../../tests/ffi/vmspecific_static_checks_test.dart:559:26: Context: This isn't a type.
void _consumeEmptyStruct(EmptyStruct e) => //# 1104: compile-time error
                         ^^^^^^^^^^^
../../tests/ffi/vmspecific_static_checks_test.dart:569:1: Error: 'EmptyStruct' isn't a type.
EmptyStruct _returnEmptyStruct() => EmptyStruct(); //# 1105: compile-time error
^^^^^^^^^^^
../../tests/ffi/vmspecific_static_checks_test.dart:569:1: Context: This isn't a type.
EmptyStruct _returnEmptyStruct() => EmptyStruct(); //# 1105: compile-time error
^^^^^^^^^^^
../../tests/ffi/vmspecific_static_checks_test.dart:579:12: Error: 'EmptyStruct' isn't a type.
  external EmptyStruct nestedEmptyStruct; //# 1106: compile-time error
           ^^^^^^^^^^^
../../tests/ffi/vmspecific_static_checks_test.dart:579:12: Context: This isn't a type.
  external EmptyStruct nestedEmptyStruct; //# 1106: compile-time error
           ^^^^^^^^^^^
../../tests/ffi/vmspecific_static_checks_test.dart:341:7: Error: The type 'TestStruct3' must be 'base', 'final' or 'sealed' because the supertype 'TestStruct' is 'final'.
Try adding 'base', 'final', or 'sealed' to the type.
class TestStruct3 extends TestStruct {} //# 52: compile-time error
      ^
../../tests/ffi/vmspecific_static_checks_test.dart:418:27: Error: The class 'NativeType' can't be extended outside of its library because it's a final class.
class ENativeType extends NativeType {} //# 90: compile-time error
                          ^
../../tests/ffi/vmspecific_static_checks_test.dart:420:21: Error: The class 'Int8' can't be extended outside of its library because it's a final class.
class EInt8 extends Int8 {} //# 91: compile-time error
                    ^
../../tests/ffi/vmspecific_static_checks_test.dart:422:22: Error: The class 'Int16' can't be extended outside of its library because it's a final class.
class EInt16 extends Int16 {} //# 92: compile-time error
                     ^
../../tests/ffi/vmspecific_static_checks_test.dart:424:22: Error: The class 'Int32' can't be extended outside of its library because it's a final class.
class EInt32 extends Int32 {} //# 93: compile-time error
                     ^
../../tests/ffi/vmspecific_static_checks_test.dart:426:22: Error: The class 'Int64' can't be extended outside of its library because it's a final class.
class EInt64 extends Int64 {} //# 94: compile-time error
                     ^
../../tests/ffi/vmspecific_static_checks_test.dart:428:22: Error: The class 'Uint8' can't be extended outside of its library because it's a final class.
class EUint8 extends Uint8 {} //# 95: compile-time error
                     ^
../../tests/ffi/vmspecific_static_checks_test.dart:430:23: Error: The class 'Uint16' can't be extended outside of its library because it's a final class.
class EUint16 extends Uint16 {} //# 96: compile-time error
                      ^
../../tests/ffi/vmspecific_static_checks_test.dart:432:23: Error: The class 'Uint32' can't be extended outside of its library because it's a final class.
class EUint32 extends Uint32 {} //# 97: compile-time error
                      ^
../../tests/ffi/vmspecific_static_checks_test.dart:434:23: Error: The class 'Uint64' can't be extended outside of its library because it's a final class.
class EUint64 extends Uint64 {} //# 98: compile-time error
                      ^
../../tests/ffi/vmspecific_static_checks_test.dart:436:23: Error: The class 'IntPtr' can't be extended outside of its library because it's a final class.
class EIntPtr extends IntPtr {} //# 99: compile-time error
                      ^
../../tests/ffi/vmspecific_static_checks_test.dart:438:22: Error: The class 'Float' can't be extended outside of its library because it's a final class.
class EFloat extends Float {} //# 910: compile-time error
                     ^
../../tests/ffi/vmspecific_static_checks_test.dart:440:23: Error: The class 'Double' can't be extended outside of its library because it's a final class.
class EDouble extends Double {} //# 911: compile-time error
                      ^
../../tests/ffi/vmspecific_static_checks_test.dart:442:21: Error: The class 'Void' can't be extended outside of its library because it's a final class.
class EVoid extends Void {} //# 912: compile-time error
                    ^
../../tests/ffi/vmspecific_static_checks_test.dart:444:31: Error: The class 'NativeFunction' can't be extended outside of its library because it's a final class.
class ENativeFunction extends NativeFunction {} //# 913: compile-time error
                              ^
../../tests/ffi/vmspecific_static_checks_test.dart:446:24: Error: The class 'Pointer' can't be extended outside of its library because it's a final class.
class EPointer extends Pointer {} //# 914: compile-time error
                       ^
../../tests/ffi/vmspecific_static_checks_test.dart:452:30: Error: The class 'NativeType' can't be implemented outside of its library because it's a final class.
class INativeType implements NativeType {} //# 80: compile-time error
                             ^
../../tests/ffi/vmspecific_static_checks_test.dart:454:24: Error: The class 'Int8' can't be implemented outside of its library because it's a final class.
class IInt8 implements Int8 {} //# 81: compile-time error
                       ^
../../tests/ffi/vmspecific_static_checks_test.dart:456:25: Error: The class 'Int16' can't be implemented outside of its library because it's a final class.
class IInt16 implements Int16 {} //# 82: compile-time error
                        ^
../../tests/ffi/vmspecific_static_checks_test.dart:458:25: Error: The class 'Int32' can't be implemented outside of its library because it's a final class.
class IInt32 implements Int32 {} //# 83: compile-time error
                        ^
../../tests/ffi/vmspecific_static_checks_test.dart:460:25: Error: The class 'Int64' can't be implemented outside of its library because it's a final class.
class IInt64 implements Int64 {} //# 84: compile-time error
                        ^
../../tests/ffi/vmspecific_static_checks_test.dart:462:25: Error: The class 'Uint8' can't be implemented outside of its library because it's a final class.
class IUint8 implements Uint8 {} //# 85: compile-time error
                        ^
../../tests/ffi/vmspecific_static_checks_test.dart:464:26: Error: The class 'Uint16' can't be implemented outside of its library because it's a final class.
class IUint16 implements Uint16 {} //# 86: compile-time error
                         ^
../../tests/ffi/vmspecific_static_checks_test.dart:466:26: Error: The class 'Uint32' can't be implemented outside of its library because it's a final class.
class IUint32 implements Uint32 {} //# 87: compile-time error
                         ^
../../tests/ffi/vmspecific_static_checks_test.dart:468:26: Error: The class 'Uint64' can't be implemented outside of its library because it's a final class.
class IUint64 implements Uint64 {} //# 88: compile-time error
                         ^
../../tests/ffi/vmspecific_static_checks_test.dart:470:26: Error: The class 'IntPtr' can't be implemented outside of its library because it's a final class.
class IIntPtr implements IntPtr {} //# 88: compile-time error
                         ^
../../tests/ffi/vmspecific_static_checks_test.dart:472:25: Error: The class 'Float' can't be implemented outside of its library because it's a final class.
class IFloat implements Float {} //# 810: compile-time error
                        ^
../../tests/ffi/vmspecific_static_checks_test.dart:474:26: Error: The class 'Double' can't be implemented outside of its library because it's a final class.
class IDouble implements Double {} //# 811: compile-time error
                         ^
../../tests/ffi/vmspecific_static_checks_test.dart:476:24: Error: The class 'Void' can't be implemented outside of its library because it's a final class.
class IVoid implements Void {} //# 812: compile-time error
                       ^
../../tests/ffi/vmspecific_static_checks_test.dart:480:9: Error: The class 'NativeFunction' can't be implemented outside of its library because it's a final class.
        NativeFunction {} //# 813: compile-time error
        ^
../../tests/ffi/vmspecific_static_checks_test.dart:482:27: Error: The class 'Pointer' can't be implemented outside of its library because it's a final class.
class IPointer implements Pointer {} //# 814: compile-time error
                          ^
../../tests/ffi/vmspecific_static_checks_test.dart:484:7: Error: The type 'IStruct' must be 'base', 'final' or 'sealed' because the supertype 'Struct' is 'base'.
Try adding 'base', 'final', or 'sealed' to the type.
class IStruct implements Struct {} //# 815: compile-time error
      ^
../../tests/ffi/vmspecific_static_checks_test.dart:484:26: Error: The class 'Struct' can't be implemented outside of its library because it's a base class.
class IStruct implements Struct {} //# 815: compile-time error
                         ^
../../tests/ffi/vmspecific_static_checks_test.dart:486:7: Error: The type 'IOpaque' must be 'base', 'final' or 'sealed' because the supertype 'Opaque' is 'base'.
Try adding 'base', 'final', or 'sealed' to the type.
class IOpaque implements Opaque {} //# 816: compile-time error
      ^
../../tests/ffi/vmspecific_static_checks_test.dart:486:26: Error: The class 'Opaque' can't be implemented outside of its library because it's a base class.
class IOpaque implements Opaque {} //# 816: compile-time error
                         ^
../../tests/ffi/vmspecific_static_checks_test.dart:801:7: Error: The type 'AbiSpecificInteger2' must be 'base', 'final' or 'sealed' because the supertype 'AbiSpecificInteger' is 'base'.
Try adding 'base', 'final', or 'sealed' to the type.
class AbiSpecificInteger2
      ^
../../tests/ffi/vmspecific_static_checks_test.dart:802:16: Error: The class 'AbiSpecificInteger' can't be implemented outside of its library because it's a base class.
    implements AbiSpecificInteger //# 1903: compile-time error
               ^
../../tests/ffi/vmspecific_static_checks_test.dart:807:7: Error: The type 'AbiSpecificInteger3' must be 'base', 'final' or 'sealed' because the supertype 'AbiSpecificInteger1' is 'final'.
Try adding 'base', 'final', or 'sealed' to the type.
class AbiSpecificInteger3
      ^
../../tests/ffi/vmspecific_static_checks_test.dart:813:7: Error: The type 'AbiSpecificInteger4' must be 'base', 'final' or 'sealed' because the supertype 'AbiSpecificInteger1' is 'final'.
Try adding 'base', 'final', or 'sealed' to the type.
class AbiSpecificInteger4
      ^
../../tests/ffi/vmspecific_static_checks_test.dart:814:16: Error: The class 'AbiSpecificInteger' can't be implemented outside of its library because it's a base class.
    implements AbiSpecificInteger1 //# 1905: compile-time error
               ^
../DebugARM64/dart-sdk/lib/ffi/abi_specific.dart:48:12: Context: The type 'AbiSpecificInteger1' is a subtype of 'AbiSpecificInteger', and 'AbiSpecificInteger' is defined here.
base class AbiSpecificInteger extends NativeType {
           ^
../../tests/ffi/vmspecific_static_checks_test.dart:482:7: Error: The non-abstract class 'IPointer' is missing implementations for these members:
 - Pointer.address
 - Pointer.cast
Try to either
 - provide an implementation,
 - inherit an implementation from a superclass or mixin,
 - mark the class as abstract, or
 - provide a 'noSuchMethod' implementation.

class IPointer implements Pointer {} //# 814: compile-time error
      ^^^^^^^^
../DebugARM64/dart-sdk/lib/_internal/vm/lib/ffi_patch.dart:178:20: Context: 'Pointer.address' is defined here.
  external int get address;
                   ^^^^^^^
../DebugARM64/dart-sdk/lib/_internal/vm/lib/ffi_patch.dart:185:14: Context: 'Pointer.cast' is defined here.
  Pointer<U> cast<U extends NativeType>() => Pointer.fromAddress(address);
             ^^^^
../../tests/ffi/vmspecific_static_checks_test.dart:813:7: Error: The non-abstract class 'AbiSpecificInteger4' is missing implementations for these members:
 - AbiSpecificInteger1.a
 - AbiSpecificInteger1.b
 - AbiSpecificInteger1.b=
Try to either
 - provide an implementation,
 - inherit an implementation from a superclass or mixin,
 - mark the class as abstract, or
 - provide a 'noSuchMethod' implementation.

class AbiSpecificInteger4
      ^^^^^^^^^^^^^^^^^^^
../../tests/ffi/vmspecific_static_checks_test.dart:796:11: Context: 'AbiSpecificInteger1.a' is defined here.
  int get a => 4; //# 1910: compile-time error
          ^
../../tests/ffi/vmspecific_static_checks_test.dart:798:16: Context: 'AbiSpecificInteger1.b' is defined here.
  external int b; //# 1911: compile-time error
               ^
../../tests/ffi/vmspecific_static_checks_test.dart:798:16: Context: 'AbiSpecificInteger1.b=' is defined here.
  external int b; //# 1911: compile-time error
               ^
../../tests/ffi/vmspecific_static_checks_test.dart:360:4: Error: The class 'Void' is abstract and can't be instantiated.
  @Void() //# 55: compile-time error
   ^^^^
../../tests/ffi/vmspecific_static_checks_test.dart:368:4: Error: The class 'NativeType' is abstract and can't be instantiated.
  @NativeType() //# 56: compile-time error
   ^^^^^^^^^^
../../tests/ffi/vmspecific_static_checks_test.dart:399:4: Error: This can't be used as an annotation; an annotation should be a reference to a compile-time constant variable, or a call to a constant constructor.
  @Pointer //# 61: compile-time error
   ^
../../tests/ffi/vmspecific_static_checks_test.dart:514:4: Error: The class 'Handle' is abstract and can't be instantiated.
  @Handle() //# 1002: compile-time error
   ^^^^^^
../../tests/ffi/vmspecific_static_checks_test.dart:76:16: Error: The getter 'value' isn't defined for the class 'Pointer<NativeType>'.
 - 'Pointer' is from 'dart:ffi'.
 - 'NativeType' is from 'dart:ffi'.
Try correcting the name to the name of an existing getter, or defining a getter or field named 'value'.
    result = p.value; //# 20: compile-time error
               ^^^^^
../../tests/ffi/vmspecific_static_checks_test.dart:92:16: Error: A value of type 'int' can't be assigned to a variable of type 'T?'.
    result = p.value; //# 21: compile-time error
               ^
../../tests/ffi/vmspecific_static_checks_test.dart:104:6: Error: The getter 'value' isn't defined for the class 'Pointer<Void>'.
 - 'Pointer' is from 'dart:ffi'.
 - 'Void' is from 'dart:ffi'.
Try correcting the name to the name of an existing getter, or defining a getter or field named 'value'.
  p2.value; //# 22: compile-time error
     ^^^^^
../../tests/ffi/vmspecific_static_checks_test.dart:111:17: Error: The getter 'value' isn't defined for the class 'Pointer<NativeFunction<Int8 Function(Int8)>>'.
 - 'Pointer' is from 'dart:ffi'.
 - 'NativeFunction' is from 'dart:ffi'.
 - 'Int8' is from 'dart:ffi'.
Try correcting the name to the name of an existing getter, or defining a getter or field named 'value'.
  IntUnOp f = p.value; //# 23: compile-time error
                ^^^^^
../../tests/ffi/vmspecific_static_checks_test.dart:124:24: Error: A value of type 'Pointer<Int16>' can't be assigned to a variable of type 'Pointer<Int8>'.
 - 'Pointer' is from 'dart:ffi'.
 - 'Int16' is from 'dart:ffi'.
 - 'Int8' is from 'dart:ffi'.
  Pointer<Int8> p2 = p.value; //# 25: compile-time error
                       ^
../../tests/ffi/vmspecific_static_checks_test.dart:131:7: Error: The setter 'value' isn't defined for the class 'Pointer<NativeType>'.
 - 'Pointer' is from 'dart:ffi'.
 - 'NativeType' is from 'dart:ffi'.
Try correcting the name to the name of an existing setter, or defining a setter or field named 'value'.
    p.value = 123; //# 26: compile-time error
      ^^^^^
../../tests/ffi/vmspecific_static_checks_test.dart:144:15: Error: A value of type 'T' can't be assigned to a variable of type 'int'.
    p.value = arg; //# 27: compile-time error
              ^
../../tests/ffi/vmspecific_static_checks_test.dart:155:6: Error: The setter 'value' isn't defined for the class 'Pointer<Void>'.
 - 'Pointer' is from 'dart:ffi'.
 - 'Void' is from 'dart:ffi'.
Try correcting the name to the name of an existing setter, or defining a setter or field named 'value'.
  p2.value = 1234; //# 28: compile-time error
     ^^^^^
../../tests/ffi/vmspecific_static_checks_test.dart:163:5: Error: The setter 'value' isn't defined for the class 'Pointer<NativeFunction<Int8 Function(Int8)>>'.
 - 'Pointer' is from 'dart:ffi'.
 - 'NativeFunction' is from 'dart:ffi'.
 - 'Int8' is from 'dart:ffi'.
Try correcting the name to the name of an existing setter, or defining a setter or field named 'value'.
  p.value = f; //# 29: compile-time error
    ^^^^^
../../tests/ffi/vmspecific_static_checks_test.dart:178:13: Error: A value of type 'Pointer<Int8>' can't be assigned to a variable of type 'Pointer<Int16>'.
 - 'Pointer' is from 'dart:ffi'.
 - 'Int8' is from 'dart:ffi'.
 - 'Int16' is from 'dart:ffi'.
  p.value = pHelper; //# 40: compile-time error
            ^
../../tests/ffi/vmspecific_static_checks_test.dart:208:16: Error: Non-nullable variable 'p' must be assigned before it can be used.
  Function f = p.asFunction<IntUnOp>(); //# 13: compile-time error
               ^
../../tests/ffi/vmspecific_static_checks_test.dart:526:21: Error: Can't use 'EmptyStruct' because it is declared more than once.
      Void Function(EmptyStruct), //# 1100: compile-time error
                    ^^^^^^^^^^^
../../tests/ffi/vmspecific_static_checks_test.dart:527:21: Error: Can't use 'EmptyStruct' because it is declared more than once.
      void Function(EmptyStruct)>("DoesNotExist"); //# 1100: compile-time error
                    ^^^^^^^^^^^
../../tests/ffi/vmspecific_static_checks_test.dart:534:7: Error: Can't use 'EmptyStruct' because it is declared more than once.
      EmptyStruct Function(), //# 1101: compile-time error
      ^^^^^^^^^^^
../../tests/ffi/vmspecific_static_checks_test.dart:535:7: Error: Can't use 'EmptyStruct' because it is declared more than once.
      EmptyStruct Function()>("DoesNotExist"); //# 1101: compile-time error
      ^^^^^^^^^^^
../../tests/ffi/vmspecific_static_checks_test.dart:543:29: Error: Can't use 'EmptyStruct' because it is declared more than once.
              Void Function(EmptyStruct)>> //# 1102: compile-time error
                            ^^^^^^^^^^^
../../tests/ffi/vmspecific_static_checks_test.dart:545:36: Error: Can't use 'EmptyStruct' because it is declared more than once.
  pointer.asFunction<void Function(EmptyStruct)>(); //# 1102: compile-time error
                                   ^^^^^^^^^^^
../../tests/ffi/vmspecific_static_checks_test.dart:552:26: Error: Can't use 'EmptyStruct' because it is declared more than once.
          NativeFunction<EmptyStruct Function()>> //# 1103: compile-time error
                         ^^^^^^^^^^^
../../tests/ffi/vmspecific_static_checks_test.dart:554:22: Error: Can't use 'EmptyStruct' because it is declared more than once.
  pointer.asFunction<EmptyStruct Function()>(); //# 1103: compile-time error
                     ^^^^^^^^^^^
../../tests/ffi/vmspecific_static_checks_test.dart:559:26: Error: Can't use 'EmptyStruct' because it is declared more than once.
void _consumeEmptyStruct(EmptyStruct e) => //# 1104: compile-time error
                         ^^^^^^^^^^^
../../tests/ffi/vmspecific_static_checks_test.dart:563:38: Error: Can't use 'EmptyStruct' because it is declared more than once.
  Pointer.fromFunction<Void Function(EmptyStruct)>(//# 1104: compile-time error
                                     ^^^^^^^^^^^
../../tests/ffi/vmspecific_static_checks_test.dart:569:37: Error: Can't use 'EmptyStruct' because it is declared more than once.
EmptyStruct _returnEmptyStruct() => EmptyStruct(); //# 1105: compile-time error
                                    ^
../../tests/ffi/vmspecific_static_checks_test.dart:572:24: Error: Can't use 'EmptyStruct' because it is declared more than once.
  Pointer.fromFunction<EmptyStruct Function()>(//# 1105: compile-time error
                       ^^^^^^^^^^^
../../tests/ffi/vmspecific_static_checks_test.dart:579:12: Error: Can't use 'EmptyStruct' because it is declared more than once.
  external EmptyStruct nestedEmptyStruct; //# 1106: compile-time error
           ^^^^^^^^^^^
../../tests/ffi/vmspecific_static_checks_test.dart:638:31: Error: The method 'elementAt' isn't defined for the class 'Pointer<T>'.
 - 'Pointer' is from 'dart:ffi'.
Try correcting the name to the name of an existing method, or defining a method named 'elementAt'.
    returnValue = returnValue.elementAt(1); //# 1310: compile-time error
                              ^^^^^^^^^
../../tests/ffi/vmspecific_static_checks_test.dart:652:6: Error: The method 'elementAt' isn't defined for the class 'Pointer<NativeType>'.
 - 'Pointer' is from 'dart:ffi'.
 - 'NativeType' is from 'dart:ffi'.
Try correcting the name to the name of an existing method, or defining a method named 'elementAt'.
  p2.elementAt(1); //# 1311: compile-time error
     ^^^^^^^^^
../../tests/ffi/vmspecific_static_checks_test.dart:446:7: Error: The superclass, 'Pointer', has no unnamed constructor that takes no arguments.
class EPointer extends Pointer {} //# 914: compile-time error
      ^
../../tests/ffi/vmspecific_static_checks_test.dart:337:19: Error: Field 'y' requires exactly one annotation to declare its native type, which cannot be Void. dart:ffi Structs and Unions cannot have regular Dart fields.
  external double y; //# 50: compile-time error
                  ^
../../tests/ffi/vmspecific_static_checks_test.dart:347:19: Error: Field 'z' requires exactly one annotation to declare its native type, which cannot be Void. dart:ffi Structs and Unions cannot have regular Dart fields.
  external double z;
                  ^
../../tests/ffi/vmspecific_static_checks_test.dart:353:19: Error: Expected type 'double' to be 'int', which is the Dart type corresponding to 'Int64'.
 - 'Int64' is from 'dart:ffi'.
  external double z; //# 54: compile-time error
                  ^
../../tests/ffi/vmspecific_static_checks_test.dart:361:19: Error: Field 'z' requires exactly one annotation to declare its native type, which cannot be Void. dart:ffi Structs and Unions cannot have regular Dart fields.
  external double z; //# 55: compile-time error
                  ^
../../tests/ffi/vmspecific_static_checks_test.dart:369:19: Error: Field 'z' requires exactly one annotation to declare its native type, which cannot be Void. dart:ffi Structs and Unions cannot have regular Dart fields.
  external double z; //# 56: compile-time error
                  ^
../../tests/ffi/vmspecific_static_checks_test.dart:377:10: Error: Field 'z' is a dart:ffi Pointer to a struct field and therefore cannot be initialized before constructor execution.
Mark the field as external to avoid having to initialize it.
  double z = 10.0; //# 57: compile-time error
         ^
../../tests/ffi/vmspecific_static_checks_test.dart:389:21: Error: Field 'z' is a dart:ffi Pointer to a struct field and therefore cannot be initialized before constructor execution.
Mark the field as external to avoid having to initialize it.
  TestStruct9() : z = 0.0 {} //# 58: compile-time error
                    ^
../../tests/ffi/vmspecific_static_checks_test.dart:385:10: Error: Field 'z' is a dart:ffi Pointer to a struct field and therefore cannot be initialized before constructor execution.
Mark the field as external to avoid having to initialize it.
  double z; //# 58: compile-time error
         ^
../../tests/ffi/vmspecific_static_checks_test.dart:436:7: Error: Classes extending 'AbiSpecificInteger' must have exactly one 'AbiSpecificIntegerMapping' annotation specifying the mapping from ABI to a NativeType integer with a fixed size.
class EIntPtr extends IntPtr {} //# 99: compile-time error
      ^
../../tests/ffi/vmspecific_static_checks_test.dart:436:7: Error: Classes extending 'AbiSpecificInteger' must have exactly one const constructor, no other members, and no type arguments.
class EIntPtr extends IntPtr {} //# 99: compile-time error
      ^
../../tests/ffi/vmspecific_static_checks_test.dart:508:19: Error: Field 'handle' requires exactly one annotation to declare its native type, which cannot be Void. dart:ffi Structs and Unions cannot have regular Dart fields.
  external Handle handle; //# 1001: compile-time error
                  ^
../../tests/ffi/vmspecific_static_checks_test.dart:515:19: Error: Field 'handle' requires exactly one annotation to declare its native type, which cannot be Void. dart:ffi Structs and Unions cannot have regular Dart fields.
  external Object handle; //# 1002: compile-time error
                  ^
../../tests/ffi/vmspecific_static_checks_test.dart:579:24: Error: Field 'nestedEmptyStruct' requires exactly one annotation to declare its native type, which cannot be Void. dart:ffi Structs and Unions cannot have regular Dart fields.
  external EmptyStruct nestedEmptyStruct; //# 1106: compile-time error
                       ^
../../tests/ffi/vmspecific_static_checks_test.dart:659:25: Error: Field 'a0' must have exactly one 'Array' annotation.
  external Array<Uint8> a0;
                        ^
../../tests/ffi/vmspecific_static_checks_test.dart:663:25: Error: Field 'a0' must have exactly one 'Array' annotation.
  external Array<Uint8> a0; //# 1401: compile-time error
                        ^
../../tests/ffi/vmspecific_static_checks_test.dart:670:32: Error: Field 'a0' must have an 'Array' annotation that matches the dimensions.
  external Array<Array<Uint8>> a0; //# 1402: compile-time error
                               ^
../../tests/ffi/vmspecific_static_checks_test.dart:677:39: Error: Field 'a0' must have an 'Array' annotation that matches the dimensions.
  external Array<Array<Array<Uint8>>> a0; //# 1403: compile-time error
                                      ^
../../tests/ffi/vmspecific_static_checks_test.dart:684:32: Error: Field 'a0' must have an 'Array' annotation that matches the dimensions.
  external Array<Array<Uint8>> a0; //# 1404: compile-time error
                               ^
../../tests/ffi/vmspecific_static_checks_test.dart:691:39: Error: Field 'a0' must have an 'Array' annotation that matches the dimensions.
  external Array<Array<Array<Uint8>>> a0; //# 1405: compile-time error
                                      ^
../../tests/ffi/vmspecific_static_checks_test.dart:752:13: Error: Struct 'TestStruct1601' must have at most one 'Packed' annotation.
final class TestStruct1601 extends Struct {
            ^
../../tests/ffi/vmspecific_static_checks_test.dart:757:13: Error: Only packing to 1, 2, 4, 8, and 16 bytes is supported.
final class TestStruct1602 extends Struct {
            ^
../../tests/ffi/vmspecific_static_checks_test.dart:762:13: Error: Only packing to 1, 2, 4, 8, and 16 bytes is supported.
final class TestStruct1607 extends Struct {
            ^
../../tests/ffi/vmspecific_static_checks_test.dart:770:25: Error: Array dimensions must be positive numbers.
  external Array<Uint8> inlineArray; //# 1800: compile-time error
                        ^
../../tests/ffi/vmspecific_static_checks_test.dart:777:25: Error: Field 'inlineArray' must have an 'Array' annotation that matches the dimensions.
  external Array<Uint8> inlineArray; //# 1801: compile-time error
                        ^
../../tests/ffi/vmspecific_static_checks_test.dart:777:25: Error: Array dimensions must be positive numbers.
  external Array<Uint8> inlineArray; //# 1801: compile-time error
                        ^
../../tests/ffi/vmspecific_static_checks_test.dart:784:25: Error: Field 'inlineArray' must have an 'Array' annotation that matches the dimensions.
  external Array<Uint8> inlineArray; //# 1802: compile-time error
                        ^
../../tests/ffi/vmspecific_static_checks_test.dart:784:25: Error: Array dimensions must be positive numbers.
  external Array<Uint8> inlineArray; //# 1802: compile-time error
                        ^
../../tests/ffi/vmspecific_static_checks_test.dart:793:13: Error: Classes extending 'AbiSpecificInteger' must have exactly one 'AbiSpecificIntegerMapping' annotation specifying the mapping from ABI to a NativeType integer with a fixed size.
final class AbiSpecificInteger1 extends AbiSpecificInteger {
            ^
../../tests/ffi/vmspecific_static_checks_test.dart:793:13: Error: Classes extending 'AbiSpecificInteger' must have exactly one const constructor, no other members, and no type arguments.
final class AbiSpecificInteger1 extends AbiSpecificInteger {
            ^
../../tests/ffi/vmspecific_static_checks_test.dart:807:7: Error: Classes extending 'AbiSpecificInteger' must have exactly one 'AbiSpecificIntegerMapping' annotation specifying the mapping from ABI to a NativeType integer with a fixed size.
class AbiSpecificInteger3
      ^
../../tests/ffi/vmspecific_static_checks_test.dart:819:13: Error: Struct 'MyFinalizableStruct' can't implement Finalizable.
Try removing the implements clause from 'MyFinalizableStruct'.
final class MyFinalizableStruct extends Struct
            ^
../../tests/ffi/vmspecific_static_checks_test.dart:520:13: Error: Struct 'EmptyStruct' is empty. Empty structs and unions are undefined behavior.
final class EmptyStruct extends Struct {} //# 1099: compile-time error
            ^
../../tests/ffi/vmspecific_static_checks_test.dart:522:13: Error: Struct 'EmptyStruct#1#0' is empty. Empty structs and unions are undefined behavior.
final class EmptyStruct extends Struct {} //# 1100: compile-time error
            ^
../../tests/ffi/vmspecific_static_checks_test.dart:530:13: Error: Struct 'EmptyStruct#2#0' is empty. Empty structs and unions are undefined behavior.
final class EmptyStruct extends Struct {} //# 1101: compile-time error
            ^
../../tests/ffi/vmspecific_static_checks_test.dart:538:13: Error: Struct 'EmptyStruct#3#0' is empty. Empty structs and unions are undefined behavior.
final class EmptyStruct extends Struct {} //# 1102: compile-time error
            ^
../../tests/ffi/vmspecific_static_checks_test.dart:548:13: Error: Struct 'EmptyStruct#4#0' is empty. Empty structs and unions are undefined behavior.
final class EmptyStruct extends Struct {} //# 1103: compile-time error
            ^
../../tests/ffi/vmspecific_static_checks_test.dart:557:13: Error: Struct 'EmptyStruct#5#0' is empty. Empty structs and unions are undefined behavior.
final class EmptyStruct extends Struct {} //# 1104: compile-time error
            ^
../../tests/ffi/vmspecific_static_checks_test.dart:567:13: Error: Struct 'EmptyStruct#6#0' is empty. Empty structs and unions are undefined behavior.
final class EmptyStruct extends Struct {} //# 1105: compile-time error
            ^
../../tests/ffi/vmspecific_static_checks_test.dart:576:13: Error: Struct 'EmptyStruct#7#0' is empty. Empty structs and unions are undefined behavior.
final class EmptyStruct extends Struct {} //# 1106: compile-time error
            ^
../../tests/ffi/vmspecific_static_checks_test.dart:341:7: Error: TestStruct 'TestStruct3' is empty. Empty structs and unions are undefined behavior.
class TestStruct3 extends TestStruct {} //# 52: compile-time error
      ^
../../tests/ffi/vmspecific_static_checks_test.dart:341:7: Error: Class 'TestStruct' cannot be extended or implemented.
class TestStruct3 extends TestStruct {} //# 52: compile-time error
      ^
../../tests/ffi/vmspecific_static_checks_test.dart:436:7: Error: Class 'IntPtr' cannot be extended or implemented.
class EIntPtr extends IntPtr {} //# 99: compile-time error
      ^
../../tests/ffi/vmspecific_static_checks_test.dart:470:7: Error: Class 'Object' cannot be extended or implemented.
class IIntPtr implements IntPtr {} //# 88: compile-time error
      ^
../../tests/ffi/vmspecific_static_checks_test.dart:484:7: Error: Class 'Object' cannot be extended or implemented.
class IStruct implements Struct {} //# 815: compile-time error
      ^
../../tests/ffi/vmspecific_static_checks_test.dart:486:7: Error: Class 'Object' cannot be extended or implemented.
class IOpaque implements Opaque {} //# 816: compile-time error
      ^
../../tests/ffi/vmspecific_static_checks_test.dart:801:7: Error: Class 'Object' cannot be extended or implemented.
class AbiSpecificInteger2
      ^
../../tests/ffi/vmspecific_static_checks_test.dart:807:7: Error: Class 'AbiSpecificInteger1' cannot be extended or implemented.
class AbiSpecificInteger3
      ^
../../tests/ffi/vmspecific_static_checks_test.dart:813:7: Error: Class 'Object' cannot be extended or implemented.
class AbiSpecificInteger4
      ^
../../tests/ffi/vmspecific_static_checks_test.dart:188:11: Error: Expected type 'T' to be 'int Function(int)', which is the Dart type corresponding to 'NativeFunction<Int8 Function(Int8)>'.
 - 'NativeFunction' is from 'dart:ffi'.
 - 'Int8' is from 'dart:ffi'.
    f = p.asFunction<T>(); //# 11: compile-time error
          ^
../../tests/ffi/vmspecific_static_checks_test.dart:198:11: Error: Expected type 'NativeFunction<Function>' to be a valid and instantiated subtype of 'NativeType'.
 - 'NativeFunction' is from 'dart:ffi'.
 - 'Function' is from 'dart:core'.
    f = p.asFunction<IntUnOp>(); //# 12: compile-time error
          ^
../../tests/ffi/vmspecific_static_checks_test.dart:208:18: Error: Expected type 'NativeFunction<int Function(int)>' to be a valid and instantiated subtype of 'NativeType'.
 - 'NativeFunction' is from 'dart:ffi'.
  Function f = p.asFunction<IntUnOp>(); //# 13: compile-time error
                 ^
../../tests/ffi/vmspecific_static_checks_test.dart:215:18: Error: Expected type 'int Function(int, int)' to be 'int Function(int)', which is the Dart type corresponding to 'NativeFunction<Int8 Function(Int8)>'.
 - 'NativeFunction' is from 'dart:ffi'.
 - 'Int8' is from 'dart:ffi'.
  IntBinOp f = p.asFunction(); //# 14: compile-time error
                 ^
../../tests/ffi/vmspecific_static_checks_test.dart:228:35: Error: fromFunction expects a static function as parameter. dart:ffi only supports calling static Dart functions from native code. Closures and tear-offs are not supported because they can capture context.
    result = Pointer.fromFunction(f); //# 70: compile-time error
                                  ^
../../tests/ffi/vmspecific_static_checks_test.dart:238:22: Error: Expected type 'NativeFunction<T>' to be a valid and instantiated subtype of 'NativeType'.
 - 'NativeFunction' is from 'dart:ffi'.
    result = Pointer.fromFunction(myTimesThree); //# 71: compile-time error
                     ^
../../tests/ffi/vmspecific_static_checks_test.dart:246:11: Error: Expected type 'NativeFunction<int Function(int)>' to be a valid and instantiated subtype of 'NativeType'.
 - 'NativeFunction' is from 'dart:ffi'.
  Pointer.fromFunction<IntUnOp>(myTimesFour); //# 72: compile-time error
          ^
../../tests/ffi/vmspecific_static_checks_test.dart:251:15: Error: Expected type 'int Function(int)' to be 'double Function(double)', which is the Dart type corresponding to 'NativeFunction<Double Function(Double)>'.
 - 'NativeFunction' is from 'dart:ffi'.
 - 'Double' is from 'dart:ffi'.
  p = Pointer.fromFunction(myTimesFour); //# 73: compile-time error
              ^
../../tests/ffi/vmspecific_static_checks_test.dart:257:28: Error: fromFunction expects a static function as parameter. dart:ffi only supports calling static Dart functions from native code. Closures and tear-offs are not supported because they can capture context.
  p = Pointer.fromFunction(someClosure); //# 74: compile-time error
                           ^
../../tests/ffi/vmspecific_static_checks_test.dart:267:28: Error: fromFunction expects a static function as parameter. dart:ffi only supports calling static Dart functions from native code. Closures and tear-offs are not supported because they can capture context.
  p = Pointer.fromFunction(fld); //# 75: compile-time error
                           ^
../../tests/ffi/vmspecific_static_checks_test.dart:271:11: Error: Expected type 'NativeFunction<Function>' to be a valid and instantiated subtype of 'NativeType'.
 - 'NativeFunction' is from 'dart:ffi'.
 - 'Function' is from 'dart:core'.
  Pointer.fromFunction<Function>(//# 76: compile-time error
          ^
../../tests/ffi/vmspecific_static_checks_test.dart:278:15: Error: Exceptional return value must be a constant.
  p = Pointer.fromFunction(myTimesThree, notAConst); //# 77: compile-time error
              ^
../../tests/ffi/vmspecific_static_checks_test.dart:285:16: Error: Expected type 'NativeFunction<T>' to be a valid and instantiated subtype of 'NativeType'.
 - 'NativeFunction' is from 'dart:ffi'.
    result = l.lookupFunction<T, DoubleUnOp>("cos"); //# 15: compile-time error
               ^
../../tests/ffi/vmspecific_static_checks_test.dart:297:11: Error: Expected type 'T' to be 'double Function(double)', which is the Dart type corresponding to 'NativeFunction<Double Function(Double)>'.
 - 'NativeFunction' is from 'dart:ffi'.
 - 'Double' is from 'dart:ffi'.
        l.lookupFunction<NativeDoubleUnOp, T>("cos"); //# 16: compile-time error
          ^
../../tests/ffi/vmspecific_static_checks_test.dart:306:5: Error: Expected type 'NativeFunction<int Function(int)>' to be a valid and instantiated subtype of 'NativeType'.
 - 'NativeFunction' is from 'dart:ffi'.
  l.lookupFunction<IntUnOp, IntUnOp>("cos"); //# 17: compile-time error
    ^
../../tests/ffi/vmspecific_static_checks_test.dart:311:5: Error: Expected type 'int Function(int)' to be 'double Function(double)', which is the Dart type corresponding to 'NativeFunction<Double Function(Double)>'.
 - 'NativeFunction' is from 'dart:ffi'.
 - 'Double' is from 'dart:ffi'.
  l.lookupFunction<NativeDoubleUnOp, IntUnOp>("cos"); //# 18: compile-time error
    ^
../../tests/ffi/vmspecific_static_checks_test.dart:502:15: Error: Expected type 'MyClass Function(Object)' to be 'Object Function(Object)', which is the Dart type corresponding to 'NativeFunction<Handle Function(Handle)>'.
 - 'MyClass' is from '../../tests/ffi/vmspecific_static_checks_test.dart'.
 - 'Object' is from 'dart:core'.
 - 'NativeFunction' is from 'dart:ffi'.
 - 'Handle' is from 'dart:ffi'.
  testLibrary.lookupFunction< //# 1000: compile-time error
              ^
../../tests/ffi/vmspecific_static_checks_test.dart:525:15: Error: Expected type 'NativeFunction<Void Function(invalid-type)>' to be a valid and instantiated subtype of 'NativeType'.
 - 'NativeFunction' is from 'dart:ffi'.
 - 'Void' is from 'dart:ffi'.
  testLibrary.lookupFunction< //# 1100: compile-time error
              ^
../../tests/ffi/vmspecific_static_checks_test.dart:533:15: Error: Expected type 'NativeFunction<invalid-type Function()>' to be a valid and instantiated subtype of 'NativeType'.
 - 'NativeFunction' is from 'dart:ffi'.
  testLibrary.lookupFunction< //# 1101: compile-time error
              ^
../../tests/ffi/vmspecific_static_checks_test.dart:545:11: Error: Expected type 'NativeFunction<Void Function(invalid-type)>' to be a valid and instantiated subtype of 'NativeType'.
 - 'NativeFunction' is from 'dart:ffi'.
 - 'Void' is from 'dart:ffi'.
  pointer.asFunction<void Function(EmptyStruct)>(); //# 1102: compile-time error
          ^
../../tests/ffi/vmspecific_static_checks_test.dart:554:11: Error: Expected type 'NativeFunction<invalid-type Function()>' to be a valid and instantiated subtype of 'NativeType'.
 - 'NativeFunction' is from 'dart:ffi'.
  pointer.asFunction<EmptyStruct Function()>(); //# 1103: compile-time error
          ^
../../tests/ffi/vmspecific_static_checks_test.dart:563:11: Error: Expected type 'NativeFunction<Void Function(invalid-type)>' to be a valid and instantiated subtype of 'NativeType'.
 - 'NativeFunction' is from 'dart:ffi'.
 - 'Void' is from 'dart:ffi'.
  Pointer.fromFunction<Void Function(EmptyStruct)>(//# 1104: compile-time error
          ^
../../tests/ffi/vmspecific_static_checks_test.dart:572:11: Error: Expected type 'NativeFunction<invalid-type Function()>' to be a valid and instantiated subtype of 'NativeType'.
 - 'NativeFunction' is from 'dart:ffi'.
  Pointer.fromFunction<EmptyStruct Function()>(//# 1105: compile-time error
          ^
../../tests/ffi/vmspecific_static_checks_test.dart:587:21: Error: Expected type 'T' to be a valid and instantiated subtype of 'NativeType'.
    pointer = calloc(); //# 1320: compile-time error
                    ^
../../tests/ffi/vmspecific_static_checks_test.dart:595:9: Error: Expected type 'NativeType' to be a valid and instantiated subtype of 'NativeType'.
 - 'NativeType' is from 'dart:ffi'.
  calloc(); //# 1321: compile-time error
        ^
../../tests/ffi/vmspecific_static_checks_test.dart:601:17: Error: Expected type 'Struct' to be a valid and instantiated subtype of 'NativeType'.
 - 'Struct' is from 'dart:ffi'.
  structPointer.ref; //# 1330: compile-time error
                ^
../../tests/ffi/vmspecific_static_checks_test.dart:606:7: Error: Expected type 'T' to be a valid and instantiated subtype of 'NativeType'.
    p.ref; //# 1200: compile-time error
      ^
../../tests/ffi/vmspecific_static_checks_test.dart:609:17: Error: Expected type 'T' to be a valid and instantiated subtype of 'NativeType'.
    p.cast<T>().ref; //# 1201: compile-time error
                ^
../../tests/ffi/vmspecific_static_checks_test.dart:612:6: Error: Expected type 'T' to be a valid and instantiated subtype of 'NativeType'.
    p[0]; //# 1202: compile-time error
     ^
../../tests/ffi/vmspecific_static_checks_test.dart:615:6: Error: Expected type 'T' to be a valid and instantiated subtype of 'NativeType'.
    p[0]; //# 1210: compile-time error
     ^
../../tests/ffi/vmspecific_static_checks_test.dart:620:12: Error: Expected type 'T' to be a valid and instantiated subtype of 'NativeType'.
    size = sizeOf<T>(); //# 1300: compile-time error
           ^
../../tests/ffi/vmspecific_static_checks_test.dart:628:3: Error: Expected type 'NativeType' to be a valid and instantiated subtype of 'NativeType'.
 - 'NativeType' is from 'dart:ffi'.
  sizeOf(); //# 1301: compile-time error
  ^
../../tests/ffi/vmspecific_static_checks_test.dart:632:3: Error: Expected type 'Handle' to be a valid and instantiated subtype of 'NativeType'.
 - 'Handle' is from 'dart:ffi'.
  sizeOf<Handle>(); //# 1302: compile-time error
  ^
../../tests/ffi/vmspecific_static_checks_test.dart:699:5: Error: Argument 'isLeaf' must be a constant.
  l.lookupFunction< //# 1500: compile-time error
    ^
../../tests/ffi/vmspecific_static_checks_test.dart:708:17: Error: Argument 'isLeaf' must be a constant.
  IntUnOp f = p.asFunction(isLeaf: notAConst); //# 1501: compile-time error
                ^
../../tests/ffi/vmspecific_static_checks_test.dart:716:5: Error: FFI leaf call must not have Handle argument types.
  l.lookupFunction< //# 1502: compile-time error
    ^
../../tests/ffi/vmspecific_static_checks_test.dart:725:21: Error: FFI leaf call must not have Handle argument types.
  TakesHandle f = p.asFunction(isLeaf: true); //# 1503: compile-time error
                    ^
../../tests/ffi/vmspecific_static_checks_test.dart:733:5: Error: FFI leaf call must not have Handle return type.
  l.lookupFunction< //# 1504: compile-time error
    ^
../../tests/ffi/vmspecific_static_checks_test.dart:742:23: Error: FFI leaf call must not have Handle return type.
  ReturnsHandle f = p.asFunction(isLeaf: true); //# 1505: compile-time error
                      ^
../../tests/ffi/vmspecific_static_checks_test.dart:828:8: Error: Expected type 'void Function()' to be 'Object Function()', which is the Dart type corresponding to 'NativeFunction<Handle Function()>'.
 - 'Object' is from 'dart:core'.
 - 'NativeFunction' is from 'dart:ffi'.
 - 'Handle' is from 'dart:ffi'.
      .lookupFunction< //# 49471: compile-time error
       ^
Error: AOT compilation failed
Generating AOT kernel dill failed!

Compile Failed: tests/ffi/vmspecific_static_checks_test.dart
Compiling tests/ffi/vmspecific_static_checks_varargs_test.dart

Info: Compiling with sound null safety.
../../tests/ffi/vmspecific_static_checks_varargs_test.dart:26:26: Error: Expected type 'NativeFunction<Void Function(Pointer<Utf8>, VarArgs<(Int32, Int32, {Int32 foo})>)>' to be a valid and instantiated subtype of 'NativeType'.
 - 'NativeFunction' is from 'dart:ffi'.
 - 'Void' is from 'dart:ffi'.
 - 'Pointer' is from 'dart:ffi'.
 - 'Utf8' is from 'package:ffi/src/utf8.dart' ('../../third_party/pkg/ffi/lib/src/utf8.dart').
 - 'VarArgs' is from 'dart:ffi'.
 - 'Int32' is from 'dart:ffi'.
  print(ffiTestFunctions.lookupFunction< //# 1: compile-time error
                         ^
../../tests/ffi/vmspecific_static_checks_varargs_test.dart:31:26: Error: Expected type 'NativeFunction<Void Function(Pointer<Utf8>, VarArgs<(Int32, Int32)>, Int32)>' to be a valid and instantiated subtype of 'NativeType'.
 - 'NativeFunction' is from 'dart:ffi'.
 - 'Void' is from 'dart:ffi'.
 - 'Pointer' is from 'dart:ffi'.
 - 'Utf8' is from 'package:ffi/src/utf8.dart' ('../../third_party/pkg/ffi/lib/src/utf8.dart').
 - 'VarArgs' is from 'dart:ffi'.
 - 'Int32' is from 'dart:ffi'.
  print(ffiTestFunctions.lookupFunction< //# 2: compile-time error
                         ^
Error: AOT compilation failed
Generating AOT kernel dill failed!

Compile Failed: tests/ffi/vmspecific_static_checks_varargs_test.dart
Compiling tests/ffi/vmspecific_variance_function_checks_test.dart

Info: Compiling with sound null safety.
../../tests/ffi/vmspecific_variance_function_checks_test.dart:29:19: Error: 'NaTyPointerParamOpDart' isn't a type.
    p1.asFunction<NaTyPointerParamOpDart>(); //# 1:  continued
                  ^^^^^^^^^^^^^^^^^^^^^^
../../tests/ffi/vmspecific_variance_function_checks_test.dart:34:8: Error: Expected type 'Pointer<Int64> Function()' to be 'Pointer<NativeType> Function()', which is the Dart type corresponding to 'NativeFunction<Pointer<NativeType> Function()>'.
 - 'Pointer' is from 'dart:ffi'.
 - 'Int64' is from 'dart:ffi'.
 - 'NativeType' is from 'dart:ffi'.
 - 'NativeFunction' is from 'dart:ffi'.
    p2.asFunction<Int64PointerReturnOp>(); //# 2:  continued
       ^
../../tests/ffi/vmspecific_variance_function_checks_test.dart:41:6: Error: Expected type 'Pointer<NativeFunction<Pointer<Int8> Function()>> Function()' to be 'Pointer<NativeFunction<Pointer<NativeType> Function()>> Function()', which is the Dart type corresponding to 'NativeFunction<Pointer<NativeFunction<Pointer<NativeType> Function()>> Function()>'.
 - 'Pointer' is from 'dart:ffi'.
 - 'NativeFunction' is from 'dart:ffi'.
 - 'Int8' is from 'dart:ffi'.
 - 'NativeType' is from 'dart:ffi'.
    .asFunction< //# 10:  continued
     ^
../../tests/ffi/vmspecific_variance_function_checks_test.dart:61:13: Error: Expected type 'void Function(Pointer<NativeType>)' to be 'void Function(Pointer<Int64>)', which is the Dart type corresponding to 'NativeFunction<Void Function(Pointer<Int64>)>'.
 - 'Pointer' is from 'dart:ffi'.
 - 'NativeType' is from 'dart:ffi'.
 - 'Int64' is from 'dart:ffi'.
 - 'NativeFunction' is from 'dart:ffi'.
 - 'Void' is from 'dart:ffi'.
    Pointer.fromFunction<Int64PointerParamOp>(//# 3:  continued
            ^
../../tests/ffi/vmspecific_variance_function_checks_test.dart:64:13: Error: Expected type 'Pointer<Int64> Function()' to be 'Pointer<NativeType> Function()', which is the Dart type corresponding to 'NativeFunction<Pointer<NativeType> Function()>'.
 - 'Pointer' is from 'dart:ffi'.
 - 'Int64' is from 'dart:ffi'.
 - 'NativeType' is from 'dart:ffi'.
 - 'NativeFunction' is from 'dart:ffi'.
    Pointer.fromFunction<NaTyPointerReturnOp>(//# 4:  continued
            ^
Error: AOT compilation failed
Generating AOT kernel dill failed!

Compile Failed: tests/ffi/vmspecific_variance_function_checks_test.dart
